<?xml version="1.0" encoding="utf-8"?><testsuites name="pytest tests"><testsuite name="pytest" errors="0" failures="0" skipped="0" tests="9" time="7.513" timestamp="2026-02-26T12:05:19.632583+00:00" hostname="agent-env-cded680d-09b4-4482-a0b0-47020b60e246"><testcase classname="backend.tests.test_add_income_refactor.TestTypeSynonymFiltering" name="test_self_employed_returns_freelance_income" time="1.637" /><testcase classname="backend.tests.test_add_income_refactor.TestTypeSynonymFiltering" name="test_job_returns_salary_income" time="1.024" /><testcase classname="backend.tests.test_add_income_refactor.TestSelfEmployedIncomeEditing" name="test_get_self_employed_income_by_id" time="0.779" /><testcase classname="backend.tests.test_add_income_refactor.TestSelfEmployedIncomeEditing" name="test_self_employed_income_has_required_fields" time="0.773" /><testcase classname="backend.tests.test_add_income_refactor.TestIncomeListSummary" name="test_income_list_summary_no_filter" time="1.014" /><testcase classname="backend.tests.test_add_income_refactor.TestIncomeListSummary" name="test_business_type_filter" time="1.015" /><testcase classname="backend.tests.test_add_income_refactor.TestIncomeListSummary" name="test_income_summary_has_income_type_field" time="1.018" /><testcase classname="backend.tests.test_add_income_refactor.TestHealthAndAuth" name="test_login_with_username" time="0.001" /><testcase classname="backend.tests.test_add_income_refactor.TestHealthAndAuth" name="test_income_api_requires_auth" time="0.168" /></testsuite></testsuites>