<?xml version="1.0" encoding="utf-8"?><testsuites name="pytest tests"><testsuite name="pytest" errors="0" failures="0" skipped="0" tests="19" time="39.852" timestamp="2026-03-01T06:54:23.918145+00:00" hostname="agent-env-83b774f1-1db7-4756-ae47-022413b2f116"><testcase classname="backend.tests.test_admin_segmentation.TestAdminSegmentationLab" name="test_segmentation_endpoint_returns_proper_structure" time="11.905" /><testcase classname="backend.tests.test_admin_segmentation.TestAdminSegmentationLab" name="test_segmentation_returns_user_data" time="1.846" /><testcase classname="backend.tests.test_admin_segmentation.TestAdminSegmentationLab" name="test_segmentation_has_rahul_sharma" time="1.826" /><testcase classname="backend.tests.test_admin_segmentation.TestAdminSegmentationLab" name="test_filter_by_gender_male" time="1.827" /><testcase classname="backend.tests.test_admin_segmentation.TestAdminSegmentationLab" name="test_filter_by_risk_level_critical" time="1.864" /><testcase classname="backend.tests.test_admin_segmentation.TestAdminSegmentationLab" name="test_filter_by_city_mumbai" time="1.816" /><testcase classname="backend.tests.test_admin_segmentation.TestAdminSegmentationLab" name="test_filter_by_occupation" time="1.875" /><testcase classname="backend.tests.test_admin_segmentation.TestAdminSegmentationLab" name="test_age_range_filter" time="1.832" /><testcase classname="backend.tests.test_admin_segmentation.TestAdminSegmentationLab" name="test_income_range_filter" time="1.820" /><testcase classname="backend.tests.test_admin_segmentation.TestAdminSegmentationLab" name="test_safety_days_range_filter" time="1.825" /><testcase classname="backend.tests.test_admin_segmentation.TestAdminSegmentationLab" name="test_health_score_range_filter" time="1.843" /><testcase classname="backend.tests.test_admin_segmentation.TestAdminSegmentationLab" name="test_wealth_percentage_filter" time="1.838" /><testcase classname="backend.tests.test_admin_segmentation.TestAdminSegmentationLab" name="test_emi_max_filter" time="1.814" /><testcase classname="backend.tests.test_admin_segmentation.TestAdminSegmentationLab" name="test_pagination_works" time="1.837" /><testcase classname="backend.tests.test_admin_segmentation.TestAdminSegmentationLab" name="test_combined_filters" time="1.811" /><testcase classname="backend.tests.test_admin_segmentation.TestAdminSegmentationLab" name="test_summary_metrics_correct" time="1.850" /><testcase classname="backend.tests.test_admin_segmentation.TestAdminSegmentationAuth" name="test_segmentation_requires_auth" time="0.132" /><testcase classname="backend.tests.test_admin_segmentation.TestAdminSegmentationAuth" name="test_admin_login_works" time="0.096" /><testcase classname="backend.tests.test_admin_segmentation.TestAdminSegmentationAuth" name="test_admin_login_fails_with_wrong_password" time="0.107" /></testsuite></testsuites>