<?xml version="1.0" encoding="utf-8"?><testsuites name="pytest tests"><testsuite name="pytest" errors="0" failures="0" skipped="0" tests="17" time="21.882" timestamp="2026-03-01T06:43:12.094515+00:00" hostname="agent-env-e36871db-ec12-432b-92b0-6e962ae20532"><testcase classname="backend.tests.test_admin_phase2_events.TestEventTracking" name="test_track_event_page_view" time="8.265" /><testcase classname="backend.tests.test_admin_phase2_events.TestEventTracking" name="test_track_event_with_metadata" time="1.745" /><testcase classname="backend.tests.test_admin_phase2_events.TestEventTracking" name="test_track_event_anonymous_user" time="0.305" /><testcase classname="backend.tests.test_admin_phase2_events.TestSessionTracking" name="test_session_start" time="0.290" /><testcase classname="backend.tests.test_admin_phase2_events.TestSessionTracking" name="test_session_page_tracking" time="0.586" /><testcase classname="backend.tests.test_admin_phase2_events.TestSessionTracking" name="test_session_end" time="0.860" /><testcase classname="backend.tests.test_admin_phase2_events.TestAdminLogin" name="test_admin_login_valid" time="0.055" /><testcase classname="backend.tests.test_admin_phase2_events.TestAdminLogin" name="test_admin_login_invalid" time="0.057" /><testcase classname="backend.tests.test_admin_phase2_events.TestEngagementAnalytics" name="test_engagement_endpoint_exists" time="0.583" /><testcase classname="backend.tests.test_admin_phase2_events.TestEngagementAnalytics" name="test_engagement_heatmap_structure" time="0.528" /><testcase classname="backend.tests.test_admin_phase2_events.TestEngagementAnalytics" name="test_engagement_dow_chart_structure" time="0.530" /><testcase classname="backend.tests.test_admin_phase2_events.TestFeatureUsage" name="test_feature_usage_endpoint_exists" time="0.765" /><testcase classname="backend.tests.test_admin_phase2_events.TestFeatureUsage" name="test_feature_usage_funnel_stages" time="0.762" /><testcase classname="backend.tests.test_admin_phase2_events.TestFeatureUsage" name="test_feature_usage_page_table_structure" time="0.765" /><testcase classname="backend.tests.test_admin_phase2_events.TestPreviousAdminEndpoints" name="test_command_center_still_works" time="3.207" /><testcase classname="backend.tests.test_admin_phase2_events.TestPreviousAdminEndpoints" name="test_user_growth_still_works" time="1.009" /><testcase classname="backend.tests.test_admin_phase2_events.TestPreviousAdminEndpoints" name="test_risk_radar_still_works" time="1.483" /></testsuite></testsuites>