<?xml version="1.0" encoding="utf-8"?><testsuites name="pytest tests"><testsuite name="pytest" errors="0" failures="0" skipped="0" tests="16" time="25.581" timestamp="2026-03-01T06:20:38.356414+00:00" hostname="agent-env-e36871db-ec12-432b-92b0-6e962ae20532"><testcase classname="backend.tests.test_admin_panel_iter108.TestAdminLogin" name="test_admin_login_success" time="6.519" /><testcase classname="backend.tests.test_admin_panel_iter108.TestAdminLogin" name="test_admin_login_invalid_credentials" time="0.131" /><testcase classname="backend.tests.test_admin_panel_iter108.TestAdminLogin" name="test_admin_login_invalid_email" time="0.107" /><testcase classname="backend.tests.test_admin_panel_iter108.TestAdminLogin" name="test_admin_login_empty_credentials" time="0.095" /><testcase classname="backend.tests.test_admin_panel_iter108.TestAdminVerify" name="test_admin_verify_with_session" time="0.157" /><testcase classname="backend.tests.test_admin_panel_iter108.TestAdminVerify" name="test_admin_verify_without_session" time="0.143" /><testcase classname="backend.tests.test_admin_panel_iter108.TestAdminCommandCenter" name="test_command_center_returns_kpis" time="5.789" /><testcase classname="backend.tests.test_admin_panel_iter108.TestAdminCommandCenter" name="test_command_center_with_timezone" time="2.094" /><testcase classname="backend.tests.test_admin_panel_iter108.TestAdminCommandCenter" name="test_command_center_without_auth" time="0.135" /><testcase classname="backend.tests.test_admin_panel_iter108.TestAdminUserGrowth" name="test_user_growth_returns_registrations" time="1.125" /><testcase classname="backend.tests.test_admin_panel_iter108.TestAdminUserGrowth" name="test_user_growth_cohort_retention_structure" time="1.106" /><testcase classname="backend.tests.test_admin_panel_iter108.TestAdminUserGrowth" name="test_user_growth_without_auth" time="0.104" /><testcase classname="backend.tests.test_admin_panel_iter108.TestAdminRiskRadar" name="test_risk_radar_returns_buckets" time="1.599" /><testcase classname="backend.tests.test_admin_panel_iter108.TestAdminRiskRadar" name="test_risk_radar_drivers_structure" time="1.598" /><testcase classname="backend.tests.test_admin_panel_iter108.TestAdminRiskRadar" name="test_risk_radar_without_auth" time="0.135" /><testcase classname="backend.tests.test_admin_panel_iter108.TestAdminEndToEnd" name="test_full_admin_workflow" time="4.657" /></testsuite></testsuites>