<?xml version="1.0" encoding="utf-8"?><testsuites name="pytest tests"><testsuite name="pytest" errors="0" failures="0" skipped="9" tests="12" time="7.674" timestamp="2026-02-28T19:28:43.733400+00:00" hostname="agent-env-f5d7aeab-15b4-47b9-8d64-6e8dce4c36b5"><testcase classname="tests.test_admin_monthly_iter106.TestMonthlySummarySpentSoFar" name="test_monthly_summary_returns_spent_so_far" time="7.203"><skipped type="pytest.skip" message="Authentication failed: {&quot;detail&quot;:[{&quot;type&quot;:&quot;missing&quot;,&quot;loc&quot;:[&quot;body&quot;,&quot;username&quot;],&quot;msg&quot;:&quot;Field required&quot;,&quot;input&quot;:{&quot;email&quot;:&quot;test@moneyssutra.com&quot;,&quot;password&quot;:&quot;test&quot;},&quot;url&quot;:&quot;https://errors.pydantic.dev/2.12/v/missing&quot;}]}">/app/backend/tests/test_admin_monthly_iter106.py:45: Authentication failed: {"detail":[{"type":"missing","loc":["body","username"],"msg":"Field required","input":{"email":"test@moneyssutra.com","password":"test"},"url":"https://errors.pydantic.dev/2.12/v/missing"}]}</skipped></testcase><testcase classname="tests.test_admin_monthly_iter106.TestMonthlySummarySpentSoFar" name="test_monthly_summary_structure" time="0.000"><skipped type="pytest.skip" message="Authentication failed: {&quot;detail&quot;:[{&quot;type&quot;:&quot;missing&quot;,&quot;loc&quot;:[&quot;body&quot;,&quot;username&quot;],&quot;msg&quot;:&quot;Field required&quot;,&quot;input&quot;:{&quot;email&quot;:&quot;test@moneyssutra.com&quot;,&quot;password&quot;:&quot;test&quot;},&quot;url&quot;:&quot;https://errors.pydantic.dev/2.12/v/missing&quot;}]}">/app/backend/tests/test_admin_monthly_iter106.py:72: Authentication failed: {"detail":[{"type":"missing","loc":["body","username"],"msg":"Field required","input":{"email":"test@moneyssutra.com","password":"test"},"url":"https://errors.pydantic.dev/2.12/v/missing"}]}</skipped></testcase><testcase classname="tests.test_admin_monthly_iter106.TestMonthlySummarySpentSoFar" name="test_monthly_summary_requires_auth" time="0.134" /><testcase classname="tests.test_admin_monthly_iter106.TestAdminVerify" name="test_admin_verify_with_admin_email" time="0.000"><skipped type="pytest.skip" message="Authentication failed: {&quot;detail&quot;:[{&quot;type&quot;:&quot;missing&quot;,&quot;loc&quot;:[&quot;body&quot;,&quot;username&quot;],&quot;msg&quot;:&quot;Field required&quot;,&quot;input&quot;:{&quot;email&quot;:&quot;test@moneyssutra.com&quot;,&quot;password&quot;:&quot;test&quot;},&quot;url&quot;:&quot;https://errors.pydantic.dev/2.12/v/missing&quot;}]}">/app/backend/tests/test_admin_monthly_iter106.py:103: Authentication failed: {"detail":[{"type":"missing","loc":["body","username"],"msg":"Field required","input":{"email":"test@moneyssutra.com","password":"test"},"url":"https://errors.pydantic.dev/2.12/v/missing"}]}</skipped></testcase><testcase classname="tests.test_admin_monthly_iter106.TestAdminVerify" name="test_admin_verify_requires_auth" time="0.132" /><testcase classname="tests.test_admin_monthly_iter106.TestAdminCommandCenter" name="test_command_center_returns_kpis" time="0.000"><skipped type="pytest.skip" message="Authentication failed: {&quot;detail&quot;:[{&quot;type&quot;:&quot;missing&quot;,&quot;loc&quot;:[&quot;body&quot;,&quot;username&quot;],&quot;msg&quot;:&quot;Field required&quot;,&quot;input&quot;:{&quot;email&quot;:&quot;test@moneyssutra.com&quot;,&quot;password&quot;:&quot;test&quot;},&quot;url&quot;:&quot;https://errors.pydantic.dev/2.12/v/missing&quot;}]}">/app/backend/tests/test_admin_monthly_iter106.py:122: Authentication failed: {"detail":[{"type":"missing","loc":["body","username"],"msg":"Field required","input":{"email":"test@moneyssutra.com","password":"test"},"url":"https://errors.pydantic.dev/2.12/v/missing"}]}</skipped></testcase><testcase classname="tests.test_admin_monthly_iter106.TestAdminCommandCenter" name="test_command_center_risk_distribution_structure" time="0.000"><skipped type="pytest.skip" message="Authentication failed: {&quot;detail&quot;:[{&quot;type&quot;:&quot;missing&quot;,&quot;loc&quot;:[&quot;body&quot;,&quot;username&quot;],&quot;msg&quot;:&quot;Field required&quot;,&quot;input&quot;:{&quot;email&quot;:&quot;test@moneyssutra.com&quot;,&quot;password&quot;:&quot;test&quot;},&quot;url&quot;:&quot;https://errors.pydantic.dev/2.12/v/missing&quot;}]}">/app/backend/tests/test_admin_monthly_iter106.py:155: Authentication failed: {"detail":[{"type":"missing","loc":["body","username"],"msg":"Field required","input":{"email":"test@moneyssutra.com","password":"test"},"url":"https://errors.pydantic.dev/2.12/v/missing"}]}</skipped></testcase><testcase classname="tests.test_admin_monthly_iter106.TestAdminCommandCenter" name="test_command_center_user_metrics_structure" time="0.000"><skipped type="pytest.skip" message="Authentication failed: {&quot;detail&quot;:[{&quot;type&quot;:&quot;missing&quot;,&quot;loc&quot;:[&quot;body&quot;,&quot;username&quot;],&quot;msg&quot;:&quot;Field required&quot;,&quot;input&quot;:{&quot;email&quot;:&quot;test@moneyssutra.com&quot;,&quot;password&quot;:&quot;test&quot;},&quot;url&quot;:&quot;https://errors.pydantic.dev/2.12/v/missing&quot;}]}">/app/backend/tests/test_admin_monthly_iter106.py:172: Authentication failed: {"detail":[{"type":"missing","loc":["body","username"],"msg":"Field required","input":{"email":"test@moneyssutra.com","password":"test"},"url":"https://errors.pydantic.dev/2.12/v/missing"}]}</skipped></testcase><testcase classname="tests.test_admin_monthly_iter106.TestAdminRiskRadar" name="test_risk_radar_returns_buckets" time="0.000"><skipped type="pytest.skip" message="Authentication failed: {&quot;detail&quot;:[{&quot;type&quot;:&quot;missing&quot;,&quot;loc&quot;:[&quot;body&quot;,&quot;username&quot;],&quot;msg&quot;:&quot;Field required&quot;,&quot;input&quot;:{&quot;email&quot;:&quot;test@moneyssutra.com&quot;,&quot;password&quot;:&quot;test&quot;},&quot;url&quot;:&quot;https://errors.pydantic.dev/2.12/v/missing&quot;}]}">/app/backend/tests/test_admin_monthly_iter106.py:200: Authentication failed: {"detail":[{"type":"missing","loc":["body","username"],"msg":"Field required","input":{"email":"test@moneyssutra.com","password":"test"},"url":"https://errors.pydantic.dev/2.12/v/missing"}]}</skipped></testcase><testcase classname="tests.test_admin_monthly_iter106.TestAdminRiskRadar" name="test_risk_radar_drivers_structure" time="0.000"><skipped type="pytest.skip" message="Authentication failed: {&quot;detail&quot;:[{&quot;type&quot;:&quot;missing&quot;,&quot;loc&quot;:[&quot;body&quot;,&quot;username&quot;],&quot;msg&quot;:&quot;Field required&quot;,&quot;input&quot;:{&quot;email&quot;:&quot;test@moneyssutra.com&quot;,&quot;password&quot;:&quot;test&quot;},&quot;url&quot;:&quot;https://errors.pydantic.dev/2.12/v/missing&quot;}]}">/app/backend/tests/test_admin_monthly_iter106.py:227: Authentication failed: {"detail":[{"type":"missing","loc":["body","username"],"msg":"Field required","input":{"email":"test@moneyssutra.com","password":"test"},"url":"https://errors.pydantic.dev/2.12/v/missing"}]}</skipped></testcase><testcase classname="tests.test_admin_monthly_iter106.TestAdminRiskRadar" name="test_risk_radar_requires_auth" time="0.133" /><testcase classname="tests.test_admin_monthly_iter106.TestAdminRequiresAdminEmail" name="test_command_center_with_non_admin_returns_403" time="0.000"><skipped type="pytest.skip" message="Authentication failed: {&quot;detail&quot;:[{&quot;type&quot;:&quot;missing&quot;,&quot;loc&quot;:[&quot;body&quot;,&quot;username&quot;],&quot;msg&quot;:&quot;Field required&quot;,&quot;input&quot;:{&quot;email&quot;:&quot;test@moneyssutra.com&quot;,&quot;password&quot;:&quot;test&quot;},&quot;url&quot;:&quot;https://errors.pydantic.dev/2.12/v/missing&quot;}]}">/app/backend/tests/test_admin_monthly_iter106.py:258: Authentication failed: {"detail":[{"type":"missing","loc":["body","username"],"msg":"Field required","input":{"email":"test@moneyssutra.com","password":"test"},"url":"https://errors.pydantic.dev/2.12/v/missing"}]}</skipped></testcase></testsuite></testsuites>