<?xml version="1.0" encoding="utf-8"?><testsuites name="pytest tests"><testsuite name="pytest" errors="0" failures="0" skipped="0" tests="12" time="29.615" timestamp="2026-02-28T19:29:10.372602+00:00" hostname="agent-env-f5d7aeab-15b4-47b9-8d64-6e8dce4c36b5"><testcase classname="tests.test_admin_monthly_iter106.TestMonthlySummarySpentSoFar" name="test_monthly_summary_returns_spent_so_far" time="11.283" /><testcase classname="tests.test_admin_monthly_iter106.TestMonthlySummarySpentSoFar" name="test_monthly_summary_structure" time="1.007" /><testcase classname="tests.test_admin_monthly_iter106.TestMonthlySummarySpentSoFar" name="test_monthly_summary_requires_auth" time="0.159" /><testcase classname="tests.test_admin_monthly_iter106.TestAdminVerify" name="test_admin_verify_with_admin_email" time="0.525" /><testcase classname="tests.test_admin_monthly_iter106.TestAdminVerify" name="test_admin_verify_requires_auth" time="0.109" /><testcase classname="tests.test_admin_monthly_iter106.TestAdminCommandCenter" name="test_command_center_returns_kpis" time="4.942" /><testcase classname="tests.test_admin_monthly_iter106.TestAdminCommandCenter" name="test_command_center_risk_distribution_structure" time="2.504" /><testcase classname="tests.test_admin_monthly_iter106.TestAdminCommandCenter" name="test_command_center_user_metrics_structure" time="2.452" /><testcase classname="tests.test_admin_monthly_iter106.TestAdminRiskRadar" name="test_risk_radar_returns_buckets" time="1.985" /><testcase classname="tests.test_admin_monthly_iter106.TestAdminRiskRadar" name="test_risk_radar_drivers_structure" time="1.969" /><testcase classname="tests.test_admin_monthly_iter106.TestAdminRiskRadar" name="test_risk_radar_requires_auth" time="0.141" /><testcase classname="tests.test_admin_monthly_iter106.TestAdminRequiresAdminEmail" name="test_command_center_with_non_admin_returns_403" time="2.467" /></testsuite></testsuites>