<?xml version="1.0" encoding="utf-8"?><testsuites name="pytest tests"><testsuite name="pytest" errors="0" failures="4" skipped="0" tests="25" time="2.389" timestamp="2026-02-12T16:42:14.075774+00:00" hostname="agent-env-117baada-c5d0-44b9-b8bc-1247c173f42d"><testcase classname="backend.tests.test_assets_loans_api.TestLoansAPI" name="test_create_loan_basic" time="0.119" /><testcase classname="backend.tests.test_assets_loans_api.TestLoansAPI" name="test_create_loan_without_lender" time="0.040" /><testcase classname="backend.tests.test_assets_loans_api.TestLoansAPI" name="test_get_all_loans" time="0.040" /><testcase classname="backend.tests.test_assets_loans_api.TestLoansAPI" name="test_get_loan_by_id" time="0.037" /><testcase classname="backend.tests.test_assets_loans_api.TestLoansAPI" name="test_get_loan_not_found" time="0.044" /><testcase classname="backend.tests.test_assets_loans_api.TestLoansAPI" name="test_update_loan" time="0.038" /><testcase classname="backend.tests.test_assets_loans_api.TestLoansAPI" name="test_update_loan_not_found" time="0.073" /><testcase classname="backend.tests.test_assets_loans_api.TestAssetsAPI" name="test_create_asset_residential" time="0.048" /><testcase classname="backend.tests.test_assets_loans_api.TestAssetsAPI" name="test_create_asset_commercial" time="0.038" /><testcase classname="backend.tests.test_assets_loans_api.TestAssetsAPI" name="test_create_asset_vehicle" time="0.041" /><testcase classname="backend.tests.test_assets_loans_api.TestAssetsAPI" name="test_create_asset_land" time="0.037" /><testcase classname="backend.tests.test_assets_loans_api.TestAssetsAPI" name="test_create_asset_equipment" time="0.042" /><testcase classname="backend.tests.test_assets_loans_api.TestAssetsAPI" name="test_create_asset_other" time="0.035" /><testcase classname="backend.tests.test_assets_loans_api.TestAssetsAPI" name="test_create_asset_with_loan_link" time="0.037" /><testcase classname="backend.tests.test_assets_loans_api.TestAssetsAPI" name="test_get_all_assets" time="0.037" /><testcase classname="backend.tests.test_assets_loans_api.TestAssetsAPI" name="test_get_asset_by_id" time="0.041" /><testcase classname="backend.tests.test_assets_loans_api.TestAssetsAPI" name="test_get_asset_not_found" time="0.037" /><testcase classname="backend.tests.test_assets_loans_api.TestAssetsAPI" name="test_update_asset_value" time="0.072" /><testcase classname="backend.tests.test_assets_loans_api.TestAssetsAPI" name="test_update_asset_link_loan" time="0.108" /><testcase classname="backend.tests.test_assets_loans_api.TestAssetsAPI" name="test_update_asset_not_found" time="0.046" /><testcase classname="backend.tests.test_assets_loans_api.TestRentalWithAssetLink" name="test_create_rental_with_asset_link" time="0.086"><failure message="KeyError: 'assetId'">backend/tests/test_assets_loans_api.py:395: in test_create_rental_with_asset_link
    assert data['assetId'] == asset_id
           ^^^^^^^^^^^^^^^
E   KeyError: 'assetId'</failure></testcase><testcase classname="backend.tests.test_assets_loans_api.TestRentalWithAssetLink" name="test_create_rental_without_asset_link" time="0.039"><failure message="KeyError: 'assetId'">backend/tests/test_assets_loans_api.py:415: in test_create_rental_without_asset_link
    assert data['assetId'] is None
           ^^^^^^^^^^^^^^^
E   KeyError: 'assetId'</failure></testcase><testcase classname="backend.tests.test_assets_loans_api.TestRentalWithAssetLink" name="test_verify_rental_yield_calculation_data" time="0.042"><failure message="KeyError: 'assetId'">backend/tests/test_assets_loans_api.py:425: in test_verify_rental_yield_calculation_data
    assert rental['assetId'] is not None
           ^^^^^^^^^^^^^^^^^
E   KeyError: 'assetId'</failure></testcase><testcase classname="backend.tests.test_assets_loans_api.TestIntegrationFlow" name="test_full_integration_flow" time="0.119"><failure message="KeyError: 'assetId'">backend/tests/test_assets_loans_api.py:494: in test_full_integration_flow
    assert rental['assetId'] == asset['id']
           ^^^^^^^^^^^^^^^^^
E   KeyError: 'assetId'</failure></testcase><testcase classname="backend.tests.test_assets_loans_api.TestCleanup" name="test_cleanup_test_data" time="0.894" /></testsuite></testsuites>