<?xml version="1.0" encoding="utf-8"?><testsuites name="pytest tests"><testsuite name="pytest" errors="0" failures="0" skipped="0" tests="13" time="2.663" timestamp="2026-02-15T11:13:20.621054+00:00" hostname="agent-env-86fa9aaf-90e5-4f85-83d7-b302a21defe6"><testcase classname="backend.tests.test_asset_loan_bidirectional_linking.TestLoanLinkedAssetsEndpoint" name="test_linked_assets_endpoint_returns_200" time="0.193" /><testcase classname="backend.tests.test_asset_loan_bidirectional_linking.TestLoanLinkedAssetsEndpoint" name="test_linked_assets_returns_array" time="0.106" /><testcase classname="backend.tests.test_asset_loan_bidirectional_linking.TestLoanLinkedAssetsEndpoint" name="test_linked_assets_contains_velar_asset" time="0.107" /><testcase classname="backend.tests.test_asset_loan_bidirectional_linking.TestLoanLinkedAssetsEndpoint" name="test_linked_asset_has_required_fields" time="0.098" /><testcase classname="backend.tests.test_asset_loan_bidirectional_linking.TestLoanLinkedAssetsEndpoint" name="test_linked_asset_values_are_correct" time="0.200" /><testcase classname="backend.tests.test_asset_loan_bidirectional_linking.TestLoanLinkedAssetsEndpoint" name="test_nonexistent_loan_returns_empty_array" time="0.100" /><testcase classname="backend.tests.test_asset_loan_bidirectional_linking.TestLoanLinkedAssetsEndpoint" name="test_loan_without_linked_assets_returns_empty_array" time="0.904" /><testcase classname="backend.tests.test_asset_loan_bidirectional_linking.TestAssetLoanBidirectionalLinking" name="test_asset_has_linked_loan_id" time="0.100" /><testcase classname="backend.tests.test_asset_loan_bidirectional_linking.TestAssetLoanBidirectionalLinking" name="test_loan_details_available_for_asset_display" time="0.106" /><testcase classname="backend.tests.test_asset_loan_bidirectional_linking.TestAssetLoanBidirectionalLinking" name="test_asset_details_available_for_loan_display" time="0.097" /><testcase classname="backend.tests.test_asset_loan_bidirectional_linking.TestAssetLoanBidirectionalLinking" name="test_net_value_calculation_data_available" time="0.327" /><testcase classname="backend.tests.test_asset_loan_bidirectional_linking.TestEndpointIntegrity" name="test_assets_endpoint_returns_financed_assets" time="0.098" /><testcase classname="backend.tests.test_asset_loan_bidirectional_linking.TestEndpointIntegrity" name="test_loans_endpoint_returns_loan_type" time="0.104" /></testsuite></testsuites>