<?xml version="1.0" encoding="utf-8"?><testsuites name="pytest tests"><testsuite name="pytest" errors="0" failures="0" skipped="0" tests="16" time="2.843" timestamp="2026-02-21T10:18:56.077248+00:00" hostname="agent-env-7f3f4770-54b1-4c1c-a36e-1cb3d5ffb7a6"><testcase classname="backend.tests.test_auth_recovery_api.TestCheckAvailabilityAPI" name="test_check_availability_new_username" time="0.207" /><testcase classname="backend.tests.test_auth_recovery_api.TestCheckAvailabilityAPI" name="test_check_availability_existing_username" time="0.260" /><testcase classname="backend.tests.test_auth_recovery_api.TestCheckAvailabilityAPI" name="test_check_availability_new_email" time="0.131" /><testcase classname="backend.tests.test_auth_recovery_api.TestCheckAvailabilityAPI" name="test_check_availability_existing_email" time="0.099" /><testcase classname="backend.tests.test_auth_recovery_api.TestCheckAvailabilityAPI" name="test_check_availability_both_fields" time="0.110" /><testcase classname="backend.tests.test_auth_recovery_api.TestForgotUsernameAPI" name="test_forgot_username_valid_email" time="0.271" /><testcase classname="backend.tests.test_auth_recovery_api.TestForgotUsernameAPI" name="test_forgot_username_nonexistent_email" time="0.108" /><testcase classname="backend.tests.test_auth_recovery_api.TestForgotUsernameAPI" name="test_forgot_username_missing_email" time="0.120" /><testcase classname="backend.tests.test_auth_recovery_api.TestForgotPasswordAPI" name="test_forgot_password_valid_username" time="0.231" /><testcase classname="backend.tests.test_auth_recovery_api.TestForgotPasswordAPI" name="test_forgot_password_nonexistent_user" time="0.103" /><testcase classname="backend.tests.test_auth_recovery_api.TestForgotPasswordAPI" name="test_forgot_password_missing_username" time="0.099" /><testcase classname="backend.tests.test_auth_recovery_api.TestVerifyResetTokenAPI" name="test_verify_invalid_token" time="0.101" /><testcase classname="backend.tests.test_auth_recovery_api.TestVerifyResetTokenAPI" name="test_verify_empty_token" time="0.116" /><testcase classname="backend.tests.test_auth_recovery_api.TestResetPasswordAPI" name="test_reset_password_invalid_token" time="0.113" /><testcase classname="backend.tests.test_auth_recovery_api.TestResetPasswordAPI" name="test_reset_password_missing_fields" time="0.101" /><testcase classname="backend.tests.test_auth_recovery_api.TestEndToEndAuthRecoveryFlow" name="test_registration_with_realtime_validation" time="0.555" /></testsuite></testsuites>