<?xml version="1.0" encoding="utf-8"?><testsuites name="pytest tests"><testsuite name="pytest" errors="0" failures="0" skipped="0" tests="10" time="1.927" timestamp="2026-02-15T11:30:23.755243+00:00" hostname="agent-env-86fa9aaf-90e5-4f85-83d7-b302a21defe6"><testcase classname="backend.tests.test_auth.TestAuthEndpoints" name="test_api_health" time="0.189" /><testcase classname="backend.tests.test_auth.TestAuthEndpoints" name="test_jwt_login_success" time="0.110" /><testcase classname="backend.tests.test_auth.TestAuthEndpoints" name="test_jwt_login_invalid_credentials" time="0.095" /><testcase classname="backend.tests.test_auth.TestAuthEndpoints" name="test_auth_me_with_valid_token" time="0.233" /><testcase classname="backend.tests.test_auth.TestAuthEndpoints" name="test_auth_me_without_token" time="0.100" /><testcase classname="backend.tests.test_auth.TestAuthEndpoints" name="test_auth_me_with_invalid_token" time="0.092" /><testcase classname="backend.tests.test_auth.TestAuthEndpoints" name="test_logout" time="0.405" /><testcase classname="backend.tests.test_auth.TestAuthEndpoints" name="test_login_creates_user_on_first_login" time="0.174" /><testcase classname="backend.tests.test_auth.TestProtectedEndpoints" name="test_dashboard_networth_accessible" time="0.222" /><testcase classname="backend.tests.test_auth.TestProtectedEndpoints" name="test_goals_endpoint_accessible" time="0.191" /></testsuite></testsuites>