<?xml version="1.0" encoding="utf-8"?><testsuites name="pytest tests"><testsuite name="pytest" errors="0" failures="0" skipped="0" tests="20" time="17.761" timestamp="2026-03-18T11:19:44.043640+00:00" hostname="agent-env-30811009-4a9b-452e-9d00-54bca018e62d"><testcase classname="backend.tests.test_biometric_feature.TestBiometricRequiresAuth" name="test_register_options_requires_auth" time="0.106" /><testcase classname="backend.tests.test_biometric_feature.TestBiometricRequiresAuth" name="test_register_verify_requires_auth" time="0.109" /><testcase classname="backend.tests.test_biometric_feature.TestBiometricRequiresAuth" name="test_status_requires_auth" time="0.104" /><testcase classname="backend.tests.test_biometric_feature.TestBiometricRequiresAuth" name="test_remove_requires_auth" time="0.105" /><testcase classname="backend.tests.test_biometric_feature.TestBiometricLoginOptions" name="test_login_options_requires_email" time="0.123" /><testcase classname="backend.tests.test_biometric_feature.TestBiometricLoginOptions" name="test_login_options_nonexistent_user" time="0.348" /><testcase classname="backend.tests.test_biometric_feature.TestBiometricLoginOptions" name="test_login_options_user_no_biometric" time="0.602" /><testcase classname="backend.tests.test_biometric_feature.TestBiometricLoginVerify" name="test_login_verify_requires_credential_and_email" time="0.115" /><testcase classname="backend.tests.test_biometric_feature.TestBiometricLoginVerify" name="test_login_verify_nonexistent_user" time="0.356" /><testcase classname="backend.tests.test_biometric_feature.TestBiometricLoginVerify" name="test_login_verify_invalid_credential" time="0.353" /><testcase classname="backend.tests.test_biometric_feature.TestBiometricAuthenticatedFlow" name="test_biometric_status_no_credentials" time="2.339" /><testcase classname="backend.tests.test_biometric_feature.TestBiometricAuthenticatedFlow" name="test_register_options_returns_webauthn_options" time="2.805" /><testcase classname="backend.tests.test_biometric_feature.TestBiometricAuthenticatedFlow" name="test_register_verify_requires_credential" time="2.158" /><testcase classname="backend.tests.test_biometric_feature.TestBiometricAuthenticatedFlow" name="test_register_verify_invalid_credential_format" time="3.584" /><testcase classname="backend.tests.test_biometric_feature.TestBiometricAuthenticatedFlow" name="test_remove_biometric_when_none_exists" time="2.590" /><testcase classname="backend.tests.test_biometric_feature.TestBiometricRegressionMpin" name="test_mpin_login_endpoint_exists" time="0.356" /><testcase classname="backend.tests.test_biometric_feature.TestBiometricRegressionMpin" name="test_mpin_status_requires_auth" time="0.108" /><testcase classname="backend.tests.test_biometric_feature.TestBiometricRegressionAdminLogin" name="test_admin_login_works" time="0.368" /><testcase classname="backend.tests.test_biometric_feature.TestBiometricRegressionAdminLogin" name="test_admin_verify_with_token" time="0.498" /><testcase classname="backend.tests.test_biometric_feature.TestBiometricRegressionNormalLogin" name="test_normal_login_endpoint" time="0.576" /></testsuite></testsuites>