<?xml version="1.0" encoding="utf-8"?><testsuites name="pytest tests"><testsuite name="pytest" errors="0" failures="0" skipped="0" tests="12" time="24.972" timestamp="2026-02-24T17:24:29.417248+00:00" hostname="agent-env-b6b1cda5-94b9-4e91-b222-a2a85ee7098b"><testcase classname="backend.tests.test_bug_fixes.TestAuthentication" name="test_login_success" time="6.249" /><testcase classname="backend.tests.test_bug_fixes.TestReportGeneration" name="test_income_report_pdf" time="1.584" /><testcase classname="backend.tests.test_bug_fixes.TestReportGeneration" name="test_income_report_excel" time="1.127" /><testcase classname="backend.tests.test_bug_fixes.TestReportGeneration" name="test_expense_report_pdf" time="1.051" /><testcase classname="backend.tests.test_bug_fixes.TestReportGeneration" name="test_networth_report_pdf" time="2.306" /><testcase classname="backend.tests.test_bug_fixes.TestSelfEmployedIncome" name="test_create_self_employed_with_profession" time="1.527" /><testcase classname="backend.tests.test_bug_fixes.TestSelfEmployedIncome" name="test_get_self_employed_shows_profession" time="0.819" /><testcase classname="backend.tests.test_bug_fixes.TestSelfEmployedIncome" name="test_cleanup_self_employed" time="1.058" /><testcase classname="backend.tests.test_bug_fixes.TestFinancialHealth" name="test_get_financial_health" time="6.056" /><testcase classname="backend.tests.test_bug_fixes.TestNotifications" name="test_get_notifications" time="1.191" /><testcase classname="backend.tests.test_bug_fixes.TestNotifications" name="test_get_unread_count" time="0.542" /><testcase classname="backend.tests.test_bug_fixes.TestIncomeAPI" name="test_get_income_list" time="1.384" /></testsuite></testsuites>