<?xml version="1.0" encoding="utf-8"?><testsuites name="pytest tests"><testsuite name="pytest" errors="0" failures="0" skipped="0" tests="8" time="19.960" timestamp="2026-03-18T12:02:07.765408+00:00" hostname="agent-env-30811009-4a9b-452e-9d00-54bca018e62d"><testcase classname="backend.tests.test_bug_fixes_iter129.TestBiometricRPIDFix" name="test_debug_headers_returns_correct_rp_id" time="11.737" /><testcase classname="backend.tests.test_bug_fixes_iter129.TestBiometricRPIDFix" name="test_debug_headers_without_forwarded_host_uses_host_header" time="0.138" /><testcase classname="backend.tests.test_bug_fixes_iter129.TestSecurityStatusEndpoint" name="test_security_status_requires_auth" time="0.104" /><testcase classname="backend.tests.test_bug_fixes_iter129.TestSecurityStatusEndpoint" name="test_security_status_returns_correct_fields" time="2.955" /><testcase classname="backend.tests.test_bug_fixes_iter129.TestSecurityStatusEndpoint" name="test_security_status_with_bearer_token" time="1.435" /><testcase classname="backend.tests.test_bug_fixes_iter129.TestNewUserSecuritySetup" name="test_new_user_needs_setup" time="2.140" /><testcase classname="backend.tests.test_bug_fixes_iter129.TestRegressionAdminLogin" name="test_admin_login_works" time="0.348" /><testcase classname="backend.tests.test_bug_fixes_iter129.TestRegressionMPINLogin" name="test_mpin_login_works" time="1.035" /></testsuite></testsuites>