<?xml version="1.0" encoding="utf-8"?><testsuites name="pytest tests"><testsuite name="pytest" errors="0" failures="0" skipped="0" tests="8" time="14.182" timestamp="2026-03-18T13:26:46.166665+00:00" hostname="agent-env-97c19ce6-37d2-431d-bef2-e80afc9c80e3"><testcase classname="tests.test_bug_fixes_iter131.TestMonthlySummaryAPI" name="test_api_health_check" time="11.245" /><testcase classname="tests.test_bug_fixes_iter131.TestMonthlySummaryAPI" name="test_monthly_summary_endpoint_structure" time="1.863" /><testcase classname="tests.test_bug_fixes_iter131.TestIncomeDetailAPI" name="test_income_detail_requires_auth" time="0.137" /><testcase classname="tests.test_bug_fixes_iter131.TestIncomeDetailAPI" name="test_income_source_requires_auth" time="0.170" /><testcase classname="tests.test_bug_fixes_iter131.TestAdminPanelLogin" name="test_admin_login_success" time="0.399" /><testcase classname="tests.test_bug_fixes_iter131.TestAdminPanelLogin" name="test_admin_login_invalid_credentials" time="0.099" /><testcase classname="tests.test_bug_fixes_iter131.TestIncomeRoutesDefinitions" name="test_income_list_summary_endpoint" time="0.107" /><testcase classname="tests.test_bug_fixes_iter131.TestIncomeRoutesDefinitions" name="test_other_income_endpoint" time="0.099" /></testsuite></testsuites>