<?xml version="1.0" encoding="utf-8"?><testsuites name="pytest tests"><testsuite name="pytest" errors="0" failures="0" skipped="0" tests="10" time="34.115" timestamp="2026-03-01T12:14:28.017164+00:00" hostname="agent-env-0190dc1c-440a-4948-9c44-c8f1cc517993"><testcase classname="tests.test_bug_fixes_iter123.TestInsuranceDateFix" name="test_insurance_list_api" time="8.689" /><testcase classname="tests.test_bug_fixes_iter123.TestInsuranceDateFix" name="test_insurance_detail_api" time="2.817" /><testcase classname="tests.test_bug_fixes_iter123.TestCreditCardDetailFix" name="test_credit_card_detail_structure" time="3.244" /><testcase classname="tests.test_bug_fixes_iter123.TestAccountLedgerFix" name="test_account_detail_has_ledger" time="3.262" /><testcase classname="tests.test_bug_fixes_iter123.TestAccountLedgerFix" name="test_account_ledger_balance_tracking" time="3.246" /><testcase classname="tests.test_bug_fixes_iter123.TestIncomeDetailSectionsFix" name="test_income_detail_has_schedule" time="2.583" /><testcase classname="tests.test_bug_fixes_iter123.TestIncomeDetailSectionsFix" name="test_income_detail_has_transactions" time="2.563" /><testcase classname="tests.test_bug_fixes_iter123.TestIncomeDetailSectionsFix" name="test_income_detail_has_linked_asset" time="2.555" /><testcase classname="tests.test_bug_fixes_iter123.TestIncomeDetailSectionsFix" name="test_income_detail_has_summary" time="2.536" /><testcase classname="tests.test_bug_fixes_iter123.TestIncomeDetailSectionsFix" name="test_income_schedule_generated_without_start_date" time="2.548" /></testsuite></testsuites>