<?xml version="1.0" encoding="utf-8"?><testsuites name="pytest tests"><testsuite name="pytest" errors="0" failures="0" skipped="0" tests="10" time="2.111" timestamp="2026-02-15T09:18:02.741865+00:00" hostname="agent-env-e26d47f6-dd3e-47e9-86a8-205d2d90f5ba"><testcase classname="backend.tests.test_bug_fixes.TestMonthlyNetWorthAPI" name="test_networth_api_returns_monthly_income" time="0.345" /><testcase classname="backend.tests.test_bug_fixes.TestMonthlyNetWorthAPI" name="test_networth_api_returns_monthly_expenses" time="0.138" /><testcase classname="backend.tests.test_bug_fixes.TestMonthlyNetWorthAPI" name="test_networth_api_returns_monthly_savings" time="0.106" /><testcase classname="backend.tests.test_bug_fixes.TestMonthlyNetWorthAPI" name="test_networth_api_full_response_structure" time="0.103" /><testcase classname="backend.tests.test_bug_fixes.TestExpenseAPI" name="test_create_fixed_expense" time="0.217" /><testcase classname="backend.tests.test_bug_fixes.TestExpenseAPI" name="test_create_variable_expense" time="0.248" /><testcase classname="backend.tests.test_bug_fixes.TestInvestmentAPI" name="test_create_us_stocks_investment" time="0.223" /><testcase classname="backend.tests.test_bug_fixes.TestInvestmentAPI" name="test_create_investment_with_daily_frequency" time="0.213" /><testcase classname="backend.tests.test_bug_fixes.TestInvestmentAPI" name="test_create_sgb_investment_without_frequency" time="0.208" /><testcase classname="backend.tests.test_bug_fixes.TestInvestmentAPI" name="test_create_swp_investment_without_frequency" time="0.204" /></testsuite></testsuites>