<?xml version="1.0" encoding="utf-8"?><testsuites name="pytest tests"><testsuite name="pytest" errors="0" failures="0" skipped="0" tests="13" time="81.082" timestamp="2026-02-27T06:50:37.923509+00:00" hostname="agent-env-25edbdb1-488b-4303-840b-e54addb6b19a"><testcase classname="backend.tests.test_cashflow_prepayment_system.TestCashFlowPrepaymentSystem" name="test_get_expenses_by_month_default_current_month" time="7.730" /><testcase classname="backend.tests.test_cashflow_prepayment_system.TestCashFlowPrepaymentSystem" name="test_get_expenses_by_month_specific_month" time="7.705" /><testcase classname="backend.tests.test_cashflow_prepayment_system.TestCashFlowPrepaymentSystem" name="test_get_expenses_by_month_invalid_format" time="1.930" /><testcase classname="backend.tests.test_cashflow_prepayment_system.TestCashFlowPrepaymentSystem" name="test_get_expenses_by_month_future_month" time="7.637" /><testcase classname="backend.tests.test_cashflow_prepayment_system.TestCashFlowPrepaymentSystem" name="test_get_expense_by_id_no_route_conflict" time="8.443" /><testcase classname="backend.tests.test_cashflow_prepayment_system.TestCashFlowPrepaymentSystem" name="test_get_expense_by_id_not_found" time="2.170" /><testcase classname="backend.tests.test_cashflow_prepayment_system.TestCashFlowPrepaymentSystem" name="test_mark_expense_paid" time="4.939" /><testcase classname="backend.tests.test_cashflow_prepayment_system.TestCashFlowPrepaymentSystem" name="test_mark_paid_nonexistent_expense" time="2.130" /><testcase classname="backend.tests.test_cashflow_prepayment_system.TestCashFlowPrepaymentSystem" name="test_prepay_expense_for_next_month" time="5.636" /><testcase classname="backend.tests.test_cashflow_prepayment_system.TestCashFlowPrepaymentSystem" name="test_prepay_duplicate_returns_400" time="7.117" /><testcase classname="backend.tests.test_cashflow_prepayment_system.TestCashFlowPrepaymentSystem" name="test_prepay_nonexistent_expense" time="2.142" /><testcase classname="backend.tests.test_cashflow_prepayment_system.TestCashFlowPrepaymentSystem" name="test_display_status_paid" time="10.710" /><testcase classname="backend.tests.test_cashflow_prepayment_system.TestCashFlowPrepaymentSystem" name="test_display_status_prepaid_next_month" time="12.686" /></testsuite></testsuites>