<?xml version="1.0" encoding="utf-8"?><testsuites name="pytest tests"><testsuite name="pytest" errors="0" failures="0" skipped="0" tests="16" time="29.212" timestamp="2026-03-20T20:19:42.935183+00:00" hostname="agent-env-07272d90-51ce-46f3-b975-477a9d780c60"><testcase classname="backend.tests.test_cc_overview_iter157.TestCCOverviewAPI" name="test_cc_overview_returns_200" time="14.762" /><testcase classname="backend.tests.test_cc_overview_iter157.TestCCOverviewAPI" name="test_cc_overview_returns_cards_array" time="0.859" /><testcase classname="backend.tests.test_cc_overview_iter157.TestCCOverviewAPI" name="test_cc_overview_returns_payments_array" time="2.058" /><testcase classname="backend.tests.test_cc_overview_iter157.TestCCOverviewAPI" name="test_cc_overview_returns_summary" time="0.892" /><testcase classname="backend.tests.test_cc_overview_iter157.TestCCOverviewAPI" name="test_cc_overview_summary_fields" time="0.846" /><testcase classname="backend.tests.test_cc_overview_iter157.TestCCOverviewAPI" name="test_cc_overview_card_structure" time="0.852" /><testcase classname="backend.tests.test_cc_overview_iter157.TestCCOverviewAPI" name="test_cc_overview_card_styling" time="0.845" /><testcase classname="backend.tests.test_cc_overview_iter157.TestCCOverviewAPI" name="test_cc_overview_utilization_calculation" time="0.828" /><testcase classname="backend.tests.test_cc_overview_iter157.TestCCOverviewAPI" name="test_cc_overview_due_info_format" time="0.824" /><testcase classname="backend.tests.test_cc_overview_iter157.TestCCOverviewAPI" name="test_cc_overview_cardholder_name" time="0.863" /><testcase classname="backend.tests.test_cc_overview_iter157.TestCCOverviewAPI" name="test_cc_overview_available_credit" time="0.832" /><testcase classname="backend.tests.test_cc_overview_iter157.TestCCOverviewAPI" name="test_cc_overview_unauthenticated" time="0.110" /><testcase classname="backend.tests.test_cc_overview_iter157.TestCCOverviewAPI" name="test_cc_overview_icici_card_styling" time="0.838" /><testcase classname="backend.tests.test_cc_overview_iter157.TestCCOverviewDataIntegrity" name="test_user_has_expected_cards" time="2.088" /><testcase classname="backend.tests.test_cc_overview_iter157.TestCCOverviewDataIntegrity" name="test_card_names_match_expected" time="0.828" /><testcase classname="backend.tests.test_cc_overview_iter157.TestCCOverviewDataIntegrity" name="test_summary_totals_match_cards" time="0.819" /></testsuite></testsuites>