<?xml version="1.0" encoding="utf-8"?><testsuites name="pytest tests"><testsuite name="pytest" errors="0" failures="0" skipped="0" tests="13" time="1.830" timestamp="2026-02-12T18:06:01.057312+00:00" hostname="agent-env-385d069d-5427-41ce-8a6b-447267c0f590"><testcase classname="tests.test_commission_income_api.TestCommissionIncomeAPI" name="test_create_commission_with_weekly_frequency_variable" time="0.155" /><testcase classname="tests.test_commission_income_api.TestCommissionIncomeAPI" name="test_create_commission_with_daily_frequency_no_date" time="0.088" /><testcase classname="tests.test_commission_income_api.TestCommissionIncomeAPI" name="test_create_commission_with_irregular_frequency_full_date" time="0.078" /><testcase classname="tests.test_commission_income_api.TestCommissionIncomeAPI" name="test_create_commission_fixed_type" time="0.111" /><testcase classname="tests.test_commission_income_api.TestCommissionIncomeAPI" name="test_create_commission_quarterly_frequency" time="0.071" /><testcase classname="tests.test_commission_income_api.TestCommissionIncomeAPI" name="test_create_commission_half_yearly_frequency" time="0.072" /><testcase classname="tests.test_commission_income_api.TestCommissionIncomeAPI" name="test_create_commission_yearly_frequency" time="0.072" /><testcase classname="tests.test_commission_income_api.TestCommissionIncomeAPI" name="test_get_all_income_and_filter_commissions" time="0.121" /><testcase classname="tests.test_commission_income_api.TestCommissionIncomeAPI" name="test_update_commission_change_variable_to_fixed" time="0.181" /><testcase classname="tests.test_commission_income_api.TestCommissionIncomeAPI" name="test_delete_commission" time="0.145" /><testcase classname="tests.test_commission_income_api.TestCommissionIncomeAPI" name="test_get_nonexistent_commission_returns_404" time="0.075" /><testcase classname="tests.test_commission_income_api.TestCommissionIncomeValidation" name="test_create_commission_without_required_fields" time="0.034" /><testcase classname="tests.test_commission_income_api.TestCommissionIncomeValidation" name="test_create_commission_with_all_frequency_types" time="0.508" /></testsuite></testsuites>