<?xml version="1.0" encoding="utf-8"?><testsuites name="pytest tests"><testsuite name="pytest" errors="0" failures="0" skipped="0" tests="20" time="11.826" timestamp="2026-03-21T20:38:59.350819+00:00" hostname="agent-env-34e0dc30-69a4-4e56-a4a7-98f2ff5dcb62"><testcase classname="backend.tests.test_cred_style_login_v2_iter184.TestCheckUserEndpoint" name="test_check_user_existing_with_mpin" time="0.393" /><testcase classname="backend.tests.test_cred_style_login_v2_iter184.TestCheckUserEndpoint" name="test_check_user_nonexistent" time="0.344" /><testcase classname="backend.tests.test_cred_style_login_v2_iter184.TestCheckUserEndpoint" name="test_check_user_empty_email" time="0.103" /><testcase classname="backend.tests.test_cred_style_login_v2_iter184.TestCheckUserEndpoint" name="test_check_user_invalid_email_format" time="0.106" /><testcase classname="backend.tests.test_cred_style_login_v2_iter184.TestMPINDirectLoginEndpoint" name="test_mpin_direct_login_success" time="1.058" /><testcase classname="backend.tests.test_cred_style_login_v2_iter184.TestMPINDirectLoginEndpoint" name="test_mpin_direct_login_wrong_mpin" time="0.564" /><testcase classname="backend.tests.test_cred_style_login_v2_iter184.TestMPINDirectLoginEndpoint" name="test_mpin_direct_login_missing_fields" time="0.110" /><testcase classname="backend.tests.test_cred_style_login_v2_iter184.TestMPINDirectLoginEndpoint" name="test_mpin_direct_login_invalid_mpin_format" time="0.136" /><testcase classname="backend.tests.test_cred_style_login_v2_iter184.TestMPINDirectLoginEndpoint" name="test_mpin_direct_login_nonexistent_user" time="0.342" /><testcase classname="backend.tests.test_cred_style_login_v2_iter184.TestForgotMPINEndpoint" name="test_forgot_mpin_existing_user" time="1.060" /><testcase classname="backend.tests.test_cred_style_login_v2_iter184.TestForgotMPINEndpoint" name="test_forgot_mpin_nonexistent_user" time="0.353" /><testcase classname="backend.tests.test_cred_style_login_v2_iter184.TestForgotMPINEndpoint" name="test_forgot_mpin_empty_email" time="0.120" /><testcase classname="backend.tests.test_cred_style_login_v2_iter184.TestForgotMPINEndpoint" name="test_forgot_mpin_rate_limit" time="0.686" /><testcase classname="backend.tests.test_cred_style_login_v2_iter184.TestResetMPINEndpoint" name="test_reset_mpin_missing_fields" time="0.105" /><testcase classname="backend.tests.test_cred_style_login_v2_iter184.TestResetMPINEndpoint" name="test_reset_mpin_invalid_mpin_format" time="0.111" /><testcase classname="backend.tests.test_cred_style_login_v2_iter184.TestResetMPINEndpoint" name="test_reset_mpin_wrong_otp" time="2.176" /><testcase classname="backend.tests.test_cred_style_login_v2_iter184.TestResetMPINEndpoint" name="test_reset_mpin_no_otp_sent" time="0.339" /><testcase classname="backend.tests.test_cred_style_login_v2_iter184.TestAuthStartStillWorks" name="test_start_with_valid_email" time="1.244" /><testcase classname="backend.tests.test_cred_style_login_v2_iter184.TestAuthStartStillWorks" name="test_start_rate_limit_cooldown" time="2.063" /><testcase classname="backend.tests.test_cred_style_login_v2_iter184.TestExistingPasswordLogin" name="test_password_login_invalid_credentials" time="0.341" /></testsuite></testsuites>