<?xml version="1.0" encoding="utf-8"?><testsuites name="pytest tests"><testsuite name="pytest" errors="0" failures="0" skipped="0" tests="15" time="21.020" timestamp="2026-03-21T20:29:03.925261+00:00" hostname="agent-env-34e0dc30-69a4-4e56-a4a7-98f2ff5dcb62"><testcase classname="backend.tests.test_cred_style_login_iter183.TestAuthStartEndpoint" name="test_start_with_valid_email_existing_user" time="13.759" /><testcase classname="backend.tests.test_cred_style_login_iter183.TestAuthStartEndpoint" name="test_start_with_valid_email_new_user" time="1.275" /><testcase classname="backend.tests.test_cred_style_login_iter183.TestAuthStartEndpoint" name="test_start_with_empty_email" time="0.131" /><testcase classname="backend.tests.test_cred_style_login_iter183.TestAuthStartEndpoint" name="test_start_with_invalid_email_format" time="0.108" /><testcase classname="backend.tests.test_cred_style_login_iter183.TestAuthStartEndpoint" name="test_start_rate_limit_cooldown" time="2.022" /><testcase classname="backend.tests.test_cred_style_login_iter183.TestVerifyLoginOTPEndpoint" name="test_verify_otp_missing_fields" time="0.108" /><testcase classname="backend.tests.test_cred_style_login_iter183.TestVerifyLoginOTPEndpoint" name="test_verify_otp_wrong_code" time="1.814" /><testcase classname="backend.tests.test_cred_style_login_iter183.TestVerifyLoginOTPEndpoint" name="test_verify_otp_no_otp_sent" time="0.363" /><testcase classname="backend.tests.test_cred_style_login_iter183.TestMPINLoginEndpoint" name="test_mpin_login_missing_fields" time="0.115" /><testcase classname="backend.tests.test_cred_style_login_iter183.TestMPINLoginEndpoint" name="test_mpin_login_invalid_token" time="0.166" /><testcase classname="backend.tests.test_cred_style_login_iter183.TestMPINSetupLoginEndpoint" name="test_mpin_setup_missing_fields" time="0.132" /><testcase classname="backend.tests.test_cred_style_login_iter183.TestMPINSetupLoginEndpoint" name="test_mpin_setup_invalid_mpin_format" time="0.127" /><testcase classname="backend.tests.test_cred_style_login_iter183.TestMPINSetupLoginEndpoint" name="test_mpin_setup_invalid_token" time="0.117" /><testcase classname="backend.tests.test_cred_style_login_iter183.TestExistingPasswordLogin" name="test_password_login_invalid_credentials" time="0.368" /><testcase classname="backend.tests.test_cred_style_login_iter183.TestExistingPasswordLogin" name="test_password_login_google_user_no_password" time="0.336" /></testsuite></testsuites>