<?xml version="1.0" encoding="utf-8"?><testsuites name="pytest tests"><testsuite name="pytest" errors="0" failures="0" skipped="0" tests="9" time="33.791" timestamp="2026-02-27T09:01:33.812202+00:00" hostname="agent-env-8891b74c-1afb-4468-9115-e4025b98ebc9"><testcase classname="backend.tests.test_data_import_family.TestDataImportExcelEndpoints" name="test_sample_excel_download" time="9.611" /><testcase classname="backend.tests.test_data_import_family.TestDataImportExcelEndpoints" name="test_sample_excel_unauthorized" time="0.118" /><testcase classname="backend.tests.test_data_import_family.TestFamilyEndpoints" name="test_get_family" time="1.786" /><testcase classname="backend.tests.test_data_import_family.TestFamilyEndpoints" name="test_family_combined_summary" time="3.008" /><testcase classname="backend.tests.test_data_import_family.TestFamilyEndpoints" name="test_family_member_summary" time="4.785" /><testcase classname="backend.tests.test_data_import_family.TestFamilyEndpoints" name="test_family_unauthorized" time="0.150" /><testcase classname="backend.tests.test_data_import_family.TestAddFamilyMember" name="test_add_member_requires_family" time="1.298" /><testcase classname="backend.tests.test_data_import_family.TestAddFamilyMember" name="test_add_member_validation" time="2.404" /><testcase classname="backend.tests.test_data_import_family.TestFamilyIntegration" name="test_family_member_add_and_summary_flow" time="10.568" /></testsuite></testsuites>