<?xml version="1.0" encoding="utf-8"?><testsuites name="pytest tests"><testsuite name="pytest" errors="0" failures="0" skipped="0" tests="10" time="1.348" timestamp="2026-02-12T16:05:23.535657+00:00" hostname="agent-env-117baada-c5d0-44b9-b8bc-1247c173f42d"><testcase classname="backend.tests.test_interest_date_fields.TestStartDateField" name="test_start_date_accepts_past_date" time="0.299" /><testcase classname="backend.tests.test_interest_date_fields.TestStartDateField" name="test_start_date_accepts_today" time="0.109" /><testcase classname="backend.tests.test_interest_date_fields.TestEndDateField" name="test_end_date_accepts_future_date" time="0.126" /><testcase classname="backend.tests.test_interest_date_fields.TestEndDateField" name="test_end_date_accepts_past_date_matured" time="0.088" /><testcase classname="backend.tests.test_interest_date_fields.TestCurrentAmountField" name="test_current_amount_stored_correctly" time="0.125" /><testcase classname="backend.tests.test_interest_date_fields.TestCurrentAmountField" name="test_current_amount_with_matured_entry" time="0.085" /><testcase classname="backend.tests.test_interest_date_fields.TestDateFieldsCRUD" name="test_create_with_all_date_fields" time="0.109" /><testcase classname="backend.tests.test_interest_date_fields.TestDateFieldsCRUD" name="test_update_date_fields" time="0.131" /><testcase classname="backend.tests.test_interest_date_fields.TestDateFieldsCRUD" name="test_delete_entry_with_date_fields" time="0.073" /><testcase classname="backend.tests.test_interest_date_fields.TestCompoundInterestDateFields" name="test_compound_interest_current_amount" time="0.069" /></testsuite></testsuites>