<?xml version="1.0" encoding="utf-8"?><testsuites name="pytest tests"><testsuite name="pytest" errors="0" failures="0" skipped="0" tests="13" time="1.904" timestamp="2026-02-12T18:40:28.771222+00:00" hostname="agent-env-385d069d-5427-41ce-8a6b-447267c0f590"><testcase classname="backend.tests.test_dividend_income_api.TestDividendIncomeAPI" name="test_create_dividend_direct_stocks_quarterly" time="0.190" /><testcase classname="backend.tests.test_dividend_income_api.TestDividendIncomeAPI" name="test_create_dividend_mutual_funds_idcw_half_yearly" time="0.078" /><testcase classname="backend.tests.test_dividend_income_api.TestDividendIncomeAPI" name="test_create_dividend_reits_yearly" time="0.073" /><testcase classname="backend.tests.test_dividend_income_api.TestDividendIncomeAPI" name="test_create_dividend_invits_irregular" time="0.109" /><testcase classname="backend.tests.test_dividend_income_api.TestDividendIncomeAPI" name="test_create_dividend_others_category" time="0.082" /><testcase classname="backend.tests.test_dividend_income_api.TestDividendIncomeAPI" name="test_create_dividend_decimal_units" time="0.070" /><testcase classname="backend.tests.test_dividend_income_api.TestDividendIncomeAPI" name="test_create_dividend_without_units" time="0.115" /><testcase classname="backend.tests.test_dividend_income_api.TestDividendIncomeAPI" name="test_get_all_income_and_filter_dividends" time="0.100" /><testcase classname="backend.tests.test_dividend_income_api.TestDividendIncomeAPI" name="test_update_dividend_change_category" time="0.132" /><testcase classname="backend.tests.test_dividend_income_api.TestDividendIncomeAPI" name="test_delete_dividend" time="0.108" /><testcase classname="backend.tests.test_dividend_income_api.TestDividendIncomeAPI" name="test_get_nonexistent_dividend_returns_404" time="0.039" /><testcase classname="backend.tests.test_dividend_income_api.TestDividendIncomeAPI" name="test_all_source_categories" time="0.385" /><testcase classname="backend.tests.test_dividend_income_api.TestDividendIncomeAPI" name="test_all_frequency_types_for_dividend" time="0.309" /></testsuite></testsuites>