<?xml version="1.0" encoding="utf-8"?><testsuites name="pytest tests"><testsuite name="pytest" errors="0" failures="3" skipped="0" tests="19" time="36.470" timestamp="2026-02-25T14:13:24.368532+00:00" hostname="agent-env-5bf91ba2-dcae-4421-b5ac-2f56636332bd"><testcase classname="tests.test_e2e_iteration73.TestDashboardNetworth" name="test_networth_endpoint" time="9.336" /><testcase classname="tests.test_e2e_iteration73.TestDataModules" name="test_income_api" time="0.844" /><testcase classname="tests.test_e2e_iteration73.TestDataModules" name="test_expenses_api" time="0.891" /><testcase classname="tests.test_e2e_iteration73.TestDataModules" name="test_investments_api" time="0.850" /><testcase classname="tests.test_e2e_iteration73.TestDataModules" name="test_assets_api" time="0.877" /><testcase classname="tests.test_e2e_iteration73.TestDataModules" name="test_loans_api" time="0.847"><failure message="KeyError: 'name'">tests/test_e2e_iteration73.py:122: in test_loans_api
    loan_names = [l["name"] for l in data]
                 ^^^^^^^^^^^^^^^^^^^^^^^^^
tests/test_e2e_iteration73.py:122: in &lt;listcomp&gt;
    loan_names = [l["name"] for l in data]
                  ^^^^^^^^^
E   KeyError: 'name'</failure></testcase><testcase classname="tests.test_e2e_iteration73.TestDataModules" name="test_insurances_api" time="0.806"><failure message="KeyError: 'policyType'">tests/test_e2e_iteration73.py:133: in test_insurances_api
    types = [i["policyType"] for i in data]
            ^^^^^^^^^^^^^^^^^^^^^^^^^^^^^^^
tests/test_e2e_iteration73.py:133: in &lt;listcomp&gt;
    types = [i["policyType"] for i in data]
             ^^^^^^^^^^^^^^^
E   KeyError: 'policyType'</failure></testcase><testcase classname="tests.test_e2e_iteration73.TestDataModules" name="test_credit_cards_api" time="0.820" /><testcase classname="tests.test_e2e_iteration73.TestDataModules" name="test_accounts_api" time="0.810" /><testcase classname="tests.test_e2e_iteration73.TestFinancialHealth" name="test_financial_health_endpoint" time="2.079" /><testcase classname="tests.test_e2e_iteration73.TestIntelligenceAPIs" name="test_control_score" time="2.263" /><testcase classname="tests.test_e2e_iteration73.TestIntelligenceAPIs" name="test_survival_clock" time="1.284" /><testcase classname="tests.test_e2e_iteration73.TestIntelligenceAPIs" name="test_money_pattern" time="4.267" /><testcase classname="tests.test_e2e_iteration73.TestReportGeneration" name="test_report_pdf_generation[expense]" time="1.020" /><testcase classname="tests.test_e2e_iteration73.TestReportGeneration" name="test_report_pdf_generation[income]" time="1.076" /><testcase classname="tests.test_e2e_iteration73.TestReportGeneration" name="test_report_pdf_generation[cashflow]" time="1.326" /><testcase classname="tests.test_e2e_iteration73.TestReportGeneration" name="test_report_pdf_generation[networth]" time="2.549" /><testcase classname="tests.test_e2e_iteration73.TestCRUDOperations" name="test_expense_edit_flow" time="0.925"><failure message="AssertionError: Update failed: {&quot;detail&quot;:[{&quot;type&quot;:&quot;missing&quot;,&quot;loc&quot;:[&quot;body&quot;,&quot;expenseName&quot;],&quot;msg&quot;:&quot;Field required&quot;,&quot;input&quot;:{&quot;expectedAmount&quot;:11000.0},&quot;url&quot;:&quot;https://errors.pydantic.dev/2.12/v/missing&quot;},{&quot;type&quot;:&quot;missing&quot;,&quot;loc&quot;:[&quot;body&quot;,&quot;expenseType&quot;],&quot;msg&quot;:&quot;Field required&quot;,&quot;input&quot;:{&quot;expectedAmount&quot;:11000.0},&quot;url&quot;:&quot;https://errors.pydantic.dev/2.12/v/missing&quot;},{&quot;type&quot;:&quot;missing&quot;,&quot;loc&quot;:[&quot;body&quot;,&quot;category&quot;],&quot;msg&quot;:&quot;Field required&quot;,&quot;input&quot;:{&quot;expectedAmount&quot;:11000.0},&quot;url&quot;:&quot;https://errors.pydantic.dev/2.12/v/missing&quot;},{&quot;type&quot;:&quot;missing&quot;,&quot;loc&quot;:[&quot;body&quot;,&quot;frequency&quot;],&quot;msg&quot;:&quot;Field required&quot;,&quot;input&quot;:{&quot;expectedAmount&quot;:11000.0},&quot;url&quot;:&quot;https://errors.pydantic.dev/2.12/v/missing&quot;}]}&#10;assert 422 == 200&#10; +  where 422 = &lt;Response [422]&gt;.status_code">tests/test_e2e_iteration73.py:271: in test_expense_edit_flow
    assert update_response.status_code == 200, f"Update failed: {update_response.text}"
E   AssertionError: Update failed: {"detail":[{"type":"missing","loc":["body","expenseName"],"msg":"Field required","input":{"expectedAmount":11000.0},"url":"https://errors.pydantic.dev/2.12/v/missing"},{"type":"missing","loc":["body","expenseType"],"msg":"Field required","input":{"expectedAmount":11000.0},"url":"https://errors.pydantic.dev/2.12/v/missing"},{"type":"missing","loc":["body","category"],"msg":"Field required","input":{"expectedAmount":11000.0},"url":"https://errors.pydantic.dev/2.12/v/missing"},{"type":"missing","loc":["body","frequency"],"msg":"Field required","input":{"expectedAmount":11000.0},"url":"https://errors.pydantic.dev/2.12/v/missing"}]}
E   assert 422 == 200
E    +  where 422 = &lt;Response [422]&gt;.status_code</failure></testcase><testcase classname="tests.test_e2e_iteration73.TestCRUDOperations" name="test_create_and_delete_test_expense" time="3.468" /></testsuite></testsuites>