<?xml version="1.0" encoding="utf-8"?><testsuites name="pytest tests"><testsuite name="pytest" errors="0" failures="0" skipped="0" tests="19" time="41.817" timestamp="2026-02-25T14:14:32.008841+00:00" hostname="agent-env-5bf91ba2-dcae-4421-b5ac-2f56636332bd"><testcase classname="tests.test_e2e_iteration73.TestDashboardNetworth" name="test_networth_endpoint" time="11.199" /><testcase classname="tests.test_e2e_iteration73.TestDataModules" name="test_income_api" time="0.802" /><testcase classname="tests.test_e2e_iteration73.TestDataModules" name="test_expenses_api" time="0.797" /><testcase classname="tests.test_e2e_iteration73.TestDataModules" name="test_investments_api" time="0.798" /><testcase classname="tests.test_e2e_iteration73.TestDataModules" name="test_assets_api" time="0.811" /><testcase classname="tests.test_e2e_iteration73.TestDataModules" name="test_loans_api" time="1.513" /><testcase classname="tests.test_e2e_iteration73.TestDataModules" name="test_insurances_api" time="0.787" /><testcase classname="tests.test_e2e_iteration73.TestDataModules" name="test_credit_cards_api" time="0.793" /><testcase classname="tests.test_e2e_iteration73.TestDataModules" name="test_accounts_api" time="0.783" /><testcase classname="tests.test_e2e_iteration73.TestFinancialHealth" name="test_financial_health_endpoint" time="2.112" /><testcase classname="tests.test_e2e_iteration73.TestIntelligenceAPIs" name="test_control_score" time="2.253" /><testcase classname="tests.test_e2e_iteration73.TestIntelligenceAPIs" name="test_survival_clock" time="1.275" /><testcase classname="tests.test_e2e_iteration73.TestIntelligenceAPIs" name="test_money_pattern" time="4.209" /><testcase classname="tests.test_e2e_iteration73.TestReportGeneration" name="test_report_pdf_generation[expense]" time="0.976" /><testcase classname="tests.test_e2e_iteration73.TestReportGeneration" name="test_report_pdf_generation[income]" time="1.085" /><testcase classname="tests.test_e2e_iteration73.TestReportGeneration" name="test_report_pdf_generation[cashflow]" time="1.347" /><testcase classname="tests.test_e2e_iteration73.TestReportGeneration" name="test_report_pdf_generation[networth]" time="2.522" /><testcase classname="tests.test_e2e_iteration73.TestCRUDOperations" name="test_expense_edit_flow" time="4.167" /><testcase classname="tests.test_e2e_iteration73.TestCRUDOperations" name="test_create_and_delete_test_expense" time="3.490" /></testsuite></testsuites>