<?xml version="1.0" encoding="utf-8"?><testsuites name="pytest tests"><testsuite name="pytest" errors="0" failures="0" skipped="0" tests="14" time="3.430" timestamp="2026-02-22T08:17:58.983162+00:00" hostname="agent-env-4947e5b3-e21e-4a82-bc52-a8a492dccdd2"><testcase classname="backend.tests.test_entity_uniqueness.TestEntityUniquenessAPI" name="test_endpoint_exists" time="0.307" /><testcase classname="backend.tests.test_entity_uniqueness.TestEntityUniquenessAPI" name="test_check_uniqueness_assets_unique_name" time="0.214" /><testcase classname="backend.tests.test_entity_uniqueness.TestEntityUniquenessAPI" name="test_check_uniqueness_loans_unique_name" time="0.193" /><testcase classname="backend.tests.test_entity_uniqueness.TestEntityUniquenessAPI" name="test_check_uniqueness_expenses_unique_name" time="0.171" /><testcase classname="backend.tests.test_entity_uniqueness.TestEntityUniquenessAPI" name="test_check_uniqueness_credit_cards_unique_name" time="0.176" /><testcase classname="backend.tests.test_entity_uniqueness.TestEntityUniquenessAPI" name="test_check_uniqueness_insurances_unique_name" time="0.217" /><testcase classname="backend.tests.test_entity_uniqueness.TestEntityUniquenessAPI" name="test_check_uniqueness_invalid_collection" time="0.187" /><testcase classname="backend.tests.test_entity_uniqueness.TestEntityUniquenessAPI" name="test_check_uniqueness_empty_value" time="0.164" /><testcase classname="backend.tests.test_entity_uniqueness.TestEntityUniquenessAPI" name="test_check_uniqueness_case_insensitive" time="0.294" /><testcase classname="backend.tests.test_entity_uniqueness.TestEntityUniquenessAPI" name="test_check_uniqueness_with_exclude_id" time="0.365" /><testcase classname="backend.tests.test_entity_uniqueness.TestDuplicateNamePrevention" name="test_duplicate_asset_name_detected" time="0.294" /><testcase classname="backend.tests.test_entity_uniqueness.TestDuplicateNamePrevention" name="test_duplicate_loan_name_detected" time="0.286" /><testcase classname="backend.tests.test_entity_uniqueness.TestResponseStructure" name="test_available_response_structure" time="0.161" /><testcase classname="backend.tests.test_entity_uniqueness.TestResponseStructure" name="test_unavailable_response_structure" time="0.310" /></testsuite></testsuites>