<?xml version="1.0" encoding="utf-8"?><testsuites name="pytest tests"><testsuite name="pytest" errors="0" failures="0" skipped="0" tests="30" time="51.347" timestamp="2026-03-01T11:43:55.370663+00:00" hostname="agent-env-b4cc10fe-773f-4fe5-8a8b-6822c1fa4240"><testcase classname="backend.tests.test_entity_detail_pages.TestCreditCardDetail" name="test_get_credit_card_detail_returns_200" time="17.278" /><testcase classname="backend.tests.test_entity_detail_pages.TestCreditCardDetail" name="test_credit_card_detail_has_utilization" time="1.225" /><testcase classname="backend.tests.test_entity_detail_pages.TestCreditCardDetail" name="test_credit_card_detail_has_monthly_interest" time="1.380" /><testcase classname="backend.tests.test_entity_detail_pages.TestCreditCardDetail" name="test_credit_card_detail_has_months_to_payoff" time="1.231" /><testcase classname="backend.tests.test_entity_detail_pages.TestCreditCardDetail" name="test_credit_card_detail_has_available_credit" time="1.253" /><testcase classname="backend.tests.test_entity_detail_pages.TestCreditCardRecordPayment" name="test_record_payment_requires_amount" time="1.053" /><testcase classname="backend.tests.test_entity_detail_pages.TestCreditCardRecordPayment" name="test_record_payment_success" time="3.660" /><testcase classname="backend.tests.test_entity_detail_pages.TestInsuranceDetail" name="test_get_insurance_detail_returns_200" time="0.974" /><testcase classname="backend.tests.test_entity_detail_pages.TestInsuranceDetail" name="test_insurance_detail_has_premium_schedule" time="1.043" /><testcase classname="backend.tests.test_entity_detail_pages.TestInsuranceDetail" name="test_insurance_detail_has_summary" time="1.003" /><testcase classname="backend.tests.test_entity_detail_pages.TestAssetDetail" name="test_get_asset_detail_returns_200" time="0.771" /><testcase classname="backend.tests.test_entity_detail_pages.TestAssetDetail" name="test_asset_detail_has_appreciation_metrics" time="0.758" /><testcase classname="backend.tests.test_entity_detail_pages.TestAssetDetail" name="test_asset_detail_has_cagr" time="0.757" /><testcase classname="backend.tests.test_entity_detail_pages.TestIncomeDetail" name="test_get_income_detail_returns_200" time="1.013" /><testcase classname="backend.tests.test_entity_detail_pages.TestIncomeDetail" name="test_income_detail_has_schedule" time="1.007" /><testcase classname="backend.tests.test_entity_detail_pages.TestIncomeDetail" name="test_income_detail_has_transactions" time="0.998" /><testcase classname="backend.tests.test_entity_detail_pages.TestIncomeDetail" name="test_income_detail_has_summary" time="1.001" /><testcase classname="backend.tests.test_entity_detail_pages.TestExpenseDetail" name="test_get_expense_detail_returns_200" time="1.000" /><testcase classname="backend.tests.test_entity_detail_pages.TestExpenseDetail" name="test_expense_detail_has_monthly_equivalent" time="1.000" /><testcase classname="backend.tests.test_entity_detail_pages.TestExpenseDetail" name="test_expense_detail_has_expense_to_income_percent" time="1.174" /><testcase classname="backend.tests.test_entity_detail_pages.TestAccountDetail" name="test_get_account_detail_returns_200" time="1.710" /><testcase classname="backend.tests.test_entity_detail_pages.TestAccountDetail" name="test_account_detail_has_balance_metrics" time="1.708" /><testcase classname="backend.tests.test_entity_detail_pages.TestAccountDetail" name="test_account_detail_has_monthly_flow" time="1.724" /><testcase classname="backend.tests.test_entity_detail_pages.TestAccountDetail" name="test_account_detail_has_linked_entities" time="1.711" /><testcase classname="backend.tests.test_entity_detail_pages.TestListEndpoints" name="test_get_credit_cards_list" time="0.751" /><testcase classname="backend.tests.test_entity_detail_pages.TestListEndpoints" name="test_get_insurances_list" time="0.765" /><testcase classname="backend.tests.test_entity_detail_pages.TestListEndpoints" name="test_get_assets_list" time="0.762" /><testcase classname="backend.tests.test_entity_detail_pages.TestListEndpoints" name="test_get_income_list" time="0.757" /><testcase classname="backend.tests.test_entity_detail_pages.TestListEndpoints" name="test_get_expenses_list" time="1.003" /><testcase classname="backend.tests.test_entity_detail_pages.TestListEndpoints" name="test_get_accounts_list" time="0.778" /></testsuite></testsuites>