<?xml version="1.0" encoding="utf-8"?><testsuites name="pytest tests"><testsuite name="pytest" errors="0" failures="1" skipped="0" tests="38" time="84.793" timestamp="2026-03-22T09:55:06.477234+00:00" hostname="agent-env-3619970f-71ba-4745-ac99-2b31b34c25d2"><testcase classname="backend.tests.test_essential_expense_iter186.TestEssentialAutoDetection" name="test_sip_expense_auto_sets_non_essential" time="15.506" /><testcase classname="backend.tests.test_essential_expense_iter186.TestEssentialAutoDetection" name="test_mutual_fund_expense_auto_sets_non_essential" time="1.725" /><testcase classname="backend.tests.test_essential_expense_iter186.TestEssentialAutoDetection" name="test_ppf_expense_auto_sets_non_essential" time="1.728" /><testcase classname="backend.tests.test_essential_expense_iter186.TestEssentialAutoDetection" name="test_housing_expense_auto_sets_essential" time="1.735" /><testcase classname="backend.tests.test_essential_expense_iter186.TestEssentialAutoDetection" name="test_rent_name_pattern_sets_essential" time="1.762" /><testcase classname="backend.tests.test_essential_expense_iter186.TestEssentialAutoDetection" name="test_utilities_category_sets_essential" time="1.750" /><testcase classname="backend.tests.test_essential_expense_iter186.TestEssentialAutoDetection" name="test_emi_category_sets_essential" time="1.734" /><testcase classname="backend.tests.test_essential_expense_iter186.TestEssentialAutoDetection" name="test_medical_category_sets_essential" time="1.730" /><testcase classname="backend.tests.test_essential_expense_iter186.TestEssentialUserOverride" name="test_explicit_essential_true_overrides_auto_detection" time="1.764" /><testcase classname="backend.tests.test_essential_expense_iter186.TestEssentialUserOverride" name="test_explicit_essential_false_overrides_auto_detection" time="1.736" /><testcase classname="backend.tests.test_essential_expense_iter186.TestToggleEssentialEndpoint" name="test_toggle_essential_to_true" time="3.230" /><testcase classname="backend.tests.test_essential_expense_iter186.TestToggleEssentialEndpoint" name="test_toggle_essential_to_false" time="2.472" /><testcase classname="backend.tests.test_essential_expense_iter186.TestToggleEssentialEndpoint" name="test_toggle_essential_missing_field" time="2.245"><failure message="assert 'isEssential' in '{&quot;detail&quot;:&quot;isessential field required&quot;}'&#10; +  where '{&quot;detail&quot;:&quot;isessential field required&quot;}' = &lt;built-in method lower of str object at 0xff4f5b30afd0&gt;()&#10; +    where &lt;built-in method lower of str object at 0xff4f5b30afd0&gt; = '{&quot;detail&quot;:&quot;isEssential field required&quot;}'.lower&#10; +      where '{&quot;detail&quot;:&quot;isEssential field required&quot;}' = &lt;Response [400]&gt;.text">backend/tests/test_essential_expense_iter186.py:386: in test_toggle_essential_missing_field
    assert "isEssential" in toggle_resp.text.lower()
E   assert 'isEssential' in '{"detail":"isessential field required"}'
E    +  where '{"detail":"isessential field required"}' = &lt;built-in method lower of str object at 0xff4f5b30afd0&gt;()
E    +    where &lt;built-in method lower of str object at 0xff4f5b30afd0&gt; = '{"detail":"isEssential field required"}'.lower
E    +      where '{"detail":"isEssential field required"}' = &lt;Response [400]&gt;.text</failure></testcase><testcase classname="backend.tests.test_essential_expense_iter186.TestToggleEssentialEndpoint" name="test_toggle_essential_nonexistent_expense" time="0.741" /><testcase classname="backend.tests.test_essential_expense_iter186.TestGetExpensesReturnsEssential" name="test_get_expenses_includes_essential_field" time="4.201" /><testcase classname="backend.tests.test_essential_expense_iter186.TestGetExpensesReturnsEssential" name="test_expense_list_summary_includes_essential" time="2.713" /><testcase classname="backend.tests.test_essential_expense_iter186.TestNonEssentialNamePatterns" name="test_non_essential_patterns[sip-Monthly SIP Investment]" time="1.721" /><testcase classname="backend.tests.test_essential_expense_iter186.TestNonEssentialNamePatterns" name="test_non_essential_patterns[mutual fund-Mutual Fund SIP]" time="1.741" /><testcase classname="backend.tests.test_essential_expense_iter186.TestNonEssentialNamePatterns" name="test_non_essential_patterns[mf -MF Contribution]" time="1.735" /><testcase classname="backend.tests.test_essential_expense_iter186.TestNonEssentialNamePatterns" name="test_non_essential_patterns[ppf-PPF Yearly]" time="1.727" /><testcase classname="backend.tests.test_essential_expense_iter186.TestNonEssentialNamePatterns" name="test_non_essential_patterns[nps-NPS Contribution]" time="1.726" /><testcase classname="backend.tests.test_essential_expense_iter186.TestNonEssentialNamePatterns" name="test_non_essential_patterns[elss-ELSS Tax Saver]" time="1.725" /><testcase classname="backend.tests.test_essential_expense_iter186.TestNonEssentialNamePatterns" name="test_non_essential_patterns[etf-ETF Investment]" time="1.727" /><testcase classname="backend.tests.test_essential_expense_iter186.TestNonEssentialNamePatterns" name="test_non_essential_patterns[gold saving-Gold Saving Scheme]" time="1.722" /><testcase classname="backend.tests.test_essential_expense_iter186.TestNonEssentialNamePatterns" name="test_non_essential_patterns[investment-Investment Plan]" time="1.751" /><testcase classname="backend.tests.test_essential_expense_iter186.TestEssentialNamePatterns" name="test_essential_patterns[emi-Home EMI Payment]" time="1.733" /><testcase classname="backend.tests.test_essential_expense_iter186.TestEssentialNamePatterns" name="test_essential_patterns[loan-Personal Loan Repayment]" time="1.729" /><testcase classname="backend.tests.test_essential_expense_iter186.TestEssentialNamePatterns" name="test_essential_patterns[rent-Office Rent]" time="1.718" /><testcase classname="backend.tests.test_essential_expense_iter186.TestEssentialNamePatterns" name="test_essential_patterns[insurance premium-Life Insurance Premium]" time="1.727" /><testcase classname="backend.tests.test_essential_expense_iter186.TestEssentialNamePatterns" name="test_essential_patterns[premium-Health Premium]" time="1.721" /><testcase classname="backend.tests.test_essential_expense_iter186.TestEssentialNamePatterns" name="test_essential_patterns[petrol-Petrol Expense]" time="1.720" /><testcase classname="backend.tests.test_essential_expense_iter186.TestEssentialNamePatterns" name="test_essential_patterns[diesel-Diesel Expense]" time="1.713" /><testcase classname="backend.tests.test_essential_expense_iter186.TestEssentialNamePatterns" name="test_essential_patterns[fuel-Fuel Expense]" time="1.709" /><testcase classname="backend.tests.test_essential_expense_iter186.TestEssentialNamePatterns" name="test_essential_patterns[electricity-Electricity Bill]" time="1.724" /><testcase classname="backend.tests.test_essential_expense_iter186.TestEssentialNamePatterns" name="test_essential_patterns[grocery-Monthly Grocery]" time="1.705" /><testcase classname="backend.tests.test_essential_expense_iter186.TestEssentialNamePatterns" name="test_essential_patterns[medicine-Medicine Expense]" time="1.706" /><testcase classname="backend.tests.test_essential_expense_iter186.TestEssentialNamePatterns" name="test_essential_patterns[school fee-School Fee]" time="1.709" /><testcase classname="backend.tests.test_essential_expense_iter186.TestEssentialNamePatterns" name="test_essential_patterns[tuition-Tuition Fee]" time="1.705" /></testsuite></testsuites>