<?xml version="1.0" encoding="utf-8"?><testsuites name="pytest tests"><testsuite name="pytest" errors="0" failures="1" skipped="1" tests="12" time="91.806" timestamp="2026-02-27T07:44:52.769529+00:00" hostname="agent-env-25edbdb1-488b-4303-840b-e54addb6b19a"><testcase classname="backend.tests.test_expense_undo_actions.TestExpenseUndoActions" name="test_mark_paid_endpoint" time="21.958" /><testcase classname="backend.tests.test_expense_undo_actions.TestExpenseUndoActions" name="test_unmark_paid_endpoint" time="14.186" /><testcase classname="backend.tests.test_expense_undo_actions.TestExpenseUndoActions" name="test_prepay_endpoint" time="8.431" /><testcase classname="backend.tests.test_expense_undo_actions.TestExpenseUndoActions" name="test_undo_prepay_endpoint_success" time="7.896"><skipped type="pytest.skip" message="Could not prepay expense to test undo">/app/backend/tests/test_expense_undo_actions.py:136: Could not prepay expense to test undo</skipped></testcase><testcase classname="backend.tests.test_expense_undo_actions.TestExpenseUndoActions" name="test_undo_prepay_no_record_404" time="7.877"><failure message="AssertionError: Expected 404, got 200&#10;assert 200 == 404&#10; +  where 200 = &lt;Response [200]&gt;.status_code">backend/tests/test_expense_undo_actions.py:161: in test_undo_prepay_no_record_404
    assert undo_res.status_code == 404, f"Expected 404, got {undo_res.status_code}"
E   AssertionError: Expected 404, got 200
E   assert 200 == 404
E    +  where 200 = &lt;Response [200]&gt;.status_code</failure></testcase><testcase classname="backend.tests.test_expense_undo_actions.TestExpenseUndoActions" name="test_get_expenses_by_month_display_status" time="6.868" /><testcase classname="backend.tests.test_expense_undo_actions.TestExpenseUndoActions" name="test_get_expenses_by_month_no_param_defaults_to_current" time="6.879" /><testcase classname="backend.tests.test_expense_undo_actions.TestExpenseUndoActions" name="test_mark_paid_nonexistent_expense" time="1.385" /><testcase classname="backend.tests.test_expense_undo_actions.TestExpenseUndoActions" name="test_unmark_paid_nonexistent_expense" time="1.349" /><testcase classname="backend.tests.test_expense_undo_actions.TestExpenseByMonthFiltering" name="test_by_month_current_month" time="6.858" /><testcase classname="backend.tests.test_expense_undo_actions.TestExpenseByMonthFiltering" name="test_by_month_next_month" time="6.860" /><testcase classname="backend.tests.test_expense_undo_actions.TestExpenseByMonthFiltering" name="test_by_month_invalid_format" time="1.153" /></testsuite></testsuites>