<?xml version="1.0" encoding="utf-8"?><testsuites name="pytest tests"><testsuite name="pytest" errors="0" failures="0" skipped="0" tests="16" time="7.439" timestamp="2026-02-13T14:18:23.978353+00:00" hostname="agent-env-18190671-5eb6-4801-a92d-b75d34ceb5ab"><testcase classname="backend.tests.test_expense_loan_insurance_auto_create.TestLoanAutoCreateExpense" name="test_create_loan_with_auto_expense_enabled" time="0.739" /><testcase classname="backend.tests.test_expense_loan_insurance_auto_create.TestLoanAutoCreateExpense" name="test_create_loan_with_auto_expense_disabled" time="0.460" /><testcase classname="backend.tests.test_expense_loan_insurance_auto_create.TestInsuranceAutoCreateExpense" name="test_create_insurance_with_auto_expense_enabled" time="0.612" /><testcase classname="backend.tests.test_expense_loan_insurance_auto_create.TestInsuranceAutoCreateExpense" name="test_create_insurance_with_monthly_premium" time="0.639" /><testcase classname="backend.tests.test_expense_loan_insurance_auto_create.TestInsuranceAutoCreateExpense" name="test_create_insurance_with_auto_expense_disabled" time="0.515" /><testcase classname="backend.tests.test_expense_loan_insurance_auto_create.TestExpensesWithNextDate" name="test_get_expenses_with_next_date_endpoint_exists" time="0.118" /><testcase classname="backend.tests.test_expense_loan_insurance_auto_create.TestExpensesWithNextDate" name="test_expenses_include_next_deduction_date" time="0.458" /><testcase classname="backend.tests.test_expense_loan_insurance_auto_create.TestExpensesWithNextDate" name="test_linked_loan_name_populated" time="0.540" /><testcase classname="backend.tests.test_expense_loan_insurance_auto_create.TestExpensesWithNextDate" name="test_linked_insurance_name_populated" time="0.658" /><testcase classname="backend.tests.test_expense_loan_insurance_auto_create.TestNextDeductionDateCalculation" name="test_daily_expense_next_date" time="0.366" /><testcase classname="backend.tests.test_expense_loan_insurance_auto_create.TestNextDeductionDateCalculation" name="test_weekly_expense_next_date" time="0.478" /><testcase classname="backend.tests.test_expense_loan_insurance_auto_create.TestNextDeductionDateCalculation" name="test_monthly_expense_next_date" time="0.657" /><testcase classname="backend.tests.test_expense_loan_insurance_auto_create.TestNextDeductionDateCalculation" name="test_yearly_expense_next_date" time="0.563" /><testcase classname="backend.tests.test_expense_loan_insurance_auto_create.TestCleanup" name="test_cleanup_test_expenses" time="0.111" /><testcase classname="backend.tests.test_expense_loan_insurance_auto_create.TestCleanup" name="test_cleanup_test_loans" time="0.144" /><testcase classname="backend.tests.test_expense_loan_insurance_auto_create.TestCleanup" name="test_cleanup_test_insurances" time="0.172" /></testsuite></testsuites>