<?xml version="1.0" encoding="utf-8"?><testsuites name="pytest tests"><testsuite name="pytest" errors="0" failures="0" skipped="0" tests="7" time="22.559" timestamp="2026-03-20T16:46:20.808957+00:00" hostname="agent-env-f8f9385c-1cd2-435c-a518-1cdb4617ea6a"><testcase classname="backend.tests.test_expense_detail_navigation.TestExpenseDetailAPI" name="test_expense_detail_endpoint_returns_200" time="14.470" /><testcase classname="backend.tests.test_expense_detail_navigation.TestExpenseDetailAPI" name="test_expense_detail_has_payment_status" time="1.375" /><testcase classname="backend.tests.test_expense_detail_navigation.TestExpenseDetailAPI" name="test_expense_detail_has_schedule" time="1.326" /><testcase classname="backend.tests.test_expense_detail_navigation.TestExpenseDetailAPI" name="test_expense_detail_has_metrics" time="1.323" /><testcase classname="backend.tests.test_expense_detail_navigation.TestExpenseDetailAPI" name="test_expense_detail_has_expense_data" time="1.366" /><testcase classname="backend.tests.test_expense_detail_navigation.TestExpenseDetailAPI" name="test_expense_not_found_returns_404" time="2.501" /><testcase classname="backend.tests.test_expense_detail_navigation.TestExpenseDetailAPI" name="test_unauthenticated_returns_401" time="0.133" /></testsuite></testsuites>