<?xml version="1.0" encoding="utf-8"?><testsuites name="pytest tests"><testsuite name="pytest" errors="0" failures="0" skipped="11" tests="13" time="7.967" timestamp="2026-02-28T08:09:42.891893+00:00" hostname="agent-env-8891b74c-1afb-4468-9115-e4025b98ebc9"><testcase classname="backend.tests.test_expense_views.TestMonthlySummaryAPI" name="test_monthly_summary_returns_200" time="7.604"><skipped type="pytest.skip" message="Authentication failed: {&quot;detail&quot;:[{&quot;type&quot;:&quot;missing&quot;,&quot;loc&quot;:[&quot;body&quot;,&quot;username&quot;],&quot;msg&quot;:&quot;Field required&quot;,&quot;input&quot;:{&quot;email&quot;:&quot;test@moneyssutra.com&quot;,&quot;password&quot;:&quot;test&quot;},&quot;url&quot;:&quot;https://errors.pydantic.dev/2.12/v/missing&quot;}]}">/app/backend/tests/test_expense_views.py:34: Authentication failed: {"detail":[{"type":"missing","loc":["body","username"],"msg":"Field required","input":{"email":"test@moneyssutra.com","password":"test"},"url":"https://errors.pydantic.dev/2.12/v/missing"}]}</skipped></testcase><testcase classname="backend.tests.test_expense_views.TestMonthlySummaryAPI" name="test_monthly_summary_structure" time="0.000"><skipped type="pytest.skip" message="Authentication failed: {&quot;detail&quot;:[{&quot;type&quot;:&quot;missing&quot;,&quot;loc&quot;:[&quot;body&quot;,&quot;username&quot;],&quot;msg&quot;:&quot;Field required&quot;,&quot;input&quot;:{&quot;email&quot;:&quot;test@moneyssutra.com&quot;,&quot;password&quot;:&quot;test&quot;},&quot;url&quot;:&quot;https://errors.pydantic.dev/2.12/v/missing&quot;}]}">/app/backend/tests/test_expense_views.py:40: Authentication failed: {"detail":[{"type":"missing","loc":["body","username"],"msg":"Field required","input":{"email":"test@moneyssutra.com","password":"test"},"url":"https://errors.pydantic.dev/2.12/v/missing"}]}</skipped></testcase><testcase classname="backend.tests.test_expense_views.TestMonthlySummaryAPI" name="test_monthly_summary_month_structure" time="0.000"><skipped type="pytest.skip" message="Authentication failed: {&quot;detail&quot;:[{&quot;type&quot;:&quot;missing&quot;,&quot;loc&quot;:[&quot;body&quot;,&quot;username&quot;],&quot;msg&quot;:&quot;Field required&quot;,&quot;input&quot;:{&quot;email&quot;:&quot;test@moneyssutra.com&quot;,&quot;password&quot;:&quot;test&quot;},&quot;url&quot;:&quot;https://errors.pydantic.dev/2.12/v/missing&quot;}]}">/app/backend/tests/test_expense_views.py:57: Authentication failed: {"detail":[{"type":"missing","loc":["body","username"],"msg":"Field required","input":{"email":"test@moneyssutra.com","password":"test"},"url":"https://errors.pydantic.dev/2.12/v/missing"}]}</skipped></testcase><testcase classname="backend.tests.test_expense_views.TestMonthlySummaryAPI" name="test_monthly_summary_insights_max_3" time="0.000"><skipped type="pytest.skip" message="Authentication failed: {&quot;detail&quot;:[{&quot;type&quot;:&quot;missing&quot;,&quot;loc&quot;:[&quot;body&quot;,&quot;username&quot;],&quot;msg&quot;:&quot;Field required&quot;,&quot;input&quot;:{&quot;email&quot;:&quot;test@moneyssutra.com&quot;,&quot;password&quot;:&quot;test&quot;},&quot;url&quot;:&quot;https://errors.pydantic.dev/2.12/v/missing&quot;}]}">/app/backend/tests/test_expense_views.py:78: Authentication failed: {"detail":[{"type":"missing","loc":["body","username"],"msg":"Field required","input":{"email":"test@moneyssutra.com","password":"test"},"url":"https://errors.pydantic.dev/2.12/v/missing"}]}</skipped></testcase><testcase classname="backend.tests.test_expense_views.TestWeeklySummaryAPI" name="test_weekly_summary_returns_200" time="0.000"><skipped type="pytest.skip" message="Authentication failed: {&quot;detail&quot;:[{&quot;type&quot;:&quot;missing&quot;,&quot;loc&quot;:[&quot;body&quot;,&quot;username&quot;],&quot;msg&quot;:&quot;Field required&quot;,&quot;input&quot;:{&quot;email&quot;:&quot;test@moneyssutra.com&quot;,&quot;password&quot;:&quot;test&quot;},&quot;url&quot;:&quot;https://errors.pydantic.dev/2.12/v/missing&quot;}]}">/app/backend/tests/test_expense_views.py:91: Authentication failed: {"detail":[{"type":"missing","loc":["body","username"],"msg":"Field required","input":{"email":"test@moneyssutra.com","password":"test"},"url":"https://errors.pydantic.dev/2.12/v/missing"}]}</skipped></testcase><testcase classname="backend.tests.test_expense_views.TestWeeklySummaryAPI" name="test_weekly_summary_structure" time="0.000"><skipped type="pytest.skip" message="Authentication failed: {&quot;detail&quot;:[{&quot;type&quot;:&quot;missing&quot;,&quot;loc&quot;:[&quot;body&quot;,&quot;username&quot;],&quot;msg&quot;:&quot;Field required&quot;,&quot;input&quot;:{&quot;email&quot;:&quot;test@moneyssutra.com&quot;,&quot;password&quot;:&quot;test&quot;},&quot;url&quot;:&quot;https://errors.pydantic.dev/2.12/v/missing&quot;}]}">/app/backend/tests/test_expense_views.py:97: Authentication failed: {"detail":[{"type":"missing","loc":["body","username"],"msg":"Field required","input":{"email":"test@moneyssutra.com","password":"test"},"url":"https://errors.pydantic.dev/2.12/v/missing"}]}</skipped></testcase><testcase classname="backend.tests.test_expense_views.TestWeeklySummaryAPI" name="test_weekly_summary_week_structure" time="0.000"><skipped type="pytest.skip" message="Authentication failed: {&quot;detail&quot;:[{&quot;type&quot;:&quot;missing&quot;,&quot;loc&quot;:[&quot;body&quot;,&quot;username&quot;],&quot;msg&quot;:&quot;Field required&quot;,&quot;input&quot;:{&quot;email&quot;:&quot;test@moneyssutra.com&quot;,&quot;password&quot;:&quot;test&quot;},&quot;url&quot;:&quot;https://errors.pydantic.dev/2.12/v/missing&quot;}]}">/app/backend/tests/test_expense_views.py:111: Authentication failed: {"detail":[{"type":"missing","loc":["body","username"],"msg":"Field required","input":{"email":"test@moneyssutra.com","password":"test"},"url":"https://errors.pydantic.dev/2.12/v/missing"}]}</skipped></testcase><testcase classname="backend.tests.test_expense_views.TestWeeklySummaryAPI" name="test_weekly_summary_8_weeks" time="0.000"><skipped type="pytest.skip" message="Authentication failed: {&quot;detail&quot;:[{&quot;type&quot;:&quot;missing&quot;,&quot;loc&quot;:[&quot;body&quot;,&quot;username&quot;],&quot;msg&quot;:&quot;Field required&quot;,&quot;input&quot;:{&quot;email&quot;:&quot;test@moneyssutra.com&quot;,&quot;password&quot;:&quot;test&quot;},&quot;url&quot;:&quot;https://errors.pydantic.dev/2.12/v/missing&quot;}]}">/app/backend/tests/test_expense_views.py:138: Authentication failed: {"detail":[{"type":"missing","loc":["body","username"],"msg":"Field required","input":{"email":"test@moneyssutra.com","password":"test"},"url":"https://errors.pydantic.dev/2.12/v/missing"}]}</skipped></testcase><testcase classname="backend.tests.test_expense_views.TestExpensesByMonthAPI" name="test_by_month_returns_200" time="0.001"><skipped type="pytest.skip" message="Authentication failed: {&quot;detail&quot;:[{&quot;type&quot;:&quot;missing&quot;,&quot;loc&quot;:[&quot;body&quot;,&quot;username&quot;],&quot;msg&quot;:&quot;Field required&quot;,&quot;input&quot;:{&quot;email&quot;:&quot;test@moneyssutra.com&quot;,&quot;password&quot;:&quot;test&quot;},&quot;url&quot;:&quot;https://errors.pydantic.dev/2.12/v/missing&quot;}]}">/app/backend/tests/test_expense_views.py:151: Authentication failed: {"detail":[{"type":"missing","loc":["body","username"],"msg":"Field required","input":{"email":"test@moneyssutra.com","password":"test"},"url":"https://errors.pydantic.dev/2.12/v/missing"}]}</skipped></testcase><testcase classname="backend.tests.test_expense_views.TestExpensesByMonthAPI" name="test_by_month_with_month_param" time="0.000"><skipped type="pytest.skip" message="Authentication failed: {&quot;detail&quot;:[{&quot;type&quot;:&quot;missing&quot;,&quot;loc&quot;:[&quot;body&quot;,&quot;username&quot;],&quot;msg&quot;:&quot;Field required&quot;,&quot;input&quot;:{&quot;email&quot;:&quot;test@moneyssutra.com&quot;,&quot;password&quot;:&quot;test&quot;},&quot;url&quot;:&quot;https://errors.pydantic.dev/2.12/v/missing&quot;}]}">/app/backend/tests/test_expense_views.py:157: Authentication failed: {"detail":[{"type":"missing","loc":["body","username"],"msg":"Field required","input":{"email":"test@moneyssutra.com","password":"test"},"url":"https://errors.pydantic.dev/2.12/v/missing"}]}</skipped></testcase><testcase classname="backend.tests.test_expense_views.TestExpensesByMonthAPI" name="test_by_month_expense_structure" time="0.000"><skipped type="pytest.skip" message="Authentication failed: {&quot;detail&quot;:[{&quot;type&quot;:&quot;missing&quot;,&quot;loc&quot;:[&quot;body&quot;,&quot;username&quot;],&quot;msg&quot;:&quot;Field required&quot;,&quot;input&quot;:{&quot;email&quot;:&quot;test@moneyssutra.com&quot;,&quot;password&quot;:&quot;test&quot;},&quot;url&quot;:&quot;https://errors.pydantic.dev/2.12/v/missing&quot;}]}">/app/backend/tests/test_expense_views.py:165: Authentication failed: {"detail":[{"type":"missing","loc":["body","username"],"msg":"Field required","input":{"email":"test@moneyssutra.com","password":"test"},"url":"https://errors.pydantic.dev/2.12/v/missing"}]}</skipped></testcase><testcase classname="backend.tests.test_expense_views.TestAuthRequirement" name="test_monthly_summary_requires_auth" time="0.141" /><testcase classname="backend.tests.test_expense_views.TestAuthRequirement" name="test_weekly_summary_requires_auth" time="0.153" /></testsuite></testsuites>