<?xml version="1.0" encoding="utf-8"?><testsuites name="pytest tests"><testsuite name="pytest" errors="0" failures="0" skipped="0" tests="7" time="24.846" timestamp="2026-02-25T13:07:47.245711+00:00" hostname="agent-env-5bf91ba2-dcae-4421-b5ac-2f56636332bd"><testcase classname="backend.tests.test_expense_normalization.TestExpenseNormalization" name="test_dashboard_networth_returns_monthly_expenses" time="11.436" /><testcase classname="backend.tests.test_expense_normalization.TestExpenseNormalization" name="test_expenses_list_returns_all_expenses" time="1.705" /><testcase classname="backend.tests.test_expense_normalization.TestExpenseNormalization" name="test_dashboard_expense_matches_normalized_total" time="3.722" /><testcase classname="backend.tests.test_expense_normalization.TestExpenseNormalization" name="test_expense_breakdown_by_frequency" time="1.432" /><testcase classname="backend.tests.test_expense_normalization.TestExpenseNormalization" name="test_individual_expense_amounts_unchanged" time="1.413" /><testcase classname="backend.tests.test_expense_normalization.TestExpensesWithNextDate" name="test_expenses_with_next_date_endpoint" time="3.612" /><testcase classname="backend.tests.test_expense_normalization.TestFixedVsVariableExpenses" name="test_fixed_vs_variable_expense_split" time="1.452" /></testsuite></testsuites>