<?xml version="1.0" encoding="utf-8"?><testsuites name="pytest tests"><testsuite name="pytest" errors="0" failures="0" skipped="0" tests="13" time="57.091" timestamp="2026-03-20T11:44:42.302508+00:00" hostname="agent-env-22d53583-b46b-4737-8a90-41640cd44fa1"><testcase classname="backend.tests.test_expense_breakdown_consistency_iter147.TestExpenseBreakdownConsistency" name="test_breakdown_requires_auth" time="11.283" /><testcase classname="backend.tests.test_expense_breakdown_consistency_iter147.TestExpenseBreakdownConsistency" name="test_monthly_summary_requires_auth" time="0.119" /><testcase classname="backend.tests.test_expense_breakdown_consistency_iter147.TestExpenseBreakdownConsistency" name="test_breakdown_returns_user_specific_data" time="4.798" /><testcase classname="backend.tests.test_expense_breakdown_consistency_iter147.TestExpenseBreakdownConsistency" name="test_breakdown_has_fixed_variable_split" time="1.718" /><testcase classname="backend.tests.test_expense_breakdown_consistency_iter147.TestExpenseBreakdownConsistency" name="test_create_expenses_and_verify_breakdown" time="5.443" /><testcase classname="backend.tests.test_expense_breakdown_consistency_iter147.TestExpenseBreakdownConsistency" name="test_skipped_expenses_excluded_from_breakdown" time="7.246" /><testcase classname="backend.tests.test_expense_breakdown_consistency_iter147.TestExpenseBreakdownConsistency" name="test_quarterly_expense_em_dash_handling" time="3.500" /><testcase classname="backend.tests.test_expense_breakdown_consistency_iter147.TestExpenseBreakdownConsistency" name="test_quarterly_expense_non_applicable_month_excluded" time="5.207" /><testcase classname="backend.tests.test_expense_breakdown_consistency_iter147.TestExpenseBreakdownConsistency" name="test_breakdown_and_monthly_summary_totals_match" time="6.800" /><testcase classname="backend.tests.test_expense_breakdown_consistency_iter147.TestExpenseBreakdownConsistency" name="test_user_isolation_different_users_see_different_data" time="1.108" /><testcase classname="backend.tests.test_expense_breakdown_consistency_iter147.TestExpenseBreakdownConsistency" name="test_linked_payment_expenses_excluded" time="1.703" /><testcase classname="backend.tests.test_expense_breakdown_consistency_iter147.TestEmDashNormalization" name="test_em_dash_in_expenses_by_month" time="4.628" /><testcase classname="backend.tests.test_expense_breakdown_consistency_iter147.TestEmDashNormalization" name="test_half_yearly_em_dash_normalization" time="3.464" /></testsuite></testsuites>