<?xml version="1.0" encoding="utf-8"?><testsuites name="pytest tests"><testsuite name="pytest" errors="0" failures="0" skipped="0" tests="13" time="45.811" timestamp="2026-02-28T08:10:03.497812+00:00" hostname="agent-env-8891b74c-1afb-4468-9115-e4025b98ebc9"><testcase classname="backend.tests.test_expense_views.TestMonthlySummaryAPI" name="test_monthly_summary_returns_200" time="13.345" /><testcase classname="backend.tests.test_expense_views.TestMonthlySummaryAPI" name="test_monthly_summary_structure" time="1.409" /><testcase classname="backend.tests.test_expense_views.TestMonthlySummaryAPI" name="test_monthly_summary_month_structure" time="1.040" /><testcase classname="backend.tests.test_expense_views.TestMonthlySummaryAPI" name="test_monthly_summary_insights_max_3" time="1.031" /><testcase classname="backend.tests.test_expense_views.TestWeeklySummaryAPI" name="test_weekly_summary_returns_200" time="0.798" /><testcase classname="backend.tests.test_expense_views.TestWeeklySummaryAPI" name="test_weekly_summary_structure" time="0.799" /><testcase classname="backend.tests.test_expense_views.TestWeeklySummaryAPI" name="test_weekly_summary_week_structure" time="0.798" /><testcase classname="backend.tests.test_expense_views.TestWeeklySummaryAPI" name="test_weekly_summary_8_weeks" time="0.866" /><testcase classname="backend.tests.test_expense_views.TestExpensesByMonthAPI" name="test_by_month_returns_200" time="8.027" /><testcase classname="backend.tests.test_expense_views.TestExpensesByMonthAPI" name="test_by_month_with_month_param" time="8.756" /><testcase classname="backend.tests.test_expense_views.TestExpensesByMonthAPI" name="test_by_month_expense_structure" time="8.506" /><testcase classname="backend.tests.test_expense_views.TestAuthRequirement" name="test_monthly_summary_requires_auth" time="0.209" /><testcase classname="backend.tests.test_expense_views.TestAuthRequirement" name="test_weekly_summary_requires_auth" time="0.157" /></testsuite></testsuites>