<?xml version="1.0" encoding="utf-8"?><testsuites name="pytest tests"><testsuite name="pytest" errors="0" failures="0" skipped="0" tests="18" time="31.859" timestamp="2026-03-21T11:58:08.624730+00:00" hostname="agent-env-4aa32382-a869-4bad-9a95-0336e87668d5"><testcase classname="backend.tests.test_family_member_data_isolation_iter165.TestLoansEndpointMemberId" name="test_loans_without_member_id" time="14.171" /><testcase classname="backend.tests.test_family_member_data_isolation_iter165.TestLoansEndpointMemberId" name="test_loans_with_member_id" time="1.688" /><testcase classname="backend.tests.test_family_member_data_isolation_iter165.TestLoansEndpointMemberId" name="test_loans_with_invalid_member_id" time="0.956" /><testcase classname="backend.tests.test_family_member_data_isolation_iter165.TestInsurancesEndpointMemberId" name="test_insurances_without_member_id" time="0.728" /><testcase classname="backend.tests.test_family_member_data_isolation_iter165.TestInsurancesEndpointMemberId" name="test_insurances_with_member_id" time="0.956" /><testcase classname="backend.tests.test_family_member_data_isolation_iter165.TestCreditCardsEndpointMemberId" name="test_credit_cards_without_member_id" time="0.730" /><testcase classname="backend.tests.test_family_member_data_isolation_iter165.TestCreditCardsEndpointMemberId" name="test_credit_cards_with_member_id" time="1.023" /><testcase classname="backend.tests.test_family_member_data_isolation_iter165.TestExpensesEndpointMemberId" name="test_expenses_list_summary_without_member_id" time="0.963" /><testcase classname="backend.tests.test_family_member_data_isolation_iter165.TestExpensesEndpointMemberId" name="test_expenses_list_summary_with_member_id" time="1.187" /><testcase classname="backend.tests.test_family_member_data_isolation_iter165.TestExpensesEndpointMemberId" name="test_expenses_by_month_with_member_id" time="0.960" /><testcase classname="backend.tests.test_family_member_data_isolation_iter165.TestExpensesEndpointMemberId" name="test_expenses_skipped_history_with_member_id" time="0.959" /><testcase classname="backend.tests.test_family_member_data_isolation_iter165.TestIncomeEndpointMemberId" name="test_income_list_summary_without_member_id" time="0.959" /><testcase classname="backend.tests.test_family_member_data_isolation_iter165.TestIncomeEndpointMemberId" name="test_income_list_summary_with_member_id" time="1.188" /><testcase classname="backend.tests.test_family_member_data_isolation_iter165.TestIncomeEndpointMemberId" name="test_income_monthly_summary_with_member_id" time="1.189" /><testcase classname="backend.tests.test_family_member_data_isolation_iter165.TestOtherIncomeEndpointMemberId" name="test_other_income_without_member_id" time="0.736" /><testcase classname="backend.tests.test_family_member_data_isolation_iter165.TestOtherIncomeEndpointMemberId" name="test_other_income_with_member_id" time="0.965" /><testcase classname="backend.tests.test_family_member_data_isolation_iter165.TestDataIsolationVerification" name="test_member_data_differs_from_owner" time="1.693" /><testcase classname="backend.tests.test_family_member_data_isolation_iter165.TestFamilyEndpoint" name="test_get_family" time="0.734" /></testsuite></testsuites>