<?xml version="1.0" encoding="utf-8"?><testsuites name="pytest tests"><testsuite name="pytest" errors="0" failures="0" skipped="0" tests="19" time="32.006" timestamp="2026-03-21T19:09:40.864147+00:00" hostname="agent-env-34e0dc30-69a4-4e56-a4a7-98f2ff5dcb62"><testcase classname="backend.tests.test_family_view_apis.TestExpensesAPI" name="test_expenses_list_summary_personal" time="14.607" /><testcase classname="backend.tests.test_family_view_apis.TestExpensesAPI" name="test_expenses_list_summary_family" time="1.199" /><testcase classname="backend.tests.test_family_view_apis.TestExpensesAPI" name="test_expenses_by_month_personal" time="0.963" /><testcase classname="backend.tests.test_family_view_apis.TestExpensesAPI" name="test_expenses_by_month_family" time="1.197" /><testcase classname="backend.tests.test_family_view_apis.TestIncomeAPI" name="test_income_list_summary_personal" time="1.197" /><testcase classname="backend.tests.test_family_view_apis.TestIncomeAPI" name="test_income_list_summary_family" time="1.455" /><testcase classname="backend.tests.test_family_view_apis.TestIncomeAPI" name="test_income_monthly_summary_personal" time="1.219" /><testcase classname="backend.tests.test_family_view_apis.TestIncomeAPI" name="test_income_monthly_summary_family" time="1.425" /><testcase classname="backend.tests.test_family_view_apis.TestOtherIncomeAPI" name="test_other_income_personal" time="0.751" /><testcase classname="backend.tests.test_family_view_apis.TestOtherIncomeAPI" name="test_other_income_family" time="0.995" /><testcase classname="backend.tests.test_family_view_apis.TestInvestmentsAPI" name="test_investments_personal" time="0.752" /><testcase classname="backend.tests.test_family_view_apis.TestInvestmentsAPI" name="test_investments_family" time="0.963" /><testcase classname="backend.tests.test_family_view_apis.TestLoansAPI" name="test_loans_personal" time="0.741" /><testcase classname="backend.tests.test_family_view_apis.TestLoansAPI" name="test_loans_family" time="0.969" /><testcase classname="backend.tests.test_family_view_apis.TestAssetsAPI" name="test_assets_personal" time="0.739" /><testcase classname="backend.tests.test_family_view_apis.TestAssetsAPI" name="test_assets_family" time="0.973" /><testcase classname="backend.tests.test_family_view_apis.TestInsurancesAPI" name="test_insurances_personal" time="0.739" /><testcase classname="backend.tests.test_family_view_apis.TestInsurancesAPI" name="test_insurances_family" time="0.978" /><testcase classname="backend.tests.test_family_view_apis.TestHealthCheck" name="test_api_health" time="0.061" /></testsuite></testsuites>