<?xml version="1.0" encoding="utf-8"?><testsuites name="pytest tests"><testsuite name="pytest" errors="0" failures="0" skipped="0" tests="13" time="27.196" timestamp="2026-03-21T10:20:29.515833+00:00" hostname="agent-env-16093aab-14a4-46ee-9b83-b9a27ec3083e"><testcase classname="backend.tests.test_family_invite_system.TestFamilyInviteSystem" name="test_01_register_user" time="15.342" /><testcase classname="backend.tests.test_family_invite_system.TestFamilyInviteSystem" name="test_02_create_family" time="1.065" /><testcase classname="backend.tests.test_family_invite_system.TestFamilyInviteSystem" name="test_03_add_member_requires_phone" time="0.785" /><testcase classname="backend.tests.test_family_invite_system.TestFamilyInviteSystem" name="test_04_add_member_with_phone_returns_notification_status" time="1.248" /><testcase classname="backend.tests.test_family_invite_system.TestFamilyInviteSystem" name="test_05_get_invite_info_valid_code" time="0.332" /><testcase classname="backend.tests.test_family_invite_system.TestFamilyInviteSystem" name="test_06_get_invite_info_invalid_code" time="0.326" /><testcase classname="backend.tests.test_family_invite_system.TestFamilyInviteSystem" name="test_07_register_with_invite_code_auto_joins_family" time="2.811" /><testcase classname="backend.tests.test_family_invite_system.TestFamilyInviteSystem" name="test_08_join_family_with_relationship" time="2.519" /><testcase classname="backend.tests.test_family_invite_system.TestFamilyInviteSystem" name="test_09_add_member_validates_10_digit_phone" time="1.247" /><testcase classname="backend.tests.test_family_invite_system.TestFamilyInviteSystem" name="test_10_duplicate_phone_rejected" time="1.060" /><testcase classname="backend.tests.test_family_invite_system.TestFamilyInviteSystem" name="test_11_cleanup_test_data" time="0.000" /><testcase classname="backend.tests.test_family_invite_system.TestInviteLandingPage" name="test_invite_info_returns_pending_member" time="0.378" /><testcase classname="backend.tests.test_family_invite_system.TestNotificationMocking" name="test_notification_service_is_mocked" time="0.000" /></testsuite></testsuites>