<?xml version="1.0" encoding="utf-8"?><testsuites name="pytest tests"><testsuite name="pytest" errors="0" failures="0" skipped="0" tests="9" time="33.583" timestamp="2026-03-21T11:20:52.600579+00:00" hostname="agent-env-16093aab-14a4-46ee-9b83-b9a27ec3083e"><testcase classname="backend.tests.test_family_member_summary_shared_loans_iter164.TestFamilyMemberSummary" name="test_get_family_returns_data" time="13.828" /><testcase classname="backend.tests.test_family_member_summary_shared_loans_iter164.TestFamilyMemberSummary" name="test_member_summary_structure" time="2.923" /><testcase classname="backend.tests.test_family_member_summary_shared_loans_iter164.TestSharedLoanCreation" name="test_create_loan_without_sharing" time="1.743" /><testcase classname="backend.tests.test_family_member_summary_shared_loans_iter164.TestSharedLoanCreation" name="test_create_shared_loan_with_family_member" time="4.700" /><testcase classname="backend.tests.test_family_member_summary_shared_loans_iter164.TestCombinedSummaryExcludesSharedReferences" name="test_combined_summary_structure" time="2.236" /><testcase classname="backend.tests.test_family_member_summary_shared_loans_iter164.TestCombinedSummaryExcludesSharedReferences" name="test_combined_summary_has_normalized_values" time="2.166" /><testcase classname="backend.tests.test_family_member_summary_shared_loans_iter164.TestLoanModelSharedFields" name="test_loan_create_accepts_shared_members_field" time="1.715" /><testcase classname="backend.tests.test_family_member_summary_shared_loans_iter164.TestLoanModelSharedFields" name="test_loan_create_with_null_shared_members" time="1.715" /><testcase classname="backend.tests.test_family_member_summary_shared_loans_iter164.TestHealthPageBadgesGeneration" name="test_combined_intelligence_endpoint" time="2.486" /></testsuite></testsuites>