<?xml version="1.0" encoding="utf-8"?><testsuites name="pytest tests"><testsuite name="pytest" errors="0" failures="0" skipped="0" tests="7" time="17.866" timestamp="2026-03-21T19:45:02.372101+00:00" hostname="agent-env-34e0dc30-69a4-4e56-a4a7-98f2ff5dcb62"><testcase classname="backend.tests.test_family_quick_summary.TestFamilyQuickSummary" name="test_quick_summary_returns_200" time="15.342" /><testcase classname="backend.tests.test_family_quick_summary.TestFamilyQuickSummary" name="test_quick_summary_has_required_fields" time="0.744" /><testcase classname="backend.tests.test_family_quick_summary.TestFamilyQuickSummary" name="test_quick_summary_returns_zeros_for_no_family" time="1.540" /><testcase classname="backend.tests.test_family_quick_summary.TestFamilyQuickSummary" name="test_quick_summary_unauthenticated_returns_401" time="0.176" /><testcase classname="backend.tests.test_family_quick_summary.TestEmailServiceConfiguration" name="test_sender_email_env_var" time="0.000" /><testcase classname="backend.tests.test_family_quick_summary.TestEmailServiceConfiguration" name="test_sender_name_env_var" time="0.000" /><testcase classname="backend.tests.test_family_quick_summary.TestEmailServiceConfiguration" name="test_email_templates_use_correct_branding" time="0.000" /></testsuite></testsuites>