<?xml version="1.0" encoding="utf-8"?><testsuites name="pytest tests"><testsuite name="pytest" errors="0" failures="0" skipped="0" tests="23" time="38.511" timestamp="2026-03-21T12:30:06.816960+00:00" hostname="agent-env-4aa32382-a869-4bad-9a95-0336e87668d5"><testcase classname="backend.tests.test_family_member_data_isolation_iter167.TestDashboardNetworthMemberId" name="test_networth_without_memberid" time="13.210" /><testcase classname="backend.tests.test_family_member_data_isolation_iter167.TestDashboardNetworthMemberId" name="test_networth_with_memberid" time="2.964" /><testcase classname="backend.tests.test_family_member_data_isolation_iter167.TestDashboardNetworthMemberId" name="test_networth_with_invalid_memberid" time="2.201" /><testcase classname="backend.tests.test_family_member_data_isolation_iter167.TestBankOverviewMemberId" name="test_bank_overview_without_memberid" time="0.986" /><testcase classname="backend.tests.test_family_member_data_isolation_iter167.TestBankOverviewMemberId" name="test_bank_overview_with_memberid" time="1.222" /><testcase classname="backend.tests.test_family_member_data_isolation_iter167.TestCCOverviewMemberId" name="test_cc_overview_without_memberid" time="0.750" /><testcase classname="backend.tests.test_family_member_data_isolation_iter167.TestCCOverviewMemberId" name="test_cc_overview_with_memberid" time="0.984" /><testcase classname="backend.tests.test_family_member_data_isolation_iter167.TestExpensesMemberId" name="test_expenses_with_next_date_without_memberid" time="0.752" /><testcase classname="backend.tests.test_family_member_data_isolation_iter167.TestExpensesMemberId" name="test_expenses_with_next_date_with_memberid" time="0.992" /><testcase classname="backend.tests.test_family_member_data_isolation_iter167.TestExpensesMemberId" name="test_expenses_weekly_summary_without_memberid" time="0.753" /><testcase classname="backend.tests.test_family_member_data_isolation_iter167.TestExpensesMemberId" name="test_expenses_weekly_summary_with_memberid" time="0.986" /><testcase classname="backend.tests.test_family_member_data_isolation_iter167.TestExpensesMemberId" name="test_expenses_behavior_insights_without_memberid" time="0.991" /><testcase classname="backend.tests.test_family_member_data_isolation_iter167.TestExpensesMemberId" name="test_expenses_behavior_insights_with_memberid" time="1.225" /><testcase classname="backend.tests.test_family_member_data_isolation_iter167.TestExpensesMemberId" name="test_expenses_by_month_with_memberid" time="0.986" /><testcase classname="backend.tests.test_family_member_data_isolation_iter167.TestExpensesMemberId" name="test_expenses_monthly_summary_with_memberid" time="1.224" /><testcase classname="backend.tests.test_family_member_data_isolation_iter167.TestAccountsMemberId" name="test_accounts_without_memberid" time="0.757" /><testcase classname="backend.tests.test_family_member_data_isolation_iter167.TestAccountsMemberId" name="test_accounts_with_memberid" time="0.985" /><testcase classname="backend.tests.test_family_member_data_isolation_iter167.TestCreditCardsMemberId" name="test_credit_cards_without_memberid" time="0.752" /><testcase classname="backend.tests.test_family_member_data_isolation_iter167.TestCreditCardsMemberId" name="test_credit_cards_with_memberid" time="0.984" /><testcase classname="backend.tests.test_family_member_data_isolation_iter167.TestDashboardBreakdownMemberId" name="test_breakdown_without_memberid" time="0.760" /><testcase classname="backend.tests.test_family_member_data_isolation_iter167.TestDashboardBreakdownMemberId" name="test_breakdown_with_memberid" time="0.986" /><testcase classname="backend.tests.test_family_member_data_isolation_iter167.TestDashboardCombinedMemberId" name="test_combined_without_memberid" time="1.993" /><testcase classname="backend.tests.test_family_member_data_isolation_iter167.TestFamilyMemberSummary" name="test_member_summary" time="0.978" /></testsuite></testsuites>