<?xml version="1.0" encoding="utf-8"?><testsuites name="pytest tests"><testsuite name="pytest" errors="0" failures="0" skipped="0" tests="8" time="46.410" timestamp="2026-02-25T12:44:36.638505+00:00" hostname="agent-env-5bf91ba2-dcae-4421-b5ac-2f56636332bd"><testcase classname="backend.tests.test_financial_health_investment_allocation.TestFinancialHealthBugFixes" name="test_investment_allocation_actual_equity_not_zero" time="9.854" /><testcase classname="backend.tests.test_financial_health_investment_allocation.TestFinancialHealthBugFixes" name="test_retirement_readiness_corpus_calculation" time="2.937" /><testcase classname="backend.tests.test_financial_health_investment_allocation.TestFinancialHealthBugFixes" name="test_overall_score_calculation" time="2.745" /><testcase classname="backend.tests.test_financial_health_investment_allocation.TestFinancialHealthBugFixes" name="test_liquid_funds_classification" time="2.746" /><testcase classname="backend.tests.test_financial_health_investment_allocation.TestInsurancePremiumPaymentTerm" name="test_create_term_insurance_with_premium_payment_term" time="3.444" /><testcase classname="backend.tests.test_financial_health_investment_allocation.TestInsurancePremiumPaymentTerm" name="test_create_life_insurance_with_premium_payment_term" time="2.695" /><testcase classname="backend.tests.test_financial_health_investment_allocation.TestInsurancePremiumPaymentTerm" name="test_all_premium_payment_term_options" time="20.198" /><testcase classname="backend.tests.test_financial_health_investment_allocation.TestInvestmentsData" name="test_investments_have_investment_category_field" time="1.713" /></testsuite></testsuites>