<?xml version="1.0" encoding="utf-8"?><testsuites name="pytest tests"><testsuite name="pytest" errors="0" failures="0" skipped="0" tests="14" time="48.165" timestamp="2026-03-21T13:44:58.124643+00:00" hostname="agent-env-4aa32382-a869-4bad-9a95-0336e87668d5"><testcase classname="backend.tests.test_financial_health_member_view_iter169.TestFinancialHealthMemberView" name="test_financial_health_endpoint_exists" time="15.851" /><testcase classname="backend.tests.test_financial_health_member_view_iter169.TestFinancialHealthMemberView" name="test_financial_health_returns_required_fields" time="3.154" /><testcase classname="backend.tests.test_financial_health_member_view_iter169.TestFinancialHealthMemberView" name="test_financial_health_contributions_structure" time="3.091" /><testcase classname="backend.tests.test_financial_health_member_view_iter169.TestFinancialHealthMemberView" name="test_financial_health_accepts_member_id_param" time="3.319" /><testcase classname="backend.tests.test_financial_health_member_view_iter169.TestFinancialHealthMemberView" name="test_financial_health_with_own_user_id_as_member_id" time="2.614" /><testcase classname="backend.tests.test_financial_health_member_view_iter169.TestFinancialHealthMemberView" name="test_financial_health_module_status_fields" time="1.852" /><testcase classname="backend.tests.test_financial_health_member_view_iter169.TestFinancialHealthMemberView" name="test_financial_health_savings_rate_structure" time="1.914" /><testcase classname="backend.tests.test_financial_health_member_view_iter169.TestFinancialHealthMemberView" name="test_financial_health_loan_burden_structure" time="1.836" /><testcase classname="backend.tests.test_financial_health_member_view_iter169.TestFinancialHealthMemberView" name="test_financial_health_credit_utilization_structure" time="1.874" /><testcase classname="backend.tests.test_financial_health_member_view_iter169.TestFinancialHealthMemberView" name="test_financial_health_emergency_fund_structure" time="1.845" /><testcase classname="backend.tests.test_financial_health_member_view_iter169.TestFinancialHealthWithFamilyMember" name="test_get_family_members" time="1.840" /><testcase classname="backend.tests.test_financial_health_member_view_iter169.TestFinancialHealthWithFamilyMember" name="test_financial_health_for_family_member" time="2.834" /><testcase classname="backend.tests.test_financial_health_member_view_iter169.TestChallengesGeneration" name="test_combined_intelligence_has_challenges" time="3.063" /><testcase classname="backend.tests.test_financial_health_member_view_iter169.TestChallengesGeneration" name="test_gamification_has_achievements" time="2.994" /></testsuite></testsuites>