<?xml version="1.0" encoding="utf-8"?><testsuites name="pytest tests"><testsuite name="pytest" errors="0" failures="0" skipped="0" tests="9" time="29.141" timestamp="2026-02-25T13:28:06.988652+00:00" hostname="agent-env-5bf91ba2-dcae-4421-b5ac-2f56636332bd"><testcase classname="backend.tests.test_financial_score_tiers.TestControlScoreEndpoint" name="test_control_score_returns_90" time="9.974" /><testcase classname="backend.tests.test_financial_score_tiers.TestControlScoreEndpoint" name="test_savings_rate_breakdown" time="2.250" /><testcase classname="backend.tests.test_financial_score_tiers.TestControlScoreEndpoint" name="test_emi_load_breakdown" time="2.257" /><testcase classname="backend.tests.test_financial_score_tiers.TestControlScoreEndpoint" name="test_safety_buffer_breakdown" time="2.239" /><testcase classname="backend.tests.test_financial_score_tiers.TestControlScoreEndpoint" name="test_income_consistency_breakdown" time="2.247" /><testcase classname="backend.tests.test_financial_score_tiers.TestControlScoreEndpoint" name="test_new_metrics_fields" time="2.246" /><testcase classname="backend.tests.test_financial_score_tiers.TestControlScoreEndpoint" name="test_score_period" time="2.256" /><testcase classname="backend.tests.test_financial_score_tiers.TestControlScoreEndpoint" name="test_breakdown_structure" time="2.253" /><testcase classname="backend.tests.test_financial_score_tiers.TestEmiLoadTierBoundaries" name="test_emi_tier_logic" time="3.324" /></testsuite></testsuites>