<?xml version="1.0" encoding="utf-8"?><testsuites name="pytest tests"><testsuite name="pytest" errors="0" failures="1" skipped="0" tests="8" time="22.096" timestamp="2026-02-25T12:36:23.742996+00:00" hostname="agent-env-5bf91ba2-dcae-4421-b5ac-2f56636332bd"><testcase classname="backend.tests.test_financial_health_insurance_fix.TestFinancialHealthInsuranceFix" name="test_financial_health_endpoint_returns_200" time="5.467" /><testcase classname="backend.tests.test_financial_health_insurance_fix.TestFinancialHealthInsuranceFix" name="test_life_insurance_includes_term_and_life_policies" time="3.578" /><testcase classname="backend.tests.test_financial_health_insurance_fix.TestFinancialHealthInsuranceFix" name="test_health_insurance_uses_coverage_amount_field" time="3.810" /><testcase classname="backend.tests.test_financial_health_insurance_fix.TestFinancialHealthInsuranceFix" name="test_overall_score_is_calculated" time="2.767" /><testcase classname="backend.tests.test_financial_health_insurance_fix.TestFinancialHealthInsuranceFix" name="test_life_insurance_status_and_action" time="1.767" /><testcase classname="backend.tests.test_financial_health_insurance_fix.TestFinancialHealthInsuranceFix" name="test_health_insurance_status_and_action" time="1.673" /><testcase classname="backend.tests.test_financial_health_insurance_fix.TestInsuranceFormAPIValidation" name="test_can_create_term_insurance_policy" time="1.448"><failure message="AssertionError: Unexpected status: 200&#10;assert 200 in [201, 400]&#10; +  where 200 = &lt;Response [200]&gt;.status_code">backend/tests/test_financial_health_insurance_fix.py:245: in test_can_create_term_insurance_policy
    assert response.status_code in [201, 400], f"Unexpected status: {response.status_code}"
E   AssertionError: Unexpected status: 200
E   assert 200 in [201, 400]
E    +  where 200 = &lt;Response [200]&gt;.status_code</failure></testcase><testcase classname="backend.tests.test_financial_health_insurance_fix.TestInsuranceFormAPIValidation" name="test_insurances_list_contains_correct_types" time="1.489" /></testsuite></testsuites>