<?xml version="1.0" encoding="utf-8"?><testsuites name="pytest tests"><testsuite name="pytest" errors="0" failures="0" skipped="0" tests="17" time="5.941" timestamp="2026-02-15T09:35:33.550511+00:00" hostname="agent-env-e26d47f6-dd3e-47e9-86a8-205d2d90f5ba"><testcase classname="backend.tests.test_goals_api.TestGoalsCRUD" name="test_create_wealth_creation_goal" time="0.443" /><testcase classname="backend.tests.test_goals_api.TestGoalsCRUD" name="test_create_debt_elimination_goal" time="0.291" /><testcase classname="backend.tests.test_goals_api.TestGoalsCRUD" name="test_create_emergency_fund_goal" time="0.232" /><testcase classname="backend.tests.test_goals_api.TestGoalsCRUD" name="test_create_investment_target_goal" time="0.234" /><testcase classname="backend.tests.test_goals_api.TestGoalsCRUD" name="test_create_custom_other_goal" time="0.209" /><testcase classname="backend.tests.test_goals_api.TestGoalsCRUD" name="test_get_all_goals" time="0.148" /><testcase classname="backend.tests.test_goals_api.TestGoalsCRUD" name="test_get_single_goal_with_details" time="0.443" /><testcase classname="backend.tests.test_goals_api.TestGoalsCRUD" name="test_get_nonexistent_goal_returns_404" time="0.111" /><testcase classname="backend.tests.test_goals_api.TestGoalProgressAndCompletion" name="test_update_goal_progress_manual" time="0.454" /><testcase classname="backend.tests.test_goals_api.TestGoalProgressAndCompletion" name="test_update_progress_to_completion" time="0.402" /><testcase classname="backend.tests.test_goals_api.TestGoalProgressAndCompletion" name="test_mark_goal_complete_manually" time="0.790" /><testcase classname="backend.tests.test_goals_api.TestGoalUpdate" name="test_update_goal_details" time="0.444" /><testcase classname="backend.tests.test_goals_api.TestGoalDelete" name="test_delete_goal" time="0.333" /><testcase classname="backend.tests.test_goals_api.TestGoalDelete" name="test_delete_nonexistent_goal" time="0.102" /><testcase classname="backend.tests.test_goals_api.TestGoalsDashboardSummary" name="test_get_dashboard_summary" time="0.169" /><testcase classname="backend.tests.test_goals_api.TestGoalValidation" name="test_create_goal_with_all_priorities" time="0.736" /><testcase classname="backend.tests.test_goals_api.TestGoalValidation" name="test_create_goal_with_manual_override" time="0.204" /></testsuite></testsuites>