<?xml version="1.0" encoding="utf-8"?><testsuites name="pytest tests"><testsuite name="pytest" errors="0" failures="0" skipped="0" tests="9" time="2.511" timestamp="2026-02-15T10:25:22.384463+00:00" hostname="agent-env-0e92b865-ea71-4561-b93d-7ddac48e4a51"><testcase classname="backend.tests.test_goals_reorder_api.TestGoalsReorderAPI" name="test_get_goals_returns_list" time="0.175" /><testcase classname="backend.tests.test_goals_reorder_api.TestGoalsReorderAPI" name="test_goals_have_priority_field" time="0.117" /><testcase classname="backend.tests.test_goals_reorder_api.TestGoalsReorderAPI" name="test_reorder_goals_success" time="0.416" /><testcase classname="backend.tests.test_goals_reorder_api.TestGoalsReorderAPI" name="test_reorder_single_goal" time="0.297" /><testcase classname="backend.tests.test_goals_reorder_api.TestGoalsReorderAPI" name="test_reorder_all_goals" time="0.572" /><testcase classname="backend.tests.test_goals_reorder_api.TestGoalsReorderAPI" name="test_reorder_with_invalid_goal_id" time="0.100" /><testcase classname="backend.tests.test_goals_reorder_api.TestGoalsReorderAPI" name="test_reorder_empty_array" time="0.131" /><testcase classname="backend.tests.test_goals_reorder_api.TestGoalsReorderAPI" name="test_reorder_preserves_other_goal_fields" time="0.486" /><testcase classname="backend.tests.test_goals_reorder_api.TestGoalPriorityBadges" name="test_priority_values_valid_range" time="0.112" /></testsuite></testsuites>