<?xml version="1.0" encoding="utf-8"?><testsuites name="pytest tests"><testsuite name="pytest" errors="0" failures="0" skipped="1" tests="7" time="1.026" timestamp="2026-02-15T11:01:17.228191+00:00" hostname="agent-env-86fa9aaf-90e5-4f85-83d7-b302a21defe6"><testcase classname="backend.tests.test_goal_achievements.TestGoalAchievements" name="test_achievements_endpoint_returns_200" time="0.254" /><testcase classname="backend.tests.test_goal_achievements.TestGoalAchievements" name="test_achievements_response_structure" time="0.132" /><testcase classname="backend.tests.test_goal_achievements.TestGoalAchievements" name="test_achievement_item_structure" time="0.117" /><testcase classname="backend.tests.test_goal_achievements.TestGoalAchievements" name="test_specific_test_goal_exists" time="0.099" /><testcase classname="backend.tests.test_goal_achievements.TestGoalAchievements" name="test_summary_stats_calculation" time="0.103" /><testcase classname="backend.tests.test_goal_achievements.TestGoalAchievements" name="test_achievements_sorted_by_completion_date" time="0.098"><skipped type="pytest.skip" message="Need at least 2 achievements to test sorting">/app/backend/tests/test_goal_achievements.py:148: Need at least 2 achievements to test sorting</skipped></testcase><testcase classname="backend.tests.test_goal_achievements.TestMilestoneHistoryDisplay" name="test_milestone_reached_status" time="0.116" /></testsuite></testsuites>