<?xml version="1.0" encoding="utf-8"?><testsuites name="pytest tests"><testsuite name="pytest" errors="0" failures="0" skipped="1" tests="10" time="11.221" timestamp="2026-03-21T13:29:33.806015+00:00" hostname="agent-env-4aa32382-a869-4bad-9a95-0336e87668d5"><testcase classname="backend.tests.test_health_page_fixes_iter168.TestNetworthAPIFields" name="test_networth_returns_totalEMI_field" time="1.347" /><testcase classname="backend.tests.test_health_page_fixes_iter168.TestNetworthAPIFields" name="test_networth_returns_effectiveFunds_field" time="1.359" /><testcase classname="backend.tests.test_health_page_fixes_iter168.TestNetworthAPIFields" name="test_networth_all_required_fields_present" time="1.319" /><testcase classname="backend.tests.test_health_page_fixes_iter168.TestNetworthAPIFields" name="test_networth_with_memberId_parameter" time="0.632"><skipped type="pytest.skip" message="No family members available for testing">/app/backend/tests/test_health_page_fixes_iter168.py:75: No family members available for testing</skipped></testcase><testcase classname="backend.tests.test_health_page_fixes_iter168.TestChallengesLogic" name="test_challenges_with_good_metrics_still_has_challenges" time="0.000" /><testcase classname="backend.tests.test_health_page_fixes_iter168.TestChallengesLogic" name="test_challenges_with_excellent_metrics_has_maintain_health" time="0.000" /><testcase classname="backend.tests.test_health_page_fixes_iter168.TestChallengesLogic" name="test_challenges_with_poor_metrics_has_basic_challenges" time="0.000" /><testcase classname="backend.tests.test_health_page_fixes_iter168.TestCombinedIntelligenceEndpoint" name="test_combined_intelligence_returns_challenges" time="2.478" /><testcase classname="backend.tests.test_health_page_fixes_iter168.TestCombinedIntelligenceEndpoint" name="test_combined_intelligence_returns_gamification" time="2.494" /><testcase classname="backend.tests.test_health_page_fixes_iter168.TestFamilyCombinedSummary" name="test_family_combined_summary_returns_required_fields" time="1.535" /></testsuite></testsuites>