<?xml version="1.0" encoding="utf-8"?><testsuites name="pytest tests"><testsuite name="pytest" errors="0" failures="0" skipped="0" tests="9" time="43.783" timestamp="2026-03-18T12:44:50.628177+00:00" hostname="agent-env-30811009-4a9b-452e-9d00-54bca018e62d"><testcase classname="backend.tests.test_income_data_consistency.TestIncomeDataConsistency" name="test_01_create_weekly_business_income" time="3.665" /><testcase classname="backend.tests.test_income_data_consistency.TestIncomeDataConsistency" name="test_02_monthly_summary_weekly_income" time="4.651" /><testcase classname="backend.tests.test_income_data_consistency.TestIncomeDataConsistency" name="test_03_list_summary_monthly_fields" time="4.643" /><testcase classname="backend.tests.test_income_data_consistency.TestIncomeDataConsistency" name="test_04_detail_page_weekly_schedule" time="4.689" /><testcase classname="backend.tests.test_income_data_consistency.TestIncomeDataConsistency" name="test_05_consistency_check_all_endpoints" time="6.810" /><testcase classname="backend.tests.test_income_data_consistency.TestIncomeDataConsistency" name="test_06_daily_frequency_income" time="5.993" /><testcase classname="backend.tests.test_income_data_consistency.TestIncomeDataConsistency" name="test_07_monthly_frequency_income" time="5.822" /><testcase classname="backend.tests.test_income_data_consistency.TestIncomeDataConsistency" name="test_08_weekday_occurrences_verification" time="4.753" /><testcase classname="backend.tests.test_income_data_consistency.TestIncomeDataConsistencyCleanup" name="test_cleanup_test_data" time="2.696" /></testsuite></testsuites>