<?xml version="1.0" encoding="utf-8"?><testsuites name="pytest tests"><testsuite name="pytest" errors="0" failures="0" skipped="0" tests="24" time="57.892" timestamp="2026-02-24T19:46:43.456599+00:00" hostname="agent-env-9cc19411-c6bc-495f-8a25-50b505bc1984"><testcase classname="backend.tests.test_insights_gamification_20lvl.TestIntelligenceAPIs" name="test_survival_clock_returns_all_expected_fields" time="9.891" /><testcase classname="backend.tests.test_insights_gamification_20lvl.TestIntelligenceAPIs" name="test_survival_clock_fund_breakdown_details" time="1.875" /><testcase classname="backend.tests.test_insights_gamification_20lvl.TestIntelligenceAPIs" name="test_control_score_returns_4_pillars" time="2.899" /><testcase classname="backend.tests.test_insights_gamification_20lvl.TestIntelligenceAPIs" name="test_control_score_grade_values" time="2.992" /><testcase classname="backend.tests.test_insights_gamification_20lvl.TestIntelligenceAPIs" name="test_behavior_alerts_returns_array" time="2.919" /><testcase classname="backend.tests.test_insights_gamification_20lvl.TestGamification20Levels" name="test_profile_returns_20_levels" time="1.924" /><testcase classname="backend.tests.test_insights_gamification_20lvl.TestGamification20Levels" name="test_profile_has_gender_friendly_titles" time="1.903" /><testcase classname="backend.tests.test_insights_gamification_20lvl.TestGamification20Levels" name="test_profile_level_stages" time="1.999" /><testcase classname="backend.tests.test_insights_gamification_20lvl.TestGamification20Levels" name="test_profile_current_level_fields" time="1.883" /><testcase classname="backend.tests.test_insights_gamification_20lvl.TestGamification20Levels" name="test_profile_achievements_structure" time="1.905" /><testcase classname="backend.tests.test_insights_gamification_20lvl.TestGamification20Levels" name="test_profile_max_badges_unlocked" time="1.914" /><testcase classname="backend.tests.test_insights_gamification_20lvl.TestGamification20Levels" name="test_profile_xp_rules" time="1.878" /><testcase classname="backend.tests.test_insights_gamification_20lvl.TestChallenges" name="test_challenges_returns_three_arrays" time="1.704" /><testcase classname="backend.tests.test_insights_gamification_20lvl.TestChallenges" name="test_available_challenges_have_explainer_and_difficulty" time="1.664" /><testcase classname="backend.tests.test_insights_gamification_20lvl.TestChallenges" name="test_join_challenge_works" time="3.770" /><testcase classname="backend.tests.test_insights_gamification_20lvl.TestChallenges" name="test_leave_challenge_works" time="4.267" /><testcase classname="backend.tests.test_insights_gamification_20lvl.TestChallenges" name="test_leave_invalid_challenge_returns_404" time="1.387" /><testcase classname="backend.tests.test_insights_gamification_20lvl.TestProcessWeekly" name="test_process_returns_expected_fields" time="10.131" /><testcase classname="backend.tests.test_insights_gamification_20lvl.TestAuthRequired" name="test_survival_clock_requires_auth" time="0.173" /><testcase classname="backend.tests.test_insights_gamification_20lvl.TestAuthRequired" name="test_control_score_requires_auth" time="0.207" /><testcase classname="backend.tests.test_insights_gamification_20lvl.TestAuthRequired" name="test_behavior_alerts_requires_auth" time="0.137" /><testcase classname="backend.tests.test_insights_gamification_20lvl.TestAuthRequired" name="test_gamification_profile_requires_auth" time="0.115" /><testcase classname="backend.tests.test_insights_gamification_20lvl.TestAuthRequired" name="test_gamification_challenges_requires_auth" time="0.130" /><testcase classname="backend.tests.test_insights_gamification_20lvl.TestAuthRequired" name="test_gamification_process_requires_auth" time="0.113" /></testsuite></testsuites>