<?xml version="1.0" encoding="utf-8"?><testsuites name="pytest tests"><testsuite name="pytest" errors="0" failures="0" skipped="0" tests="24" time="56.362" timestamp="2026-02-25T08:37:29.619591+00:00" hostname="agent-env-511fc681-1471-48ae-b5db-ea5cd2912160"><testcase classname="backend.tests.test_insights_widgets_iter64.TestAuthentication" name="test_login_returns_valid_session" time="7.992" /><testcase classname="backend.tests.test_insights_widgets_iter64.TestSurvivalClock" name="test_survival_clock_returns_all_fields" time="2.136" /><testcase classname="backend.tests.test_insights_widgets_iter64.TestSurvivalClock" name="test_survival_clock_20_stages" time="1.907" /><testcase classname="backend.tests.test_insights_widgets_iter64.TestSurvivalClock" name="test_survival_clock_liquidity_breakdown" time="1.950" /><testcase classname="backend.tests.test_insights_widgets_iter64.TestSurvivalClock" name="test_icici_fd_account_is_semi_liquid" time="1.928" /><testcase classname="backend.tests.test_insights_widgets_iter64.TestControlScore" name="test_control_score_returns_all_fields" time="2.849" /><testcase classname="backend.tests.test_insights_widgets_iter64.TestControlScore" name="test_control_score_has_4_pillars" time="2.867" /><testcase classname="backend.tests.test_insights_widgets_iter64.TestMoneyPattern" name="test_money_pattern_returns_personality" time="4.785" /><testcase classname="backend.tests.test_insights_widgets_iter64.TestMoneyPattern" name="test_money_pattern_has_spending_dna" time="4.783" /><testcase classname="backend.tests.test_insights_widgets_iter64.TestFutureYou" name="test_future_you_returns_projections" time="2.665" /><testcase classname="backend.tests.test_insights_widgets_iter64.TestFutureYou" name="test_future_you_has_improvement_metrics" time="2.635" /><testcase classname="backend.tests.test_insights_widgets_iter64.TestShockTest" name="test_shock_test_job_loss_scenario" time="2.399" /><testcase classname="backend.tests.test_insights_widgets_iter64.TestShockTest" name="test_shock_test_medical_scenario" time="2.403" /><testcase classname="backend.tests.test_insights_widgets_iter64.TestShockTest" name="test_shock_test_custom_amount" time="2.374" /><testcase classname="backend.tests.test_insights_widgets_iter64.TestPersonalityHistory" name="test_personality_history_returns_data" time="1.412" /><testcase classname="backend.tests.test_insights_widgets_iter64.TestWeeklyDigest" name="test_weekly_digest_returns_summary" time="3.821" /><testcase classname="backend.tests.test_insights_widgets_iter64.TestGamificationProfile" name="test_gamification_profile_returns_badges" time="1.956" /><testcase classname="backend.tests.test_insights_widgets_iter64.TestGamificationProfile" name="test_gamification_has_challenges" time="1.644" /><testcase classname="backend.tests.test_insights_widgets_iter64.TestAuthRequired" name="test_survival_clock_requires_auth" time="0.101" /><testcase classname="backend.tests.test_insights_widgets_iter64.TestAuthRequired" name="test_control_score_requires_auth" time="0.104" /><testcase classname="backend.tests.test_insights_widgets_iter64.TestAuthRequired" name="test_money_pattern_requires_auth" time="0.119" /><testcase classname="backend.tests.test_insights_widgets_iter64.TestAuthRequired" name="test_future_you_requires_auth" time="0.110" /><testcase classname="backend.tests.test_insights_widgets_iter64.TestRedZoneTheme" name="test_red_zone_not_active_when_survival_days_above_30" time="1.884" /><testcase classname="backend.tests.test_insights_widgets_iter64.TestProfileSettings" name="test_basic_profile_returns_user_data" time="1.434" /></testsuite></testsuites>