<?xml version="1.0" encoding="utf-8"?><testsuites name="pytest tests"><testsuite name="pytest" errors="0" failures="0" skipped="0" tests="8" time="3.015" timestamp="2026-02-15T07:41:42.645532+00:00" hostname="agent-env-18190671-5eb6-4801-a92d-b75d34ceb5ab"><testcase classname="backend.tests.test_insurance_asset_auto_create.TestInsuranceAssetAutoCreation" name="test_market_linked_insurance_creates_asset" time="0.423" /><testcase classname="backend.tests.test_insurance_asset_auto_create.TestInsuranceAssetAutoCreation" name="test_returns_on_maturity_insurance_creates_asset" time="0.401" /><testcase classname="backend.tests.test_insurance_asset_auto_create.TestInsuranceAssetAutoCreation" name="test_term_insurance_does_not_create_asset" time="0.297" /><testcase classname="backend.tests.test_insurance_asset_auto_create.TestInsuranceAssetAutoCreation" name="test_health_insurance_does_not_create_asset" time="0.316" /><testcase classname="backend.tests.test_insurance_asset_auto_create.TestInsuranceAssetAutoCreation" name="test_insurance_without_maturity_type_does_not_create_asset" time="0.329" /><testcase classname="backend.tests.test_insurance_asset_auto_create.TestInsuranceAssetLinkingFields" name="test_asset_uses_expected_maturity_amount_as_current_value" time="0.397" /><testcase classname="backend.tests.test_insurance_asset_auto_create.TestInsuranceAssetLinkingFields" name="test_asset_falls_back_to_premium_if_no_maturity_amount" time="0.386" /><testcase classname="backend.tests.test_insurance_asset_auto_create.TestInsuranceAssetLinkingFields" name="test_asset_notes_contain_insurance_info" time="0.420" /></testsuite></testsuites>