<?xml version="1.0" encoding="utf-8"?><testsuites name="pytest tests"><testsuite name="pytest" errors="0" failures="0" skipped="0" tests="7" time="47.028" timestamp="2026-02-25T12:51:31.562882+00:00" hostname="agent-env-5bf91ba2-dcae-4421-b5ac-2f56636332bd"><testcase classname="tests.test_insurance_expense_userid_bugfix.TestInsuranceAutoExpenseWithUserId" name="test_insurance_creates_expense_with_userid" time="16.026" /><testcase classname="tests.test_insurance_expense_userid_bugfix.TestInsuranceAutoExpenseWithUserId" name="test_insurance_asset_auto_create_with_userid" time="5.725" /><testcase classname="tests.test_insurance_expense_userid_bugfix.TestInsuranceAutoExpenseWithUserId" name="test_expense_persists_with_correct_userid" time="6.309" /><testcase classname="tests.test_insurance_expense_userid_bugfix.TestExpenseFrequencyMapping" name="test_frequency_mapping[Monthly-Monthly]" time="4.727" /><testcase classname="tests.test_insurance_expense_userid_bugfix.TestExpenseFrequencyMapping" name="test_frequency_mapping[Quarterly-Quarterly]" time="4.751" /><testcase classname="tests.test_insurance_expense_userid_bugfix.TestExpenseFrequencyMapping" name="test_frequency_mapping[Half-Yearly-Half-Yearly]" time="4.728" /><testcase classname="tests.test_insurance_expense_userid_bugfix.TestExpenseFrequencyMapping" name="test_frequency_mapping[Yearly-Yearly]" time="4.686" /></testsuite></testsuites>