<?xml version="1.0" encoding="utf-8"?><testsuites name="pytest tests"><testsuite name="pytest" errors="0" failures="0" skipped="0" tests="18" time="1.560" timestamp="2026-02-12T15:07:49.736928+00:00" hostname="agent-env-117baada-c5d0-44b9-b8bc-1247c173f42d"><testcase classname="backend.tests.test_interest_income_api.TestAPIHealth" name="test_api_root_accessible" time="0.080" /><testcase classname="backend.tests.test_interest_income_api.TestAPIHealth" name="test_income_list_endpoint" time="0.052" /><testcase classname="backend.tests.test_interest_income_api.TestInterestIncomeCreate" name="test_create_simple_interest_monthly" time="0.079" /><testcase classname="backend.tests.test_interest_income_api.TestInterestIncomeCreate" name="test_create_compound_interest_quarterly" time="0.097" /><testcase classname="backend.tests.test_interest_income_api.TestInterestIncomeCreate" name="test_create_interest_half_yearly" time="0.066" /><testcase classname="backend.tests.test_interest_income_api.TestInterestIncomeCreate" name="test_create_interest_yearly" time="0.046" /><testcase classname="backend.tests.test_interest_income_api.TestInterestIncomeCreate" name="test_create_interest_with_manual_override" time="0.052" /><testcase classname="backend.tests.test_interest_income_api.TestInterestIncomeCreate" name="test_create_interest_others_frequency" time="0.052" /><testcase classname="backend.tests.test_interest_income_api.TestInterestIncomeRead" name="test_get_all_income_includes_interest" time="0.050" /><testcase classname="backend.tests.test_interest_income_api.TestInterestIncomeRead" name="test_get_single_interest_by_id" time="0.052" /><testcase classname="backend.tests.test_interest_income_api.TestInterestIncomeRead" name="test_get_nonexistent_interest_returns_404" time="0.043" /><testcase classname="backend.tests.test_interest_income_api.TestInterestIncomeUpdate" name="test_update_interest_principal_and_rate" time="0.165" /><testcase classname="backend.tests.test_interest_income_api.TestInterestIncomeUpdate" name="test_update_interest_type_to_compound" time="0.149" /><testcase classname="backend.tests.test_interest_income_api.TestInterestIncomeUpdate" name="test_update_nonexistent_returns_404" time="0.043" /><testcase classname="backend.tests.test_interest_income_api.TestInterestIncomeDelete" name="test_delete_interest_and_verify_removal" time="0.101" /><testcase classname="backend.tests.test_interest_income_api.TestInterestIncomeDelete" name="test_delete_nonexistent_returns_404" time="0.039" /><testcase classname="backend.tests.test_interest_income_api.TestInterestFieldValidation" name="test_interest_fields_persisted_correctly" time="0.096" /><testcase classname="backend.tests.test_interest_income_api.TestInterestFieldValidation" name="test_simple_interest_no_compounding_frequency" time="0.151" /></testsuite></testsuites>