<?xml version="1.0" encoding="utf-8"?><testsuites name="pytest tests"><testsuite name="pytest" errors="0" failures="0" skipped="0" tests="16" time="38.576" timestamp="2026-02-24T19:00:19.314805+00:00" hostname="agent-env-0de46383-cf28-4640-9ce5-ec27b12c6df2"><testcase classname="backend.tests.test_intelligence_gamification.TestIntelligenceGamification" name="test_survival_clock_returns_expected_fields" time="10.148" /><testcase classname="backend.tests.test_intelligence_gamification.TestIntelligenceGamification" name="test_survival_clock_unauthenticated_fails" time="0.861" /><testcase classname="backend.tests.test_intelligence_gamification.TestIntelligenceGamification" name="test_control_score_returns_expected_fields" time="2.954" /><testcase classname="backend.tests.test_intelligence_gamification.TestIntelligenceGamification" name="test_control_score_unauthenticated_fails" time="0.976" /><testcase classname="backend.tests.test_intelligence_gamification.TestIntelligenceGamification" name="test_behavior_alerts_returns_expected_fields" time="5.270" /><testcase classname="backend.tests.test_intelligence_gamification.TestIntelligenceGamification" name="test_behavior_alerts_unauthenticated_fails" time="1.306" /><testcase classname="backend.tests.test_intelligence_gamification.TestIntelligenceGamification" name="test_gamification_profile_returns_expected_fields" time="1.866" /><testcase classname="backend.tests.test_intelligence_gamification.TestIntelligenceGamification" name="test_gamification_profile_unauthenticated_fails" time="0.983" /><testcase classname="backend.tests.test_intelligence_gamification.TestIntelligenceGamification" name="test_gamification_process_returns_expected_fields" time="4.277" /><testcase classname="backend.tests.test_intelligence_gamification.TestIntelligenceGamification" name="test_gamification_process_unauthenticated_fails" time="0.827" /><testcase classname="backend.tests.test_intelligence_gamification.TestIntelligenceGamification" name="test_challenges_list_returns_expected_fields" time="1.416" /><testcase classname="backend.tests.test_intelligence_gamification.TestIntelligenceGamification" name="test_join_challenge_works" time="2.754" /><testcase classname="backend.tests.test_intelligence_gamification.TestIntelligenceGamification" name="test_join_invalid_challenge_fails" time="1.162" /><testcase classname="backend.tests.test_intelligence_gamification.TestIntelligenceGamification" name="test_challenges_unauthenticated_fails" time="1.004" /><testcase classname="backend.tests.test_intelligence_gamification.TestIntelligenceGamification" name="test_share_card_returns_expected_fields" time="1.689" /><testcase classname="backend.tests.test_intelligence_gamification.TestIntelligenceGamification" name="test_share_card_unauthenticated_fails" time="0.992" /></testsuite></testsuites>