<?xml version="1.0" encoding="utf-8"?><testsuites name="pytest tests"><testsuite name="pytest" errors="0" failures="0" skipped="0" tests="20" time="9.585" timestamp="2026-02-13T08:48:39.970758+00:00" hostname="agent-env-f108ded1-8f41-4b05-b18a-59e0a7e61ebb"><testcase classname="backend.tests.test_investment_dashboard_api.TestInvestmentCRUD" name="test_get_investments_list" time="0.229" /><testcase classname="backend.tests.test_investment_dashboard_api.TestInvestmentCRUD" name="test_create_investment_fd_growth_with_maturity" time="0.230" /><testcase classname="backend.tests.test_investment_dashboard_api.TestInvestmentCRUD" name="test_create_investment_stocks_growth_only" time="0.320" /><testcase classname="backend.tests.test_investment_dashboard_api.TestInvestmentCRUD" name="test_create_investment_sgb_income_generating" time="0.274" /><testcase classname="backend.tests.test_investment_dashboard_api.TestInvestmentCRUD" name="test_create_investment_mutual_fund" time="0.251" /><testcase classname="backend.tests.test_investment_dashboard_api.TestInvestmentCRUD" name="test_create_investment_digital_gold" time="0.217" /><testcase classname="backend.tests.test_investment_dashboard_api.TestInvestmentCRUD" name="test_create_investment_crypto" time="0.257" /><testcase classname="backend.tests.test_investment_dashboard_api.TestInvestmentCRUD" name="test_get_investment_by_id" time="0.439" /><testcase classname="backend.tests.test_investment_dashboard_api.TestInvestmentCRUD" name="test_update_investment" time="0.468" /><testcase classname="backend.tests.test_investment_dashboard_api.TestInvestmentCRUD" name="test_delete_investment" time="0.694" /><testcase classname="backend.tests.test_investment_dashboard_api.TestInvestmentCRUD" name="test_get_nonexistent_investment_returns_404" time="0.096" /><testcase classname="backend.tests.test_investment_dashboard_api.TestDashboardNetworth" name="test_get_networth_summary" time="0.143" /><testcase classname="backend.tests.test_investment_dashboard_api.TestDashboardNetworth" name="test_networth_calculation_formula" time="0.138" /><testcase classname="backend.tests.test_investment_dashboard_api.TestDashboardNetworth" name="test_monthly_savings_calculation" time="0.120" /><testcase classname="backend.tests.test_investment_dashboard_api.TestDashboardBreakdown" name="test_get_breakdown" time="0.100" /><testcase classname="backend.tests.test_investment_dashboard_api.TestDashboardBreakdown" name="test_asset_breakdown_by_type" time="0.127" /><testcase classname="backend.tests.test_investment_dashboard_api.TestDashboardBreakdown" name="test_investment_breakdown_by_category" time="0.171" /><testcase classname="backend.tests.test_investment_dashboard_api.TestDashboardBreakdown" name="test_breakdown_totals_match_networth" time="0.283" /><testcase classname="backend.tests.test_investment_dashboard_api.TestInvestmentCategoryValidation" name="test_all_investment_categories" time="3.964" /><testcase classname="backend.tests.test_investment_dashboard_api.TestInvestmentCategoryValidation" name="test_all_investment_modes" time="0.873" /></testsuite></testsuites>