<?xml version="1.0" encoding="utf-8"?><testsuites name="pytest tests"><testsuite name="pytest" errors="0" failures="0" skipped="0" tests="16" time="6.020" timestamp="2026-02-23T11:46:07.336390+00:00" hostname="agent-env-5e58ff75-570d-426e-a14f-d668d9bfaf91"><testcase classname="backend.tests.test_investment_sip_expense_api.TestInvestmentSIPExpense" name="test_api_health" time="0.193" /><testcase classname="backend.tests.test_investment_sip_expense_api.TestInvestmentSIPExpense" name="test_investments_endpoint_accessible" time="0.176" /><testcase classname="backend.tests.test_investment_sip_expense_api.TestInvestmentSIPExpense" name="test_expenses_endpoint_accessible" time="0.177" /><testcase classname="backend.tests.test_investment_sip_expense_api.TestInvestmentSIPExpense" name="test_create_ppf_investment" time="0.224" /><testcase classname="backend.tests.test_investment_sip_expense_api.TestInvestmentSIPExpense" name="test_create_nps_investment" time="0.246" /><testcase classname="backend.tests.test_investment_sip_expense_api.TestInvestmentSIPExpense" name="test_create_investment_with_auto_expense_monthly" time="0.369" /><testcase classname="backend.tests.test_investment_sip_expense_api.TestInvestmentSIPExpense" name="test_create_investment_with_auto_expense_weekly" time="0.361" /><testcase classname="backend.tests.test_investment_sip_expense_api.TestInvestmentSIPExpense" name="test_create_investment_with_auto_expense_quarterly" time="0.357" /><testcase classname="backend.tests.test_investment_sip_expense_api.TestInvestmentSIPExpense" name="test_create_investment_without_auto_expense" time="0.257" /><testcase classname="backend.tests.test_investment_sip_expense_api.TestInvestmentSIPExpense" name="test_create_investment_auto_expense_without_frequency_no_expense" time="0.228" /><testcase classname="backend.tests.test_investment_sip_expense_api.TestInvestmentSIPExpense" name="test_sip_selected_day_options" time="1.269" /><testcase classname="backend.tests.test_investment_sip_expense_api.TestInvestmentSIPExpense" name="test_sip_selected_date_range" time="0.740" /><testcase classname="backend.tests.test_investment_sip_expense_api.TestInvestmentSIPExpense" name="test_yearly_frequency_sip" time="0.345" /><testcase classname="backend.tests.test_investment_sip_expense_api.TestInvestmentSIPExpense" name="test_half_yearly_frequency_sip" time="0.341" /><testcase classname="backend.tests.test_investment_sip_expense_api.TestInvestmentVerifyLinkedExpense" name="test_linked_expense_bidirectional_link" time="0.342" /><testcase classname="backend.tests.test_investment_sip_expense_api.TestInvestmentVerifyLinkedExpense" name="test_linked_expense_fixed_type" time="0.333" /></testsuite></testsuites>