<?xml version="1.0" encoding="utf-8"?><testsuites name="pytest tests"><testsuite name="pytest" errors="0" failures="1" skipped="0" tests="14" time="15.211" timestamp="2026-03-01T11:17:45.569636+00:00" hostname="agent-env-b4cc10fe-773f-4fe5-8a8b-6822c1fa4240"><testcase classname="tests.test_investment_detail_ledger.TestInvestmentsList" name="test_get_investments_list" time="1.622" /><testcase classname="tests.test_investment_detail_ledger.TestInvestmentsList" name="test_investments_list_has_test_investments" time="0.761" /><testcase classname="tests.test_investment_detail_ledger.TestInvestmentDetail" name="test_get_fd_lumpsum_detail" time="1.006" /><testcase classname="tests.test_investment_detail_ledger.TestInvestmentDetail" name="test_get_sip_investment_detail" time="0.995" /><testcase classname="tests.test_investment_detail_ledger.TestInvestmentDetail" name="test_projections_exist" time="0.989" /><testcase classname="tests.test_investment_detail_ledger.TestInvestmentDetail" name="test_ledger_lumpsum_single_entry" time="0.994"><failure message="AssertionError: assert 'date' in {'amount': 500, 'createdAt': '2026-03-01T11:17:23.907430+00:00', 'id': '07deccf6-a1c6-4f25-bfde-857a90104dc6', 'investmentId': '949c9438-ff3d-4684-817c-8cf8ac996818', ...}">tests/test_investment_detail_ledger.py:115: in test_ledger_lumpsum_single_entry
    assert 'date' in entry
E   AssertionError: assert 'date' in {'amount': 500, 'createdAt': '2026-03-01T11:17:23.907430+00:00', 'id': '07deccf6-a1c6-4f25-bfde-857a90104dc6', 'investmentId': '949c9438-ff3d-4684-817c-8cf8ac996818', ...}</failure></testcase><testcase classname="tests.test_investment_detail_ledger.TestInvestmentDetail" name="test_ledger_sip_multiple_entries" time="0.991" /><testcase classname="tests.test_investment_detail_ledger.TestInvestmentDetail" name="test_performance_tag_values" time="1.003" /><testcase classname="tests.test_investment_detail_ledger.TestInvestmentDetail" name="test_404_for_nonexistent_investment" time="0.757" /><testcase classname="tests.test_investment_detail_ledger.TestAddContribution" name="test_add_contribution_success" time="2.222" /><testcase classname="tests.test_investment_detail_ledger.TestAddContribution" name="test_add_contribution_creates_transaction" time="1.230" /><testcase classname="tests.test_investment_detail_ledger.TestAddContribution" name="test_add_contribution_invalid_amount" time="1.044" /><testcase classname="tests.test_investment_detail_ledger.TestAddContribution" name="test_add_contribution_nonexistent_investment" time="0.756" /><testcase classname="tests.test_investment_detail_ledger.TestInvestmentCRUD" name="test_get_single_investment" time="0.757" /></testsuite></testsuites>