<?xml version="1.0" encoding="utf-8"?><testsuites name="pytest tests"><testsuite name="pytest" errors="0" failures="0" skipped="0" tests="14" time="25.165" timestamp="2026-03-01T11:18:15.758204+00:00" hostname="agent-env-b4cc10fe-773f-4fe5-8a8b-6822c1fa4240"><testcase classname="tests.test_investment_detail_ledger.TestInvestmentsList" name="test_get_investments_list" time="11.761" /><testcase classname="tests.test_investment_detail_ledger.TestInvestmentsList" name="test_investments_list_has_test_investments" time="0.749" /><testcase classname="tests.test_investment_detail_ledger.TestInvestmentDetail" name="test_get_fd_lumpsum_detail" time="0.990" /><testcase classname="tests.test_investment_detail_ledger.TestInvestmentDetail" name="test_get_sip_investment_detail" time="0.980" /><testcase classname="tests.test_investment_detail_ledger.TestInvestmentDetail" name="test_projections_exist" time="0.980" /><testcase classname="tests.test_investment_detail_ledger.TestInvestmentDetail" name="test_ledger_lumpsum_single_entry" time="0.985" /><testcase classname="tests.test_investment_detail_ledger.TestInvestmentDetail" name="test_ledger_sip_multiple_entries" time="0.982" /><testcase classname="tests.test_investment_detail_ledger.TestInvestmentDetail" name="test_performance_tag_values" time="0.981" /><testcase classname="tests.test_investment_detail_ledger.TestInvestmentDetail" name="test_404_for_nonexistent_investment" time="0.742" /><testcase classname="tests.test_investment_detail_ledger.TestAddContribution" name="test_add_contribution_success" time="2.199" /><testcase classname="tests.test_investment_detail_ledger.TestAddContribution" name="test_add_contribution_creates_transaction" time="1.211" /><testcase classname="tests.test_investment_detail_ledger.TestAddContribution" name="test_add_contribution_invalid_amount" time="1.027" /><testcase classname="tests.test_investment_detail_ledger.TestAddContribution" name="test_add_contribution_nonexistent_investment" time="0.749" /><testcase classname="tests.test_investment_detail_ledger.TestInvestmentCRUD" name="test_get_single_investment" time="0.746" /></testsuite></testsuites>