<?xml version="1.0" encoding="utf-8"?><testsuites name="pytest tests"><testsuite name="pytest" errors="0" failures="1" skipped="0" tests="14" time="27.613" timestamp="2026-02-24T17:43:54.365150+00:00" hostname="agent-env-b6b1cda5-94b9-4e91-b222-a2a85ee7098b"><testcase classname="backend.tests.test_iter57_features.TestInvestmentPerformance" name="test_investment_performance_endpoint" time="9.494" /><testcase classname="backend.tests.test_iter57_features.TestInvestmentPerformance" name="test_investment_performance_uses_principal" time="2.060" /><testcase classname="backend.tests.test_iter57_features.TestPDFReportGeneration" name="test_pdf_report_generation[income]" time="1.567" /><testcase classname="backend.tests.test_iter57_features.TestPDFReportGeneration" name="test_pdf_report_generation[expense]" time="1.096" /><testcase classname="backend.tests.test_iter57_features.TestPDFReportGeneration" name="test_pdf_report_generation[investment]" time="0.838" /><testcase classname="backend.tests.test_iter57_features.TestPDFReportGeneration" name="test_pdf_report_generation[loan]" time="0.810" /><testcase classname="backend.tests.test_iter57_features.TestPDFReportGeneration" name="test_pdf_report_generation[networth]" time="2.267" /><testcase classname="backend.tests.test_iter57_features.TestExcelReportGeneration" name="test_excel_report_generation[income]" time="1.917" /><testcase classname="backend.tests.test_iter57_features.TestExcelReportGeneration" name="test_excel_report_generation[expense]" time="1.090" /><testcase classname="backend.tests.test_iter57_features.TestDashboardNetworth" name="test_networth_returns_breakdown_values" time="2.638" /><testcase classname="backend.tests.test_iter57_features.TestBreakdownPageAPIs" name="test_assets_list_api" time="1.414" /><testcase classname="backend.tests.test_iter57_features.TestBreakdownPageAPIs" name="test_loans_list_api" time="0.785" /><testcase classname="backend.tests.test_iter57_features.TestBreakdownPageAPIs" name="test_investments_list_api" time="0.776" /><testcase classname="backend.tests.test_iter57_features.TestBreakdownPageAPIs" name="test_insurances_list_api" time="0.768"><failure message="AssertionError: Insurance should have sumAssured&#10;assert 'sumAssured' in {'autoCreateExpense': False, 'coverageAmount': 10000000.0, 'coveredPerson': None, 'createdAt': '2026-02-24T14:42:24.834896Z', ...}">backend/tests/test_iter57_features.py:190: in test_insurances_list_api
    assert "sumAssured" in data[0], "Insurance should have sumAssured"
E   AssertionError: Insurance should have sumAssured
E   assert 'sumAssured' in {'autoCreateExpense': False, 'coverageAmount': 10000000.0, 'coveredPerson': None, 'createdAt': '2026-02-24T14:42:24.834896Z', ...}</failure></testcase></testsuite></testsuites>