<?xml version="1.0" encoding="utf-8"?><testsuites name="pytest tests"><testsuite name="pytest" errors="0" failures="0" skipped="0" tests="7" time="22.311" timestamp="2026-02-26T10:51:34.385026+00:00" hostname="agent-env-d3cd2c7b-9111-4d87-85ce-0a62ca164497"><testcase classname="tests.test_dashboard_cashflow.TestDashboardNetworthCashflow" name="test_networth_endpoint_returns_200" time="11.647" /><testcase classname="tests.test_dashboard_cashflow.TestDashboardNetworthCashflow" name="test_income_received_field_exists" time="2.202" /><testcase classname="tests.test_dashboard_cashflow.TestDashboardNetworthCashflow" name="test_expected_income_field_exists" time="1.864" /><testcase classname="tests.test_dashboard_cashflow.TestDashboardNetworthCashflow" name="test_expenses_done_field_exists" time="1.700" /><testcase classname="tests.test_dashboard_cashflow.TestDashboardNetworthCashflow" name="test_upcoming_expenses_field_exists" time="1.634" /><testcase classname="tests.test_dashboard_cashflow.TestDashboardNetworthCashflow" name="test_cashflow_fields_consistency" time="1.619" /><testcase classname="tests.test_dashboard_cashflow.TestDashboardNetworthCashflow" name="test_all_legacy_fields_still_present" time="1.589" /></testsuite></testsuites>