<?xml version="1.0" encoding="utf-8"?><testsuites name="pytest tests"><testsuite name="pytest" errors="0" failures="0" skipped="0" tests="16" time="35.942" timestamp="2026-02-24T21:55:37.986062+00:00" hostname="agent-env-a379ba36-b127-4296-ab59-9f2090ae9c70"><testcase classname="backend.tests.test_iter69_bugfixes.TestFinancialHealthMaxContribution" name="test_contributions_have_max_contribution_field" time="9.660" /><testcase classname="backend.tests.test_iter69_bugfixes.TestFinancialHealthMaxContribution" name="test_max_contributions_values_are_correct" time="2.037" /><testcase classname="backend.tests.test_iter69_bugfixes.TestFinancialHealthMaxContribution" name="test_contribution_less_than_or_equal_max" time="2.277" /><testcase classname="backend.tests.test_iter69_bugfixes.TestFinancialHealthMaxContribution" name="test_max_contributions_sum_to_100" time="2.058" /><testcase classname="backend.tests.test_iter69_bugfixes.TestFinancialScorePeriodLabel" name="test_score_period_label_contains_em_dash" time="2.466" /><testcase classname="backend.tests.test_iter69_bugfixes.TestFinancialScorePeriodLabel" name="test_score_period_label_format_dd_mon_yyyy" time="2.245" /><testcase classname="backend.tests.test_iter69_bugfixes.TestGamificationXpRules" name="test_xp_rules_use_action_key" time="1.299" /><testcase classname="backend.tests.test_iter69_bugfixes.TestGamificationXpRules" name="test_xp_rules_action_is_not_none" time="1.273" /><testcase classname="backend.tests.test_iter69_bugfixes.TestGamificationXpRules" name="test_xp_rules_xp_field_is_formatted" time="1.278" /><testcase classname="backend.tests.test_iter69_bugfixes.TestGamificationXpRules" name="test_xp_rules_have_icon" time="1.301" /><testcase classname="backend.tests.test_iter69_bugfixes.TestRegressionStageJourney" name="test_survival_clock_returns_all_stages" time="1.283" /><testcase classname="backend.tests.test_iter69_bugfixes.TestRegressionEmergencyRunway" name="test_fund_breakdown_has_details" time="1.331" /><testcase classname="backend.tests.test_iter69_bugfixes.TestRegressionScoreContribution" name="test_control_score_breakdown_4_pillars" time="2.450" /><testcase classname="backend.tests.test_iter69_bugfixes.TestPrintDebugInfo" name="test_print_max_contributions" time="1.129" /><testcase classname="backend.tests.test_iter69_bugfixes.TestPrintDebugInfo" name="test_print_xp_rules" time="1.300" /><testcase classname="backend.tests.test_iter69_bugfixes.TestPrintDebugInfo" name="test_print_score_period" time="2.469" /></testsuite></testsuites>