<?xml version="1.0" encoding="utf-8"?><testsuites name="pytest tests"><testsuite name="pytest" errors="0" failures="0" skipped="0" tests="14" time="29.165" timestamp="2026-02-24T17:44:33.333662+00:00" hostname="agent-env-b6b1cda5-94b9-4e91-b222-a2a85ee7098b"><testcase classname="backend.tests.test_iter57_features.TestInvestmentPerformance" name="test_investment_performance_endpoint" time="12.318" /><testcase classname="backend.tests.test_iter57_features.TestInvestmentPerformance" name="test_investment_performance_uses_principal" time="2.055" /><testcase classname="backend.tests.test_iter57_features.TestPDFReportGeneration" name="test_pdf_report_generation[income]" time="1.459" /><testcase classname="backend.tests.test_iter57_features.TestPDFReportGeneration" name="test_pdf_report_generation[expense]" time="0.776" /><testcase classname="backend.tests.test_iter57_features.TestPDFReportGeneration" name="test_pdf_report_generation[investment]" time="0.787" /><testcase classname="backend.tests.test_iter57_features.TestPDFReportGeneration" name="test_pdf_report_generation[loan]" time="0.805" /><testcase classname="backend.tests.test_iter57_features.TestPDFReportGeneration" name="test_pdf_report_generation[networth]" time="2.198" /><testcase classname="backend.tests.test_iter57_features.TestExcelReportGeneration" name="test_excel_report_generation[income]" time="1.538" /><testcase classname="backend.tests.test_iter57_features.TestExcelReportGeneration" name="test_excel_report_generation[expense]" time="0.774" /><testcase classname="backend.tests.test_iter57_features.TestDashboardNetworth" name="test_networth_returns_breakdown_values" time="2.670" /><testcase classname="backend.tests.test_iter57_features.TestBreakdownPageAPIs" name="test_assets_list_api" time="1.374" /><testcase classname="backend.tests.test_iter57_features.TestBreakdownPageAPIs" name="test_loans_list_api" time="0.778" /><testcase classname="backend.tests.test_iter57_features.TestBreakdownPageAPIs" name="test_investments_list_api" time="0.781" /><testcase classname="backend.tests.test_iter57_features.TestBreakdownPageAPIs" name="test_insurances_list_api" time="0.774" /></testsuite></testsuites>