<?xml version="1.0" encoding="utf-8"?><testsuites name="pytest tests"><testsuite name="pytest" errors="0" failures="0" skipped="0" tests="9" time="19.805" timestamp="2026-02-27T08:18:34.103864+00:00" hostname="agent-env-25edbdb1-488b-4303-840b-e54addb6b19a"><testcase classname="backend.tests.test_iteration88_features.TestInvestmentSIPWithZeroPrincipal" name="test_create_investment_with_zero_principal_and_sip" time="4.482" /><testcase classname="backend.tests.test_iteration88_features.TestInvestmentSIPWithZeroPrincipal" name="test_investment_with_positive_principal_still_works" time="3.660" /><testcase classname="backend.tests.test_iteration88_features.TestInvestmentSIPWithZeroPrincipal" name="test_investment_model_accepts_default_principal_zero" time="3.646" /><testcase classname="backend.tests.test_iteration88_features.TestUserDataCleared" name="test_expenses_are_empty" time="1.369" /><testcase classname="backend.tests.test_iteration88_features.TestUserDataCleared" name="test_income_is_empty" time="1.384" /><testcase classname="backend.tests.test_iteration88_features.TestUserDataCleared" name="test_investments_are_empty" time="1.355" /><testcase classname="backend.tests.test_iteration88_features.TestExpenseCalendarEndpoint" name="test_expenses_by_month_endpoint" time="1.356" /><testcase classname="backend.tests.test_iteration88_features.TestExpenseCalendarEndpoint" name="test_expenses_by_month_current_month" time="1.359" /><testcase classname="backend.tests.test_iteration88_features.TestExpenseCalendarEndpoint" name="test_expenses_by_month_invalid_format" time="1.136" /></testsuite></testsuites>