<?xml version="1.0" encoding="utf-8"?><testsuites name="pytest tests"><testsuite name="pytest" errors="0" failures="1" skipped="0" tests="6" time="13.955" timestamp="2026-02-26T11:34:03.882337+00:00" hostname="agent-env-d3cd2c7b-9111-4d87-85ce-0a62ca164497"><testcase classname="tests.test_iter81_bugfixes.TestTypeSynonyms" name="test_job_type_returns_salary_data" time="8.172" /><testcase classname="tests.test_iter81_bugfixes.TestTypeSynonyms" name="test_self_employed_type_returns_freelance_data" time="1.623" /><testcase classname="tests.test_iter81_bugfixes.TestTypeSynonyms" name="test_income_summary_returns_all_types" time="1.650" /><testcase classname="tests.test_iter81_bugfixes.TestTypeSynonyms" name="test_income_has_selected_date_field" time="1.730" /><testcase classname="tests.test_iter81_bugfixes.TestHealthCheck" name="test_backend_health" time="0.130"><failure message="AssertionError: Backend health check failed: 404&#10;assert 404 == 200&#10; +  where 404 = &lt;Response [404]&gt;.status_code">tests/test_iter81_bugfixes.py:123: in test_backend_health
    assert response.status_code == 200, f"Backend health check failed: {response.status_code}"
E   AssertionError: Backend health check failed: 404
E   assert 404 == 200
E    +  where 404 = &lt;Response [404]&gt;.status_code</failure></testcase><testcase classname="tests.test_iter81_bugfixes.TestHealthCheck" name="test_login_endpoint" time="0.575" /></testsuite></testsuites>