<?xml version="1.0" encoding="utf-8"?><testsuites name="pytest tests"><testsuite name="pytest" errors="0" failures="0" skipped="0" tests="17" time="34.760" timestamp="2026-02-26T11:08:04.981121+00:00" hostname="agent-env-d3cd2c7b-9111-4d87-85ce-0a62ca164497"><testcase classname="backend.tests.test_dashboard_schedule_cashflow.TestDashboardScheduleBasedCashflow" name="test_networth_endpoint_returns_200" time="11.333" /><testcase classname="backend.tests.test_dashboard_schedule_cashflow.TestDashboardScheduleBasedCashflow" name="test_income_received_field_exists_and_positive" time="2.644" /><testcase classname="backend.tests.test_dashboard_schedule_cashflow.TestDashboardScheduleBasedCashflow" name="test_income_received_list_exists" time="1.358" /><testcase classname="backend.tests.test_dashboard_schedule_cashflow.TestDashboardScheduleBasedCashflow" name="test_income_received_list_item_structure" time="1.406" /><testcase classname="backend.tests.test_dashboard_schedule_cashflow.TestDashboardScheduleBasedCashflow" name="test_expected_income_field_exists" time="1.395" /><testcase classname="backend.tests.test_dashboard_schedule_cashflow.TestDashboardScheduleBasedCashflow" name="test_expected_income_list_exists" time="1.379" /><testcase classname="backend.tests.test_dashboard_schedule_cashflow.TestDashboardScheduleBasedCashflow" name="test_expenses_done_field_exists_and_positive" time="1.350" /><testcase classname="backend.tests.test_dashboard_schedule_cashflow.TestDashboardScheduleBasedCashflow" name="test_expenses_done_list_exists" time="1.380" /><testcase classname="backend.tests.test_dashboard_schedule_cashflow.TestDashboardScheduleBasedCashflow" name="test_expenses_done_list_item_structure" time="1.382" /><testcase classname="backend.tests.test_dashboard_schedule_cashflow.TestDashboardScheduleBasedCashflow" name="test_upcoming_expenses_field_exists" time="1.360" /><testcase classname="backend.tests.test_dashboard_schedule_cashflow.TestDashboardScheduleBasedCashflow" name="test_upcoming_expenses_list_exists" time="1.369" /><testcase classname="backend.tests.test_dashboard_schedule_cashflow.TestDashboardScheduleBasedCashflow" name="test_net_balance_equals_received_minus_spent" time="1.377" /><testcase classname="backend.tests.test_dashboard_schedule_cashflow.TestDashboardScheduleBasedCashflow" name="test_received_income_schedule_dates_are_past" time="1.393" /><testcase classname="backend.tests.test_dashboard_schedule_cashflow.TestDashboardScheduleBasedCashflow" name="test_done_expenses_schedule_dates_are_past" time="1.355" /><testcase classname="backend.tests.test_dashboard_schedule_cashflow.TestDashboardScheduleBasedCashflow" name="test_received_amount_matches_list_sum" time="1.406" /><testcase classname="backend.tests.test_dashboard_schedule_cashflow.TestDashboardScheduleBasedCashflow" name="test_done_amount_matches_list_sum" time="1.421" /><testcase classname="backend.tests.test_dashboard_schedule_cashflow.TestDashboardScheduleBasedCashflow" name="test_all_legacy_fields_still_present" time="1.378" /></testsuite></testsuites>