<?xml version="1.0" encoding="utf-8"?><testsuites name="pytest tests"><testsuite name="pytest" errors="0" failures="0" skipped="0" tests="13" time="29.957" timestamp="2026-02-27T08:37:52.193563+00:00" hostname="agent-env-25edbdb1-488b-4303-840b-e54addb6b19a"><testcase classname="backend.tests.test_iteration89_features.TestIteration89Features" name="test_income_sources_count" time="10.881" /><testcase classname="backend.tests.test_iteration89_features.TestIteration89Features" name="test_investments_count" time="0.787" /><testcase classname="backend.tests.test_iteration89_features.TestIteration89Features" name="test_assets_count" time="0.775" /><testcase classname="backend.tests.test_iteration89_features.TestIteration89Features" name="test_loans_count" time="0.776" /><testcase classname="backend.tests.test_iteration89_features.TestIteration89Features" name="test_credit_cards_count" time="0.775" /><testcase classname="backend.tests.test_iteration89_features.TestIteration89Features" name="test_insurance_count" time="0.776" /><testcase classname="backend.tests.test_iteration89_features.TestIteration89Features" name="test_accounts_count" time="0.770" /><testcase classname="backend.tests.test_iteration89_features.TestIteration89Features" name="test_goals_count" time="0.768" /><testcase classname="backend.tests.test_iteration89_features.TestIteration89Features" name="test_expenses_by_month_endpoint" time="7.984" /><testcase classname="backend.tests.test_iteration89_features.TestIteration89Features" name="test_expense_summary_endpoint" time="1.016" /><testcase classname="backend.tests.test_iteration89_features.TestIteration89Features" name="test_dashboard_net_worth" time="2.052" /><testcase classname="backend.tests.test_iteration89_features.TestIteration89Features" name="test_intelligence_clock_endpoint" time="1.264" /><testcase classname="backend.tests.test_iteration89_features.TestIteration89Features" name="test_intelligence_gamification_endpoint" time="1.267" /></testsuite></testsuites>