<?xml version="1.0" encoding="utf-8"?><testsuites name="pytest tests"><testsuite name="pytest" errors="0" failures="0" skipped="0" tests="15" time="32.448" timestamp="2026-03-20T16:57:09.269489+00:00" hostname="agent-env-f8f9385c-1cd2-435c-a518-1cdb4617ea6a"><testcase classname="backend.tests.test_iteration154_bugfixes.TestAdminCommandCenterSafetyDays" name="test_admin_login_success" time="12.112" /><testcase classname="backend.tests.test_iteration154_bugfixes.TestAdminCommandCenterSafetyDays" name="test_command_center_returns_200" time="4.557" /><testcase classname="backend.tests.test_iteration154_bugfixes.TestAdminCommandCenterSafetyDays" name="test_command_center_has_safety_days" time="2.059" /><testcase classname="backend.tests.test_iteration154_bugfixes.TestAdminCommandCenterSafetyDays" name="test_safety_days_non_zero_for_users_with_accounts" time="2.084" /><testcase classname="backend.tests.test_iteration154_bugfixes.TestExpenseDetailSchedule" name="test_expenses_list_returns_200" time="0.854" /><testcase classname="backend.tests.test_iteration154_bugfixes.TestExpenseDetailSchedule" name="test_expense_detail_returns_200" time="1.338" /><testcase classname="backend.tests.test_iteration154_bugfixes.TestExpenseDetailSchedule" name="test_expense_detail_has_schedule" time="1.349" /><testcase classname="backend.tests.test_iteration154_bugfixes.TestExpenseDetailSchedule" name="test_schedule_no_paid_entries_before_creation" time="1.396" /><testcase classname="backend.tests.test_iteration154_bugfixes.TestExpenseDetailSchedule" name="test_schedule_starts_from_march_2026" time="1.353" /><testcase classname="backend.tests.test_iteration154_bugfixes.TestInvestmentsWithOnboardingFields" name="test_investments_list_returns_200" time="0.879" /><testcase classname="backend.tests.test_iteration154_bugfixes.TestInvestmentsWithOnboardingFields" name="test_investments_is_valid_list" time="0.879" /><testcase classname="backend.tests.test_iteration154_bugfixes.TestInvestmentsWithOnboardingFields" name="test_investments_have_required_fields" time="0.866" /><testcase classname="backend.tests.test_iteration154_bugfixes.TestAccountsAPI" name="test_accounts_returns_200" time="0.882" /><testcase classname="backend.tests.test_iteration154_bugfixes.TestAccountsAPI" name="test_accounts_have_balance" time="0.898" /><testcase classname="backend.tests.test_iteration154_bugfixes.TestExpenseOnboardingFields" name="test_expenses_have_expense_type" time="0.870" /></testsuite></testsuites>