<?xml version="1.0" encoding="utf-8"?><testsuites name="pytest tests"><testsuite name="pytest" errors="0" failures="0" skipped="0" tests="22" time="21.276" timestamp="2026-03-20T18:31:42.351831+00:00" hostname="agent-env-25043748-7486-4091-986e-a0ca4cb48c19"><testcase classname="backend.tests.test_iteration156_bugfixes.TestParseDueDayUtility" name="test_parse_due_day_simple_number" time="0.560" /><testcase classname="backend.tests.test_iteration156_bugfixes.TestParseDueDayUtility" name="test_parse_due_day_full_date" time="0.000" /><testcase classname="backend.tests.test_iteration156_bugfixes.TestParseDueDayUtility" name="test_parse_due_day_edge_cases" time="0.000" /><testcase classname="backend.tests.test_iteration156_bugfixes.TestParseDueDayUtility" name="test_parse_due_day_whitespace" time="0.000" /><testcase classname="backend.tests.test_iteration156_bugfixes.TestCombinedIntelligenceEndpoint" name="test_combined_intelligence_returns_200" time="2.959" /><testcase classname="backend.tests.test_iteration156_bugfixes.TestCombinedIntelligenceEndpoint" name="test_combined_intelligence_has_gamification" time="2.952" /><testcase classname="backend.tests.test_iteration156_bugfixes.TestCombinedIntelligenceEndpoint" name="test_combined_intelligence_gamification_has_achievements" time="2.938" /><testcase classname="backend.tests.test_iteration156_bugfixes.TestCombinedIntelligenceEndpoint" name="test_combined_intelligence_has_survival_clock" time="2.944" /><testcase classname="backend.tests.test_iteration156_bugfixes.TestCombinedIntelligenceEndpoint" name="test_combined_intelligence_has_control_score" time="2.749" /><testcase classname="backend.tests.test_iteration156_bugfixes.TestCombinedIntelligenceEndpoint" name="test_combined_intelligence_has_challenges" time="2.924" /><testcase classname="backend.tests.test_iteration156_bugfixes.TestExpensesByMonthEndpoint" name="test_expenses_by_month_returns_200" time="1.075" /><testcase classname="backend.tests.test_iteration156_bugfixes.TestExpensesByMonthEndpoint" name="test_expenses_by_month_returns_list" time="1.065" /><testcase classname="backend.tests.test_iteration156_bugfixes.TestExpensesByMonthEndpoint" name="test_expenses_have_display_status" time="1.034" /><testcase classname="backend.tests.test_iteration156_bugfixes.TestFrontendCodeVerification" name="test_my_investments_principal_check" time="0.001" /><testcase classname="backend.tests.test_iteration156_bugfixes.TestFrontendCodeVerification" name="test_my_expenses_has_parse_due_day" time="0.000" /><testcase classname="backend.tests.test_iteration156_bugfixes.TestFrontendCodeVerification" name="test_my_expenses_uses_format_ordinal" time="0.000" /><testcase classname="backend.tests.test_iteration156_bugfixes.TestFrontendCodeVerification" name="test_my_expenses_sorts_by_due_day" time="0.000" /><testcase classname="backend.tests.test_iteration156_bugfixes.TestFrontendCodeVerification" name="test_my_expenses_card_alignment" time="0.000" /><testcase classname="backend.tests.test_iteration156_bugfixes.TestFrontendCodeVerification" name="test_insights_challenges_widget_keys" time="0.000" /><testcase classname="backend.tests.test_iteration156_bugfixes.TestBackendUtilsIntegration" name="test_expenses_route_imports_parse_due_day" time="0.000" /><testcase classname="backend.tests.test_iteration156_bugfixes.TestBackendUtilsIntegration" name="test_expenses_route_uses_parse_due_day" time="0.000" /><testcase classname="backend.tests.test_iteration156_bugfixes.TestBackendUtilsIntegration" name="test_combined_route_calls_gamification_profile" time="0.000" /></testsuite></testsuites>