<?xml version="1.0" encoding="utf-8"?><testsuites name="pytest tests"><testsuite name="pytest" errors="0" failures="0" skipped="0" tests="9" time="10.895" timestamp="2026-02-28T16:58:17.875134+00:00" hostname="agent-env-5012a697-20fc-47a9-b433-48152aafc5c5"><testcase classname="backend.tests.test_expenses_iter99.TestAuth" name="test_login_success" time="0.644" /><testcase classname="backend.tests.test_expenses_iter99.TestExpensesByMonth" name="test_get_expenses_by_month_current" time="1.873" /><testcase classname="backend.tests.test_expenses_iter99.TestExpensesByMonth" name="test_auto_paid_status_logic" time="1.021" /><testcase classname="backend.tests.test_expenses_iter99.TestWeeklySummary" name="test_weekly_summary_endpoint" time="1.376" /><testcase classname="backend.tests.test_expenses_iter99.TestWeeklySummary" name="test_weekly_summary_has_essential_lifestyle_wealth" time="0.780" /><testcase classname="backend.tests.test_expenses_iter99.TestWeeklySummary" name="test_weekly_summary_structure" time="0.776" /><testcase classname="backend.tests.test_expenses_iter99.TestMonthlySummary" name="test_monthly_summary_endpoint" time="1.689" /><testcase classname="backend.tests.test_expenses_iter99.TestMonthlySummary" name="test_monthly_summary_has_breakdown" time="1.043" /><testcase classname="backend.tests.test_expenses_iter99.TestBehaviorInsights" name="test_behavior_insights_endpoint" time="1.633" /></testsuite></testsuites>