<?xml version="1.0" encoding="utf-8"?><testsuites name="pytest tests"><testsuite name="pytest" errors="0" failures="0" skipped="0" tests="13" time="41.033" timestamp="2026-03-21T14:57:48.386081+00:00" hostname="agent-env-a40384ca-1351-4f3f-ab95-f6f6771723ee"><testcase classname="backend.tests.test_iteration172_fixes.TestBackendAPIs" name="test_goals_list_api" time="17.544" /><testcase classname="backend.tests.test_iteration172_fixes.TestBackendAPIs" name="test_goal_detail_api" time="2.233" /><testcase classname="backend.tests.test_iteration172_fixes.TestBackendAPIs" name="test_dashboard_networth_insurance_fields" time="3.022" /><testcase classname="backend.tests.test_iteration172_fixes.TestBackendAPIs" name="test_report_income_generation" time="1.714" /><testcase classname="backend.tests.test_iteration172_fixes.TestBackendAPIs" name="test_report_expense_generation" time="1.386" /><testcase classname="backend.tests.test_iteration172_fixes.TestBackendAPIs" name="test_report_networth_generation" time="3.031" /><testcase classname="backend.tests.test_iteration172_fixes.TestBackendAPIs" name="test_report_investment_generation" time="1.381" /><testcase classname="backend.tests.test_iteration172_fixes.TestBackendAPIs" name="test_report_loan_generation" time="1.392" /><testcase classname="backend.tests.test_iteration172_fixes.TestBackendAPIs" name="test_report_cashflow_generation" time="1.816" /><testcase classname="backend.tests.test_iteration172_fixes.TestBackendAPIs" name="test_report_insurance_generation" time="1.354" /><testcase classname="backend.tests.test_iteration172_fixes.TestBackendAPIs" name="test_analytics_snapshots_api" time="1.364" /><testcase classname="backend.tests.test_iteration172_fixes.TestBackendAPIs" name="test_accounts_api" time="1.333" /><testcase classname="backend.tests.test_iteration172_fixes.TestBackendAPIs" name="test_combined_intelligence_api" time="3.386" /></testsuite></testsuites>