<?xml version="1.0" encoding="utf-8"?><testsuites name="pytest tests"><testsuite name="pytest" errors="0" failures="0" skipped="0" tests="6" time="32.623" timestamp="2026-03-18T15:06:05.812473+00:00" hostname="agent-env-97c19ce6-37d2-431d-bef2-e80afc9c80e3"><testcase classname="backend.tests.test_loan_income_visibility_iter136.TestLoanGivenIncomeVisibility" name="test_01_monthly_loan_given_creates_income_with_selected_date" time="7.606" /><testcase classname="backend.tests.test_loan_income_visibility_iter136.TestLoanGivenIncomeVisibility" name="test_02_weekly_loan_given_creates_income_with_selected_day" time="4.853" /><testcase classname="backend.tests.test_loan_income_visibility_iter136.TestLoanGivenIncomeVisibility" name="test_03_income_source_appears_in_income_list_summary" time="5.061" /><testcase classname="backend.tests.test_loan_income_visibility_iter136.TestLoanGivenIncomeVisibility" name="test_04_income_source_has_positive_expected_amount" time="4.824" /><testcase classname="backend.tests.test_loan_income_visibility_iter136.TestLoanGivenIncomeVisibility" name="test_05_loan_detail_outstanding_equals_principal_for_fresh_loan" time="5.055" /><testcase classname="backend.tests.test_loan_income_visibility_iter136.TestLoanGivenIncomeVisibility" name="test_06_income_schedule_uses_selected_date" time="5.170" /></testsuite></testsuites>