<?xml version="1.0" encoding="utf-8"?><testsuites name="pytest tests"><testsuite name="pytest" errors="0" failures="0" skipped="0" tests="10" time="57.881" timestamp="2026-03-18T15:15:46.838722+00:00" hostname="agent-env-97c19ce6-37d2-431d-bef2-e80afc9c80e3"><testcase classname="tests.test_loan_income_all_loans_iter137.TestLoanGivenIncomeForAllLoans" name="test_01_loan_without_interest_creates_income_source" time="16.528" /><testcase classname="tests.test_loan_income_all_loans_iter137.TestLoanGivenIncomeForAllLoans" name="test_02_loan_with_interest_creates_income_source" time="4.399" /><testcase classname="tests.test_loan_income_all_loans_iter137.TestLoanGivenIncomeForAllLoans" name="test_03_income_sources_appear_in_list_summary" time="5.108" /><testcase classname="tests.test_loan_income_all_loans_iter137.TestLoanGivenIncomeForAllLoans" name="test_04_fixed_emi_expected_amount_equals_installment" time="4.338" /><testcase classname="tests.test_loan_income_all_loans_iter137.TestLoanGivenIncomeForAllLoans" name="test_05_lump_sum_expected_amount" time="4.342" /><testcase classname="tests.test_loan_income_all_loans_iter137.TestLoanGivenIncomeForAllLoans" name="test_06_flexible_expected_amount" time="4.341" /><testcase classname="tests.test_loan_income_all_loans_iter137.TestLoanGivenIncomeForAllLoans" name="test_07_weekly_frequency_has_selected_day" time="4.259" /><testcase classname="tests.test_loan_income_all_loans_iter137.TestLoanGivenIncomeForAllLoans" name="test_08_monthly_frequency_has_selected_date" time="4.334" /><testcase classname="tests.test_loan_income_all_loans_iter137.TestLoanGivenIncomeForAllLoans" name="test_09_add_repayment_creates_income_received_for_all" time="5.840" /><testcase classname="tests.test_loan_income_all_loans_iter137.TestLoanGivenIncomeForAllLoans" name="test_10_income_source_name_format" time="4.307" /></testsuite></testsuites>