<?xml version="1.0" encoding="utf-8"?><testsuites name="pytest tests"><testsuite name="pytest" errors="0" failures="0" skipped="0" tests="13" time="15.559" timestamp="2026-03-01T11:28:21.934172+00:00" hostname="agent-env-b4cc10fe-773f-4fe5-8a8b-6822c1fa4240"><testcase classname="backend.tests.test_loan_investment_navigation_fixes.TestAmortizationStatusFix" name="test_get_amortization_schedule_returns_200" time="2.060" /><testcase classname="backend.tests.test_loan_investment_navigation_fixes.TestAmortizationStatusFix" name="test_amortization_has_schedule_and_summary" time="1.231" /><testcase classname="backend.tests.test_loan_investment_navigation_fixes.TestAmortizationStatusFix" name="test_past_emis_are_paid_not_missed" time="1.233" /><testcase classname="backend.tests.test_loan_investment_navigation_fixes.TestAmortizationStatusFix" name="test_summary_counts_match_schedule" time="1.231" /><testcase classname="backend.tests.test_loan_investment_navigation_fixes.TestExtraPaymentModes" name="test_get_loan_initial_state" time="0.759" /><testcase classname="backend.tests.test_loan_investment_navigation_fixes.TestExtraPaymentModes" name="test_extra_payment_reduce_principal_mode" time="1.998" /><testcase classname="backend.tests.test_loan_investment_navigation_fixes.TestExtraPaymentModes" name="test_extra_payment_recorded" time="1.226" /><testcase classname="backend.tests.test_loan_investment_navigation_fixes.TestInvestmentDetailPage" name="test_get_investment_detail" time="0.994" /><testcase classname="backend.tests.test_loan_investment_navigation_fixes.TestInvestmentDetailPage" name="test_get_investment_by_id" time="0.764" /><testcase classname="backend.tests.test_loan_investment_navigation_fixes.TestLoanDetailPage" name="test_get_loan_by_id" time="0.759" /><testcase classname="backend.tests.test_loan_investment_navigation_fixes.TestLoanDetailPage" name="test_get_loan_insights" time="1.701" /><testcase classname="backend.tests.test_loan_investment_navigation_fixes.TestLoansList" name="test_get_loans_list" time="0.757" /><testcase classname="backend.tests.test_loan_investment_navigation_fixes.TestInvestmentsList" name="test_get_investments_list" time="0.756" /></testsuite></testsuites>