<?xml version="1.0" encoding="utf-8"?><testsuites name="pytest tests"><testsuite name="pytest" errors="0" failures="0" skipped="0" tests="20" time="35.841" timestamp="2026-03-01T10:44:38.046721+00:00" hostname="agent-env-b4cc10fe-773f-4fe5-8a8b-6822c1fa4240"><testcase classname="backend.tests.test_loan_emi_scheduler.TestAuth" name="test_login_returns_user_data" time="11.287" /><testcase classname="backend.tests.test_loan_emi_scheduler.TestShareCardAPI" name="test_share_card_endpoint_returns_200" time="3.263" /><testcase classname="backend.tests.test_loan_emi_scheduler.TestShareCardAPI" name="test_share_card_contains_required_fields" time="2.418" /><testcase classname="backend.tests.test_loan_emi_scheduler.TestShareCardAPI" name="test_share_card_name_is_string" time="2.422" /><testcase classname="backend.tests.test_loan_emi_scheduler.TestLoanCRUD" name="test_get_all_loans" time="1.599" /><testcase classname="backend.tests.test_loan_emi_scheduler.TestLoanCRUD" name="test_get_specific_loan" time="0.759" /><testcase classname="backend.tests.test_loan_emi_scheduler.TestLoanCRUD" name="test_loan_has_emi_fields" time="0.765" /><testcase classname="backend.tests.test_loan_emi_scheduler.TestEMITriggerEndpoint" name="test_trigger_emi_update_returns_200" time="1.571" /><testcase classname="backend.tests.test_loan_emi_scheduler.TestEMITriggerEndpoint" name="test_trigger_emi_returns_all_9_loans" time="0.760" /><testcase classname="backend.tests.test_loan_emi_scheduler.TestEMITriggerEndpoint" name="test_trigger_emi_has_due_day_info" time="0.760" /><testcase classname="backend.tests.test_loan_emi_scheduler.TestEMITriggerEndpoint" name="test_trigger_emi_has_principal_interest_breakdown" time="0.760" /><testcase classname="backend.tests.test_loan_emi_scheduler.TestEMILedgerAll" name="test_emi_ledger_all_returns_200" time="1.625" /><testcase classname="backend.tests.test_loan_emi_scheduler.TestEMILedgerAll" name="test_emi_ledger_all_returns_9_transactions" time="0.772" /><testcase classname="backend.tests.test_loan_emi_scheduler.TestEMILedgerAll" name="test_emi_transaction_has_breakdown" time="0.765" /><testcase classname="backend.tests.test_loan_emi_scheduler.TestEMILedgerAll" name="test_transactions_have_source_field" time="0.770" /><testcase classname="backend.tests.test_loan_emi_scheduler.TestEMILedgerSpecificLoan" name="test_emi_ledger_specific_returns_200" time="1.587" /><testcase classname="backend.tests.test_loan_emi_scheduler.TestEMILedgerSpecificLoan" name="test_emi_ledger_specific_returns_correct_loan" time="0.762" /><testcase classname="backend.tests.test_loan_emi_scheduler.TestEMILedgerSpecificLoan" name="test_hdfc_loan_outstanding_reduced" time="0.764" /><testcase classname="backend.tests.test_loan_emi_scheduler.TestLoanOutstandingVerification" name="test_hdfc_home_loan_outstanding_reduced" time="1.594" /><testcase classname="backend.tests.test_loan_emi_scheduler.TestLoanOutstandingVerification" name="test_hdfc_home_loan_last_update_date_set" time="0.757" /></testsuite></testsuites>