<?xml version="1.0" encoding="utf-8"?><testsuites name="pytest tests"><testsuite name="pytest" errors="0" failures="0" skipped="0" tests="8" time="42.547" timestamp="2026-03-18T14:11:27.105332+00:00" hostname="agent-env-97c19ce6-37d2-431d-bef2-e80afc9c80e3"><testcase classname="tests.test_loan_given_repayment_frequency.TestLoanGivenRepaymentFrequency" name="test_01_create_loan_with_monthly_repayment_frequency" time="16.684" /><testcase classname="tests.test_loan_given_repayment_frequency.TestLoanGivenRepaymentFrequency" name="test_02_create_loan_with_daily_repayment_frequency" time="2.942" /><testcase classname="tests.test_loan_given_repayment_frequency.TestLoanGivenRepaymentFrequency" name="test_03_create_loan_with_quarterly_repayment_frequency" time="2.892" /><testcase classname="tests.test_loan_given_repayment_frequency.TestLoanGivenRepaymentFrequency" name="test_04_create_loan_with_yearly_repayment_frequency" time="2.843" /><testcase classname="tests.test_loan_given_repayment_frequency.TestLoanGivenRepaymentFrequency" name="test_05_loan_detail_returns_repayment_frequency" time="3.878" /><testcase classname="tests.test_loan_given_repayment_frequency.TestLoanGivenRepaymentFrequency" name="test_06_flexible_repayment_no_frequency" time="2.890" /><testcase classname="tests.test_loan_given_repayment_frequency.TestLoanGivenRepaymentFrequency" name="test_07_all_frequency_options" time="6.701" /><testcase classname="tests.test_loan_given_repayment_frequency.TestLoanGivenRepaymentFrequency" name="test_08_get_investment_returns_repayment_frequency" time="3.650" /></testsuite></testsuites>