<?xml version="1.0" encoding="utf-8"?><testsuites name="pytest tests"><testsuite name="pytest" errors="0" failures="0" skipped="0" tests="13" time="70.758" timestamp="2026-03-18T14:40:27.024908+00:00" hostname="agent-env-97c19ce6-37d2-431d-bef2-e80afc9c80e3"><testcase classname="backend.tests.test_loan_given_repayment_features.TestLoanGivenCreation" name="test_01_create_loan_with_fixed_repayment_type" time="19.748" /><testcase classname="backend.tests.test_loan_given_repayment_features.TestLoanGivenCreation" name="test_02_create_loan_with_lump_sum_repayment" time="3.710" /><testcase classname="backend.tests.test_loan_given_repayment_features.TestLoanGivenCreation" name="test_03_create_loan_with_flexible_repayment" time="3.331" /><testcase classname="backend.tests.test_loan_given_repayment_features.TestLoanGivenCreation" name="test_04_create_loan_with_interest_auto_creates_income_source" time="4.351" /><testcase classname="backend.tests.test_loan_given_repayment_features.TestLoanGivenCreation" name="test_05_no_interest_loan_does_not_create_income_source" time="3.327" /><testcase classname="backend.tests.test_loan_given_repayment_features.TestLoanDetailEndpoint" name="test_06_loan_detail_returns_installment_fields" time="4.598" /><testcase classname="backend.tests.test_loan_given_repayment_features.TestRepaymentWithInterestSplit" name="test_07_repayment_returns_interest_principal_portions" time="5.078" /><testcase classname="backend.tests.test_loan_given_repayment_features.TestRepaymentWithInterestSplit" name="test_08_repayment_with_interest_creates_income_transaction" time="5.184" /><testcase classname="backend.tests.test_loan_given_repayment_features.TestRepaymentWithInterestSplit" name="test_09_repayment_without_interest_no_income_transaction" time="4.603" /><testcase classname="backend.tests.test_loan_given_repayment_features.TestRepaymentValidation" name="test_10_repayment_exceeds_outstanding_blocked" time="4.089" /><testcase classname="backend.tests.test_loan_given_repayment_features.TestRepaymentValidation" name="test_11_negative_repayment_blocked" time="3.932" /><testcase classname="backend.tests.test_loan_given_repayment_features.TestRepaymentValidation" name="test_12_zero_repayment_blocked" time="3.775" /><testcase classname="backend.tests.test_loan_given_repayment_features.TestAllRepaymentTypes" name="test_13_all_repayment_types_save_correctly" time="4.931" /></testsuite></testsuites>