<?xml version="1.0" encoding="utf-8"?><testsuites name="pytest tests"><testsuite name="pytest" errors="0" failures="0" skipped="0" tests="10" time="57.836" timestamp="2026-03-18T15:39:11.192381+00:00" hostname="agent-env-6aa08329-7aaf-4526-bf45-d5db47a91667"><testcase classname="backend.tests.test_loan_given_cascade_confirm_iter138.TestLoanGivenCascadeDeleteAndConfirm" name="test_01_create_loan_given_fixed_creates_income_source" time="16.301" /><testcase classname="backend.tests.test_loan_given_cascade_confirm_iter138.TestLoanGivenCascadeDeleteAndConfirm" name="test_02_create_loan_with_interest_creates_income_source" time="5.207" /><testcase classname="backend.tests.test_loan_given_cascade_confirm_iter138.TestLoanGivenCascadeDeleteAndConfirm" name="test_03_delete_loan_given_cascades_income_source" time="7.606" /><testcase classname="backend.tests.test_loan_given_cascade_confirm_iter138.TestLoanGivenCascadeDeleteAndConfirm" name="test_04_delete_loan_given_without_repayments" time="5.168" /><testcase classname="backend.tests.test_loan_given_cascade_confirm_iter138.TestLoanGivenCascadeDeleteAndConfirm" name="test_05_confirm_repayment_marks_transaction_confirmed" time="7.789" /><testcase classname="backend.tests.test_loan_given_cascade_confirm_iter138.TestLoanGivenCascadeDeleteAndConfirm" name="test_06_reject_repayment_rolls_back" time="9.158" /><testcase classname="backend.tests.test_loan_given_cascade_confirm_iter138.TestLoanGivenCascadeDeleteAndConfirm" name="test_07_confirm_repayment_notification_not_found" time="3.082" /><testcase classname="backend.tests.test_loan_given_cascade_confirm_iter138.TestLoanGivenCascadeDeleteAndConfirm" name="test_08_confirm_repayment_invalid_action" time="3.438" /><testcase classname="backend.tests.test_loan_given_cascade_confirm_iter138.TestSchedulerLoanRepaymentFunction" name="test_09_scheduler_contains_auto_process_loan_repayments" time="0.000" /><testcase classname="backend.tests.test_loan_given_cascade_confirm_iter138.TestSchedulerLoanRepaymentFunction" name="test_10_scheduler_loop_calls_loan_repayments" time="0.000" /></testsuite></testsuites>