<?xml version="1.0" encoding="utf-8"?><testsuites name="pytest tests"><testsuite name="pytest" errors="0" failures="0" skipped="0" tests="11" time="56.627" timestamp="2026-03-18T13:52:40.408662+00:00" hostname="agent-env-97c19ce6-37d2-431d-bef2-e80afc9c80e3"><testcase classname="backend.tests.test_loan_given_feature.TestLoanGivenFeature" name="test_01_create_loan_given_investment" time="13.850" /><testcase classname="backend.tests.test_loan_given_feature.TestLoanGivenFeature" name="test_02_get_loan_detail" time="4.583" /><testcase classname="backend.tests.test_loan_given_feature.TestLoanGivenFeature" name="test_03_add_repayment_status_partial" time="4.065" /><testcase classname="backend.tests.test_loan_given_feature.TestLoanGivenFeature" name="test_04_add_repayment_status_closed" time="4.080" /><testcase classname="backend.tests.test_loan_given_feature.TestLoanGivenFeature" name="test_05_repayment_exceeds_outstanding_rejected" time="3.613" /><testcase classname="backend.tests.test_loan_given_feature.TestLoanGivenFeature" name="test_06_negative_repayment_rejected" time="3.387" /><testcase classname="backend.tests.test_loan_given_feature.TestLoanGivenFeature" name="test_07_get_repayment_history" time="6.281" /><testcase classname="backend.tests.test_loan_given_feature.TestLoanGivenFeature" name="test_08_dashboard_networth_loan_given_fields" time="4.887" /><testcase classname="backend.tests.test_loan_given_feature.TestLoanGivenFeature" name="test_09_repayment_only_for_loan_given" time="3.596" /><testcase classname="backend.tests.test_loan_given_feature.TestLoanGivenFeature" name="test_10_loan_given_with_interest_type_custom" time="4.597" /><testcase classname="backend.tests.test_loan_given_feature.TestLoanGivenListDisplay" name="test_investments_list_includes_loan_status" time="3.597" /></testsuite></testsuites>