<?xml version="1.0" encoding="utf-8"?><testsuites name="pytest tests"><testsuite name="pytest" errors="0" failures="0" skipped="0" tests="14" time="2.114" timestamp="2026-02-22T07:21:49.485854+00:00" hostname="agent-env-4947e5b3-e21e-4a82-bc52-a8a492dccdd2"><testcase classname="backend.tests.test_login_recovery.TestLoginWithEmail" name="test_login_with_test_email" time="0.144" /><testcase classname="backend.tests.test_login_recovery.TestLoginWithEmail" name="test_login_with_demo_credentials" time="0.121" /><testcase classname="backend.tests.test_login_recovery.TestLoginWithEmail" name="test_login_with_invalid_email" time="0.124" /><testcase classname="backend.tests.test_login_recovery.TestLoginWithEmail" name="test_login_with_wrong_password" time="0.125" /><testcase classname="backend.tests.test_login_recovery.TestLoginWithEmail" name="test_login_with_empty_username" time="0.111" /><testcase classname="backend.tests.test_login_recovery.TestLoginWithMobile" name="test_login_api_accepts_mobile_format" time="0.140" /><testcase classname="backend.tests.test_login_recovery.TestForgotPassword" name="test_forgot_password_with_email" time="0.256" /><testcase classname="backend.tests.test_login_recovery.TestForgotPassword" name="test_forgot_password_with_mobile" time="0.212" /><testcase classname="backend.tests.test_login_recovery.TestForgotPassword" name="test_forgot_password_with_nonexistent_email" time="0.160" /><testcase classname="backend.tests.test_login_recovery.TestForgotPassword" name="test_forgot_password_with_empty_username" time="0.119" /><testcase classname="backend.tests.test_login_recovery.TestForgotUsernameRemoved" name="test_forgot_username_endpoint_may_not_exist_or_deprecated" time="0.212" /><testcase classname="backend.tests.test_login_recovery.TestLoginResponseStructure" name="test_login_response_has_required_fields" time="0.104" /><testcase classname="backend.tests.test_login_recovery.TestCheckAvailability" name="test_check_existing_email" time="0.100" /><testcase classname="backend.tests.test_login_recovery.TestCheckAvailability" name="test_check_new_email" time="0.101" /></testsuite></testsuites>