<?xml version="1.0" encoding="utf-8"?><testsuites name="pytest tests"><testsuite name="pytest" errors="0" failures="0" skipped="0" tests="8" time="2.280" timestamp="2026-02-15T10:41:16.822935+00:00" hostname="agent-env-0e92b865-ea71-4561-b93d-7ddac48e4a51"><testcase classname="backend.tests.test_milestones_api.TestMilestonesAPI" name="test_milestones_endpoint_exists" time="0.280" /><testcase classname="backend.tests.test_milestones_api.TestMilestonesAPI" name="test_milestones_response_structure" time="0.325" /><testcase classname="backend.tests.test_milestones_api.TestMilestonesAPI" name="test_cc_closure_goal_milestones" time="0.237" /><testcase classname="backend.tests.test_milestones_api.TestMilestonesAPI" name="test_milestones_not_reached_for_low_progress_goal" time="0.206" /><testcase classname="backend.tests.test_milestones_api.TestMilestonesAPI" name="test_milestones_invalid_goal_id" time="0.104" /><testcase classname="backend.tests.test_milestones_api.TestMilestonesAPI" name="test_milestones_persistence" time="0.309" /><testcase classname="backend.tests.test_milestones_api.TestMilestonesAPI" name="test_goal_model_has_reached_milestones_field" time="0.105" /><testcase classname="backend.tests.test_milestones_api.TestMilestoneCalculation" name="test_milestones_calculated_based_on_progress" time="0.605" /></testsuite></testsuites>