<?xml version="1.0" encoding="utf-8"?><testsuites name="pytest tests"><testsuite name="pytest" errors="0" failures="0" skipped="0" tests="36" time="51.334" timestamp="2026-02-24T18:43:45.064482+00:00" hostname="agent-env-0de46383-cf28-4640-9ce5-ec27b12c6df2"><testcase classname="tests.test_backend_modular_routes.TestAuthEndpoints" name="test_root_health_check" time="6.322" /><testcase classname="tests.test_backend_modular_routes.TestAuthEndpoints" name="test_login_success" time="1.909" /><testcase classname="tests.test_backend_modular_routes.TestAuthEndpoints" name="test_get_current_user" time="0.621" /><testcase classname="tests.test_backend_modular_routes.TestAuthEndpoints" name="test_login_invalid_credentials" time="0.452" /><testcase classname="tests.test_backend_modular_routes.TestDashboardEndpoints" name="test_get_networth_summary" time="2.105" /><testcase classname="tests.test_backend_modular_routes.TestDashboardEndpoints" name="test_get_breakdown" time="1.340" /><testcase classname="tests.test_backend_modular_routes.TestIncomeEndpoints" name="test_list_income_sources" time="0.982" /><testcase classname="tests.test_backend_modular_routes.TestIncomeEndpoints" name="test_create_income_source" time="0.873" /><testcase classname="tests.test_backend_modular_routes.TestExpenseEndpoints" name="test_list_expenses" time="0.853" /><testcase classname="tests.test_backend_modular_routes.TestExpenseEndpoints" name="test_get_expense_list_summary" time="1.105" /><testcase classname="tests.test_backend_modular_routes.TestGoalsEndpoints" name="test_list_goals" time="0.926" /><testcase classname="tests.test_backend_modular_routes.TestGoalsEndpoints" name="test_get_allocation_status" time="1.362" /><testcase classname="tests.test_backend_modular_routes.TestGoalsEndpoints" name="test_get_achievements" time="1.011" /><testcase classname="tests.test_backend_modular_routes.TestProfileEndpoints" name="test_get_basic_profile" time="0.848" /><testcase classname="tests.test_backend_modular_routes.TestProfileEndpoints" name="test_get_basic_profile_alt" time="0.934" /><testcase classname="tests.test_backend_modular_routes.TestProfileEndpoints" name="test_get_profile_completion" time="0.743" /><testcase classname="tests.test_backend_modular_routes.TestAnalyticsEndpoints" name="test_get_analytics_snapshots" time="0.841" /><testcase classname="tests.test_backend_modular_routes.TestAnalyticsEndpoints" name="test_get_investment_performance" time="1.199" /><testcase classname="tests.test_backend_modular_routes.TestFinancialHealthEndpoints" name="test_get_financial_health" time="2.162" /><testcase classname="tests.test_backend_modular_routes.TestNotificationEndpoints" name="test_list_notifications" time="0.645" /><testcase classname="tests.test_backend_modular_routes.TestNotificationEndpoints" name="test_get_unread_count" time="0.628" /><testcase classname="tests.test_backend_modular_routes.TestSettingsEndpoints" name="test_get_notification_settings" time="0.840" /><testcase classname="tests.test_backend_modular_routes.TestSecurityEndpoints" name="test_get_active_sessions" time="1.099" /><testcase classname="tests.test_backend_modular_routes.TestWorkspaceEndpoints" name="test_list_workspaces" time="1.110" /><testcase classname="tests.test_backend_modular_routes.TestTransactionEndpoints" name="test_get_income_transactions" time="0.652" /><testcase classname="tests.test_backend_modular_routes.TestTransactionEndpoints" name="test_get_expense_transactions" time="0.612" /><testcase classname="tests.test_backend_modular_routes.TestEntityUniquenessEndpoint" name="test_check_entity_uniqueness" time="0.879" /><testcase classname="tests.test_backend_modular_routes.TestAIInsightsEndpoint" name="test_get_ai_insights" time="11.716" /><testcase classname="tests.test_backend_modular_routes.TestOtherResourceEndpoints" name="test_list_loans" time="0.928" /><testcase classname="tests.test_backend_modular_routes.TestOtherResourceEndpoints" name="test_list_assets" time="0.824" /><testcase classname="tests.test_backend_modular_routes.TestOtherResourceEndpoints" name="test_list_accounts" time="0.842" /><testcase classname="tests.test_backend_modular_routes.TestOtherResourceEndpoints" name="test_list_investments" time="0.862" /><testcase classname="tests.test_backend_modular_routes.TestOtherResourceEndpoints" name="test_list_credit_cards" time="0.874" /><testcase classname="tests.test_backend_modular_routes.TestOtherResourceEndpoints" name="test_list_insurances" time="0.900" /><testcase classname="tests.test_backend_modular_routes.TestOtherResourceEndpoints" name="test_list_other_income" time="0.854" /><testcase classname="tests.test_backend_modular_routes.TestLogout" name="test_logout" time="0.366" /></testsuite></testsuites>