<?xml version="1.0" encoding="utf-8"?><testsuites name="pytest tests"><testsuite name="pytest" errors="0" failures="0" skipped="0" tests="24" time="31.683" timestamp="2026-03-18T11:01:43.014538+00:00" hostname="agent-env-30811009-4a9b-452e-9d00-54bca018e62d"><testcase classname="backend.tests.test_mpin_feature.TestMPINFeature" name="test_01_mpin_status_initial" time="15.660" /><testcase classname="backend.tests.test_mpin_feature.TestMPINFeature" name="test_02_mpin_status_requires_auth" time="0.171" /><testcase classname="backend.tests.test_mpin_feature.TestMPINFeature" name="test_03_set_mpin_validation_empty" time="0.520" /><testcase classname="backend.tests.test_mpin_feature.TestMPINFeature" name="test_04_set_mpin_validation_too_short" time="0.529" /><testcase classname="backend.tests.test_mpin_feature.TestMPINFeature" name="test_05_set_mpin_validation_too_long" time="0.520" /><testcase classname="backend.tests.test_mpin_feature.TestMPINFeature" name="test_06_set_mpin_validation_non_numeric" time="0.532" /><testcase classname="backend.tests.test_mpin_feature.TestMPINFeature" name="test_07_set_mpin_success" time="0.980" /><testcase classname="backend.tests.test_mpin_feature.TestMPINFeature" name="test_08_mpin_status_after_set" time="0.770" /><testcase classname="backend.tests.test_mpin_feature.TestMPINFeature" name="test_09_set_mpin_requires_auth" time="0.112" /><testcase classname="backend.tests.test_mpin_feature.TestMPINFeature" name="test_10_verify_mpin_success" time="0.984" /><testcase classname="backend.tests.test_mpin_feature.TestMPINFeature" name="test_11_verify_mpin_wrong" time="0.987" /><testcase classname="backend.tests.test_mpin_feature.TestMPINFeature" name="test_12_verify_mpin_requires_auth" time="0.127" /><testcase classname="backend.tests.test_mpin_feature.TestMPINFeature" name="test_13_mpin_login_success" time="1.035" /><testcase classname="backend.tests.test_mpin_feature.TestMPINFeature" name="test_14_mpin_login_wrong_mpin" time="0.566" /><testcase classname="backend.tests.test_mpin_feature.TestMPINFeature" name="test_15_mpin_login_wrong_email" time="0.349" /><testcase classname="backend.tests.test_mpin_feature.TestMPINFeature" name="test_16_mpin_login_missing_email" time="0.124" /><testcase classname="backend.tests.test_mpin_feature.TestMPINFeature" name="test_17_mpin_login_missing_mpin" time="0.116" /><testcase classname="backend.tests.test_mpin_feature.TestMPINFeature" name="test_18_mpin_login_no_auth_required" time="1.040" /><testcase classname="backend.tests.test_mpin_feature.TestMPINFeature" name="test_19_update_mpin" time="2.956" /><testcase classname="backend.tests.test_mpin_feature.TestMPINFeature" name="test_20_remove_mpin_success" time="0.774" /><testcase classname="backend.tests.test_mpin_feature.TestMPINFeature" name="test_21_mpin_status_after_remove" time="0.760" /><testcase classname="backend.tests.test_mpin_feature.TestMPINFeature" name="test_22_mpin_login_after_remove_fails" time="0.388" /><testcase classname="backend.tests.test_mpin_feature.TestMPINFeature" name="test_23_verify_mpin_no_mpin_set" time="0.757" /><testcase classname="backend.tests.test_mpin_feature.TestMPINFeature" name="test_24_remove_mpin_requires_auth" time="0.851" /></testsuite></testsuites>