<?xml version="1.0" encoding="utf-8"?><testsuites name="pytest tests"><testsuite name="pytest" errors="0" failures="0" skipped="0" tests="15" time="64.844" timestamp="2026-03-20T12:07:16.890566+00:00" hostname="agent-env-164f2523-d7a4-47f3-9444-fb9b7615d0d7"><testcase classname="backend.tests.test_multistep_wizard_iter148.TestAssetMultiStepWizard" name="test_asset_step3_saves_deep_fields" time="16.013" /><testcase classname="backend.tests.test_multistep_wizard_iter148.TestAssetMultiStepWizard" name="test_asset_skip_button_returns_to_grid" time="3.421" /><testcase classname="backend.tests.test_multistep_wizard_iter148.TestAssetMultiStepWizard" name="test_asset_multiple_items" time="2.196" /><testcase classname="backend.tests.test_multistep_wizard_iter148.TestLiabilityMultiStepWizard" name="test_liability_step4_saves_loan_data" time="3.585" /><testcase classname="backend.tests.test_multistep_wizard_iter148.TestLiabilityMultiStepWizard" name="test_liability_debt_free_skip" time="3.433" /><testcase classname="backend.tests.test_multistep_wizard_iter148.TestLiabilityMultiStepWizard" name="test_liability_day_of_month_grid" time="1.731" /><testcase classname="backend.tests.test_multistep_wizard_iter148.TestInvestmentMultiStepWizard" name="test_investment_step5_saves_sip_data" time="3.397" /><testcase classname="backend.tests.test_multistep_wizard_iter148.TestInvestmentMultiStepWizard" name="test_investment_frequency_options" time="4.434" /><testcase classname="backend.tests.test_multistep_wizard_iter148.TestInvestmentMultiStepWizard" name="test_investment_not_yet_skip" time="3.422" /><testcase classname="backend.tests.test_multistep_wizard_iter148.TestModuleModeNavigation" name="test_asset_module_save_returns_to_grid" time="5.989" /><testcase classname="backend.tests.test_multistep_wizard_iter148.TestModuleModeNavigation" name="test_liability_module_save_returns_to_grid" time="4.145" /><testcase classname="backend.tests.test_multistep_wizard_iter148.TestModuleModeNavigation" name="test_investment_module_save_returns_to_grid" time="3.921" /><testcase classname="backend.tests.test_multistep_wizard_iter148.TestDeepFieldsPersistence" name="test_asset_deep_fields_in_response" time="4.350" /><testcase classname="backend.tests.test_multistep_wizard_iter148.TestDeepFieldsPersistence" name="test_loan_deep_fields_in_response" time="2.486" /><testcase classname="backend.tests.test_multistep_wizard_iter148.TestDeepFieldsPersistence" name="test_investment_deep_fields_in_response" time="2.240" /></testsuite></testsuites>