<?xml version="1.0" encoding="utf-8"?><testsuites name="pytest tests"><testsuite name="pytest" errors="0" failures="1" skipped="0" tests="16" time="2.932" timestamp="2026-02-21T19:40:29.472024+00:00" hostname="agent-env-f7be27a7-b8eb-4b3a-aac2-61d5f3fbfb4d"><testcase classname="tests.test_notifications_cron_api.TestVapidKeyEndpoint" name="test_get_vapid_public_key" time="0.188" /><testcase classname="tests.test_notifications_cron_api.TestNotificationsEndpoints" name="test_get_notifications_list" time="0.195" /><testcase classname="tests.test_notifications_cron_api.TestNotificationsEndpoints" name="test_get_unread_count" time="0.164" /><testcase classname="tests.test_notifications_cron_api.TestNotificationsEndpoints" name="test_notifications_unauthenticated" time="0.141" /><testcase classname="tests.test_notifications_cron_api.TestCronProcessVariableIncome" name="test_cron_requires_api_key" time="0.114" /><testcase classname="tests.test_notifications_cron_api.TestCronProcessVariableIncome" name="test_cron_invalid_api_key" time="0.115" /><testcase classname="tests.test_notifications_cron_api.TestCronProcessVariableIncome" name="test_cron_process_with_valid_key" time="0.139" /><testcase classname="tests.test_notifications_cron_api.TestCronSendReminderNotifications" name="test_reminder_cron_requires_api_key" time="0.147" /><testcase classname="tests.test_notifications_cron_api.TestCronSendReminderNotifications" name="test_reminder_cron_invalid_api_key" time="0.118" /><testcase classname="tests.test_notifications_cron_api.TestCronSendReminderNotifications" name="test_reminder_cron_with_valid_key" time="0.114" /><testcase classname="tests.test_notifications_cron_api.TestNotificationActions" name="test_mark_notification_read" time="0.254"><failure message="AssertionError: Expected 200, got 404: {&quot;detail&quot;:&quot;Notification not found&quot;}&#10;assert 404 == 200&#10; +  where 404 = &lt;Response [404]&gt;.status_code">tests/test_notifications_cron_api.py:180: in test_mark_notification_read
    assert response.status_code == 200, f"Expected 200, got {response.status_code}: {response.text}"
E   AssertionError: Expected 200, got 404: {"detail":"Notification not found"}
E   assert 404 == 200
E    +  where 404 = &lt;Response [404]&gt;.status_code</failure></testcase><testcase classname="tests.test_notifications_cron_api.TestNotificationActions" name="test_mark_all_read" time="0.230" /><testcase classname="tests.test_notifications_cron_api.TestVariableIncomeCreation" name="test_create_variable_job_income" time="0.290" /><testcase classname="tests.test_notifications_cron_api.TestVariableIncomeCreation" name="test_create_fixed_income_no_reminder" time="0.240" /><testcase classname="tests.test_notifications_cron_api.TestPushSubscription" name="test_subscribe_push_notifications" time="0.194" /><testcase classname="tests.test_notifications_cron_api.TestPushSubscription" name="test_unsubscribe_push_notifications" time="0.181" /></testsuite></testsuites>