<?xml version="1.0" encoding="utf-8"?><testsuites name="pytest tests"><testsuite name="pytest" errors="0" failures="0" skipped="0" tests="16" time="2.796" timestamp="2026-02-21T19:40:49.662429+00:00" hostname="agent-env-f7be27a7-b8eb-4b3a-aac2-61d5f3fbfb4d"><testcase classname="tests.test_notifications_cron_api.TestVapidKeyEndpoint" name="test_get_vapid_public_key" time="0.243" /><testcase classname="tests.test_notifications_cron_api.TestNotificationsEndpoints" name="test_get_notifications_list" time="0.166" /><testcase classname="tests.test_notifications_cron_api.TestNotificationsEndpoints" name="test_get_unread_count" time="0.215" /><testcase classname="tests.test_notifications_cron_api.TestNotificationsEndpoints" name="test_notifications_unauthenticated" time="0.134" /><testcase classname="tests.test_notifications_cron_api.TestCronProcessVariableIncome" name="test_cron_requires_api_key" time="0.108" /><testcase classname="tests.test_notifications_cron_api.TestCronProcessVariableIncome" name="test_cron_invalid_api_key" time="0.122" /><testcase classname="tests.test_notifications_cron_api.TestCronProcessVariableIncome" name="test_cron_process_with_valid_key" time="0.111" /><testcase classname="tests.test_notifications_cron_api.TestCronSendReminderNotifications" name="test_reminder_cron_requires_api_key" time="0.120" /><testcase classname="tests.test_notifications_cron_api.TestCronSendReminderNotifications" name="test_reminder_cron_invalid_api_key" time="0.121" /><testcase classname="tests.test_notifications_cron_api.TestCronSendReminderNotifications" name="test_reminder_cron_with_valid_key" time="0.130" /><testcase classname="tests.test_notifications_cron_api.TestNotificationActions" name="test_mark_notification_read" time="0.169" /><testcase classname="tests.test_notifications_cron_api.TestNotificationActions" name="test_mark_all_read" time="0.219" /><testcase classname="tests.test_notifications_cron_api.TestVariableIncomeCreation" name="test_create_variable_job_income" time="0.252" /><testcase classname="tests.test_notifications_cron_api.TestVariableIncomeCreation" name="test_create_fixed_income_no_reminder" time="0.252" /><testcase classname="tests.test_notifications_cron_api.TestPushSubscription" name="test_subscribe_push_notifications" time="0.173" /><testcase classname="tests.test_notifications_cron_api.TestPushSubscription" name="test_unsubscribe_push_notifications" time="0.180" /></testsuite></testsuites>