<?xml version="1.0" encoding="utf-8"?><testsuites name="pytest tests"><testsuite name="pytest" errors="0" failures="0" skipped="0" tests="7" time="50.947" timestamp="2026-03-20T13:36:13.286080+00:00" hostname="agent-env-164f2523-d7a4-47f3-9444-fb9b7615d0d7"><testcase classname="backend.tests.test_onboarding_append_iter149.TestIncomeAppendNotOverwrite" name="test_income_append_two_entries" time="20.341" /><testcase classname="backend.tests.test_onboarding_append_iter149.TestLiabilityAppendNotOverwrite" name="test_liability_append_two_loans" time="5.097" /><testcase classname="backend.tests.test_onboarding_append_iter149.TestInvestmentAppendNotOverwrite" name="test_investment_append_two_entries" time="6.787" /><testcase classname="backend.tests.test_onboarding_append_iter149.TestAssetAppendNotOverwrite" name="test_asset_append_two_entries" time="5.884" /><testcase classname="backend.tests.test_onboarding_append_iter149.TestMultipleEntriesInSingleRequest" name="test_multiple_loans_single_request" time="3.318" /><testcase classname="backend.tests.test_onboarding_append_iter149.TestMultipleEntriesInSingleRequest" name="test_multiple_investments_single_request" time="1.477" /><testcase classname="backend.tests.test_onboarding_append_iter149.TestProfileCompletionAfterAppend" name="test_completion_counts_all_entries" time="7.959" /></testsuite></testsuites>