<?xml version="1.0" encoding="utf-8"?><testsuites name="pytest tests"><testsuite name="pytest" errors="0" failures="0" skipped="0" tests="7" time="24.354" timestamp="2026-03-20T13:52:44.981262+00:00" hostname="agent-env-164f2523-d7a4-47f3-9444-fb9b7615d0d7"><testcase classname="tests.test_onboarding_dedup_iter150.TestOnboardingDedup" name="test_income_dedup_same_name_amount" time="3.531" /><testcase classname="tests.test_onboarding_dedup_iter150.TestOnboardingDedup" name="test_income_different_amount_not_dedup" time="3.751" /><testcase classname="tests.test_onboarding_dedup_iter150.TestOnboardingDedup" name="test_loan_dedup_same_name_amount" time="3.480" /><testcase classname="tests.test_onboarding_dedup_iter150.TestOnboardingDedup" name="test_asset_dedup_same_name_amount" time="3.475" /><testcase classname="tests.test_onboarding_dedup_iter150.TestOnboardingDedup" name="test_investment_dedup_same_name_amount" time="3.460" /><testcase classname="tests.test_onboarding_dedup_iter150.TestOnboardingDedup" name="test_expense_dedup_same_name_amount" time="3.424" /><testcase classname="tests.test_onboarding_dedup_iter150.TestProfileHealthGrid" name="test_profile_completion_endpoint" time="3.154" /></testsuite></testsuites>