<?xml version="1.0" encoding="utf-8"?><testsuites name="pytest tests"><testsuite name="pytest" errors="0" failures="0" skipped="0" tests="14" time="43.968" timestamp="2026-03-01T12:37:59.467263+00:00" hostname="agent-env-0190dc1c-440a-4948-9c44-c8f1cc517993"><testcase classname="backend.tests.test_opportunity_engine.TestOpportunityEngineUserAPIs" name="test_get_eligible_opportunities" time="15.821" /><testcase classname="backend.tests.test_opportunity_engine.TestOpportunityEngineUserAPIs" name="test_dismiss_opportunity" time="5.357" /><testcase classname="backend.tests.test_opportunity_engine.TestOpportunityEngineUserAPIs" name="test_track_opportunity_click" time="4.364" /><testcase classname="backend.tests.test_opportunity_engine.TestOpportunityEngineUserAPIs" name="test_eligible_unauthenticated" time="0.868" /><testcase classname="backend.tests.test_opportunity_engine.TestOpportunityEngineUserAPIs" name="test_dismiss_missing_opportunity_id" time="1.267" /><testcase classname="backend.tests.test_opportunity_engine.TestOpportunityEngineUserAPIs" name="test_track_missing_fields" time="1.271" /><testcase classname="backend.tests.test_opportunity_engine.TestOpportunityEngineAdminAPIs" name="test_admin_list_opportunities" time="1.349" /><testcase classname="backend.tests.test_opportunity_engine.TestOpportunityEngineAdminAPIs" name="test_admin_create_opportunity" time="0.332" /><testcase classname="backend.tests.test_opportunity_engine.TestOpportunityEngineAdminAPIs" name="test_admin_update_opportunity" time="1.380" /><testcase classname="backend.tests.test_opportunity_engine.TestOpportunityEngineAdminAPIs" name="test_admin_delete_opportunity" time="0.887" /><testcase classname="backend.tests.test_opportunity_engine.TestOpportunityEngineAdminAPIs" name="test_admin_stats" time="1.716" /><testcase classname="backend.tests.test_opportunity_engine.TestOpportunityEngineAdminAPIs" name="test_admin_unauthenticated" time="0.245" /><testcase classname="backend.tests.test_opportunity_engine.TestOpportunityEngineAdminAPIs" name="test_admin_update_nonexistent" time="0.324" /><testcase classname="backend.tests.test_opportunity_engine.TestOpportunityEngineIntegration" name="test_dismiss_then_check_eligible" time="8.703" /></testsuite></testsuites>