<?xml version="1.0" encoding="utf-8"?><testsuites name="pytest tests"><testsuite name="pytest" errors="0" failures="0" skipped="0" tests="23" time="6.144" timestamp="2026-02-15T10:13:14.790408+00:00" hostname="agent-env-0e92b865-ea71-4561-b93d-7ddac48e4a51"><testcase classname="backend.tests.test_other_income_api.TestOtherIncomeAPI" name="test_create_other_income_gift_one_time" time="0.387" /><testcase classname="backend.tests.test_other_income_api.TestOtherIncomeAPI" name="test_create_other_income_bonus_yearly" time="0.202" /><testcase classname="backend.tests.test_other_income_api.TestOtherIncomeAPI" name="test_create_other_income_quarterly" time="0.196" /><testcase classname="backend.tests.test_other_income_api.TestOtherIncomeAPI" name="test_create_other_income_monthly" time="0.197" /><testcase classname="backend.tests.test_other_income_api.TestOtherIncomeAPI" name="test_create_other_income_irregular" time="0.247" /><testcase classname="backend.tests.test_other_income_api.TestOtherIncomeAPI" name="test_create_other_income_custom_category" time="0.200" /><testcase classname="backend.tests.test_other_income_api.TestOtherIncomeAPI" name="test_create_all_categories" time="1.552" /><testcase classname="backend.tests.test_other_income_api.TestOtherIncomeAPI" name="test_get_all_other_incomes" time="0.101" /><testcase classname="backend.tests.test_other_income_api.TestOtherIncomeAPI" name="test_get_single_other_income" time="0.295" /><testcase classname="backend.tests.test_other_income_api.TestOtherIncomeAPI" name="test_get_nonexistent_other_income_returns_404" time="0.099" /><testcase classname="backend.tests.test_other_income_api.TestOtherIncomeAPI" name="test_update_other_income" time="0.408" /><testcase classname="backend.tests.test_other_income_api.TestOtherIncomeAPI" name="test_update_nonexistent_returns_404" time="0.095" /><testcase classname="backend.tests.test_other_income_api.TestOtherIncomeAPI" name="test_delete_other_income" time="0.292" /><testcase classname="backend.tests.test_other_income_api.TestOtherIncomeAPI" name="test_delete_nonexistent_returns_404" time="0.092" /><testcase classname="backend.tests.test_other_income_api.TestOtherIncomeDashboardIntegration" name="test_dashboard_includes_other_income" time="0.142" /><testcase classname="backend.tests.test_other_income_api.TestOtherIncomeDashboardIntegration" name="test_create_monthly_other_income_affects_dashboard" time="0.305" /><testcase classname="backend.tests.test_other_income_api.TestOtherIncomeFrequencies" name="test_one_time_frequency_structure" time="0.195" /><testcase classname="backend.tests.test_other_income_api.TestOtherIncomeFrequencies" name="test_monthly_frequency_structure" time="0.228" /><testcase classname="backend.tests.test_other_income_api.TestOtherIncomeFrequencies" name="test_quarterly_frequency_structure" time="0.195" /><testcase classname="backend.tests.test_other_income_api.TestOtherIncomeFrequencies" name="test_yearly_frequency_structure" time="0.188" /><testcase classname="backend.tests.test_other_income_api.TestOtherIncomeFrequencies" name="test_irregular_frequency_structure" time="0.198" /><testcase classname="backend.tests.test_other_income_api.TestExistingTestData" name="test_birthday_gift_exists" time="0.103" /><testcase classname="backend.tests.test_other_income_api.TestExistingTestData" name="test_q4_bonus_exists" time="0.093" /></testsuite></testsuites>