<?xml version="1.0" encoding="utf-8"?><testsuites name="pytest tests"><testsuite name="pytest" errors="0" failures="0" skipped="0" tests="13" time="30.700" timestamp="2026-02-28T20:07:16.781658+00:00" hostname="agent-env-e36871db-ec12-432b-92b0-6e962ae20532"><testcase classname="backend.tests.test_p0_bugfixes_iter107.TestExpenseDataConsistency" name="test_dashboard_networth_returns_expense_fields" time="8.861" /><testcase classname="backend.tests.test_p0_bugfixes_iter107.TestExpenseDataConsistency" name="test_expense_monthly_summary_returns_totals" time="1.487" /><testcase classname="backend.tests.test_p0_bugfixes_iter107.TestExpenseDataConsistency" name="test_dashboard_monthly_expenses_equals_summary_total" time="3.227" /><testcase classname="backend.tests.test_p0_bugfixes_iter107.TestExpenseDataConsistency" name="test_expenses_done_plus_upcoming_equals_monthly" time="1.014" /><testcase classname="backend.tests.test_p0_bugfixes_iter107.TestIncomeDataConsistency" name="test_dashboard_networth_returns_income_fields" time="1.004" /><testcase classname="backend.tests.test_p0_bugfixes_iter107.TestIncomeDataConsistency" name="test_income_monthly_summary_returns_totals" time="1.089" /><testcase classname="backend.tests.test_p0_bugfixes_iter107.TestIncomeDataConsistency" name="test_dashboard_monthly_income_equals_summary_total" time="2.085" /><testcase classname="backend.tests.test_p0_bugfixes_iter107.TestIncomeDataConsistency" name="test_income_received_matches_dashboard" time="2.013" /><testcase classname="backend.tests.test_p0_bugfixes_iter107.TestIncomeDataConsistency" name="test_income_expected_matches_pending" time="2.019" /><testcase classname="backend.tests.test_p0_bugfixes_iter107.TestFamilyProfileSwitching" name="test_family_endpoint_returns_data" time="0.777" /><testcase classname="backend.tests.test_p0_bugfixes_iter107.TestFamilyProfileSwitching" name="test_dashboard_works_without_family_context" time="1.009" /><testcase classname="backend.tests.test_p0_bugfixes_iter107.TestTimezoneConsistency" name="test_same_tz_offset_gives_consistent_results" time="3.017" /><testcase classname="backend.tests.test_p0_bugfixes_iter107.TestTimezoneConsistency" name="test_utc_timezone_also_consistent" time="3.008" /></testsuite></testsuites>