<?xml version="1.0" encoding="utf-8"?><testsuites name="pytest tests"><testsuite name="pytest" errors="0" failures="0" skipped="0" tests="18" time="50.357" timestamp="2026-02-24T19:18:16.364854+00:00" hostname="agent-env-0de46383-cf28-4640-9ce5-ec27b12c6df2"><testcase classname="backend.tests.test_p0_polish_gamification.TestP0GamificationEnhancements" name="test_profile_returns_all_levels_array" time="9.511" /><testcase classname="backend.tests.test_p0_polish_gamification.TestP0GamificationEnhancements" name="test_profile_returns_stage_and_description" time="1.924" /><testcase classname="backend.tests.test_p0_polish_gamification.TestP0GamificationEnhancements" name="test_profile_returns_prev_level_title" time="1.870" /><testcase classname="backend.tests.test_p0_polish_gamification.TestP0GamificationEnhancements" name="test_profile_returns_max_badges_unlocked" time="1.891" /><testcase classname="backend.tests.test_p0_polish_gamification.TestP0GamificationEnhancements" name="test_profile_returns_xp_rules" time="1.882" /><testcase classname="backend.tests.test_p0_polish_gamification.TestP0GamificationEnhancements" name="test_profile_returns_20_total_achievements" time="1.870" /><testcase classname="backend.tests.test_p0_polish_gamification.TestP0GamificationEnhancements" name="test_achievements_have_categories" time="1.974" /><testcase classname="backend.tests.test_p0_polish_gamification.TestP0GamificationEnhancements" name="test_domain_specific_achievements_present" time="1.912" /><testcase classname="backend.tests.test_p0_polish_gamification.TestP0GamificationEnhancements" name="test_challenges_have_difficulty_field" time="1.618" /><testcase classname="backend.tests.test_p0_polish_gamification.TestP0GamificationEnhancements" name="test_challenges_have_explainer_text" time="1.625" /><testcase classname="backend.tests.test_p0_polish_gamification.TestP0GamificationEnhancements" name="test_leave_challenge_endpoint_exists" time="3.042" /><testcase classname="backend.tests.test_p0_polish_gamification.TestP0GamificationEnhancements" name="test_leave_invalid_challenge_fails" time="1.381" /><testcase classname="backend.tests.test_p0_polish_gamification.TestP0GamificationEnhancements" name="test_leave_challenge_unauthenticated_fails" time="0.758" /><testcase classname="backend.tests.test_p0_polish_gamification.TestP0GamificationEnhancements" name="test_join_challenge_returns_difficulty" time="3.873" /><testcase classname="backend.tests.test_p0_polish_gamification.TestP0GamificationEnhancements" name="test_process_returns_new_achievements" time="7.019" /><testcase classname="backend.tests.test_p0_polish_gamification.TestSurvivalClock" name="test_survival_clock_returns_all_fields" time="1.955" /><testcase classname="backend.tests.test_p0_polish_gamification.TestControlScore" name="test_control_score_returns_breakdown" time="2.883" /><testcase classname="backend.tests.test_p0_polish_gamification.TestBehaviorAlerts" name="test_behavior_alerts_returns_expected_structure" time="3.271" /></testsuite></testsuites>