<?xml version="1.0" encoding="utf-8"?><testsuites name="pytest tests"><testsuite name="pytest" errors="0" failures="0" skipped="0" tests="19" time="3.099" timestamp="2026-02-15T08:28:01.292243+00:00" hostname="agent-env-a2d87bf4-8022-44d4-b954-802ea0139d95"><testcase classname="backend.tests.test_p1_features.TestLoanAssetLinking" name="test_create_asset_for_linking" time="0.289" /><testcase classname="backend.tests.test_p1_features.TestLoanAssetLinking" name="test_create_loan_with_linked_asset" time="0.102" /><testcase classname="backend.tests.test_p1_features.TestLoanAssetLinking" name="test_get_loan_has_linked_asset_id" time="0.106" /><testcase classname="backend.tests.test_p1_features.TestLoanAssetLinking" name="test_get_all_loans_includes_linked_asset_id" time="0.128" /><testcase classname="backend.tests.test_p1_features.TestLoanAssetLinking" name="test_cleanup_loan_and_asset" time="0.237" /><testcase classname="backend.tests.test_p1_features.TestAssetIncomeAutoCreation" name="test_create_asset_with_income_generation" time="0.174" /><testcase classname="backend.tests.test_p1_features.TestAssetIncomeAutoCreation" name="test_verify_rental_income_created_in_income_sources" time="0.107" /><testcase classname="backend.tests.test_p1_features.TestAssetIncomeAutoCreation" name="test_update_asset_toggle_income_off" time="0.109" /><testcase classname="backend.tests.test_p1_features.TestAssetIncomeAutoCreation" name="test_cleanup_asset" time="0.112" /><testcase classname="backend.tests.test_p1_features.TestInvestmentSIPFields" name="test_create_mutual_fund_with_sip" time="0.106" /><testcase classname="backend.tests.test_p1_features.TestInvestmentSIPFields" name="test_create_rd_with_frequency" time="0.101" /><testcase classname="backend.tests.test_p1_features.TestInvestmentSIPFields" name="test_create_etf_with_quarterly_sip" time="0.131" /><testcase classname="backend.tests.test_p1_features.TestInvestmentSIPFields" name="test_create_stocks_with_weekly_investment" time="0.127" /><testcase classname="backend.tests.test_p1_features.TestInvestmentSIPFields" name="test_create_fd_without_sip" time="0.169" /><testcase classname="backend.tests.test_p1_features.TestInvestmentSIPFields" name="test_get_investment_returns_sip_fields" time="0.101" /><testcase classname="backend.tests.test_p1_features.TestInvestmentSIPFields" name="test_update_investment_sip_fields" time="0.097" /><testcase classname="backend.tests.test_p1_features.TestInvestmentSIPFields" name="test_cleanup_investments" time="0.566" /><testcase classname="backend.tests.test_p1_features.TestAssetFormRentalPayload" name="test_asset_model_accepts_all_rental_fields" time="0.102" /><testcase classname="backend.tests.test_p1_features.TestAssetFormRentalPayload" name="test_cleanup" time="0.108" /></testsuite></testsuites>