<?xml version="1.0" encoding="utf-8"?><testsuites name="pytest tests"><testsuite name="pytest" errors="0" failures="0" skipped="0" tests="26" time="84.825" timestamp="2026-02-24T21:08:31.526231+00:00" hostname="agent-env-9cc19411-c6bc-495f-8a25-50b505bc1984"><testcase classname="backend.tests.test_phase1_insights_overhaul.TestMoneyPatternRecognition" name="test_money_pattern_returns_all_expected_fields" time="3.559" /><testcase classname="backend.tests.test_phase1_insights_overhaul.TestMoneyPatternRecognition" name="test_money_pattern_spending_dna_structure" time="3.396" /><testcase classname="backend.tests.test_phase1_insights_overhaul.TestMoneyPatternRecognition" name="test_money_pattern_traits_strengths_blindspots" time="3.086" /><testcase classname="backend.tests.test_phase1_insights_overhaul.TestMoneyPatternRecognition" name="test_money_pattern_top_expense_categories" time="4.666" /><testcase classname="backend.tests.test_phase1_insights_overhaul.TestMoneyPatternRecognition" name="test_money_pattern_metrics" time="3.704" /><testcase classname="backend.tests.test_phase1_insights_overhaul.TestSurvivalClock20Stages" name="test_survival_clock_returns_20_stage_data" time="1.883" /><testcase classname="backend.tests.test_phase1_insights_overhaul.TestSurvivalClock20Stages" name="test_survival_clock_visible_stages" time="1.928" /><testcase classname="backend.tests.test_phase1_insights_overhaul.TestSurvivalClock20Stages" name="test_survival_clock_phases" time="1.875" /><testcase classname="backend.tests.test_phase1_insights_overhaul.TestSurvivalClock20Stages" name="test_survival_clock_3_bucket_fund_breakdown" time="1.864" /><testcase classname="backend.tests.test_phase1_insights_overhaul.TestSurvivalClock20Stages" name="test_survival_clock_fund_details" time="1.960" /><testcase classname="backend.tests.test_phase1_insights_overhaul.TestControlScore" name="test_control_score_returns_all_fields" time="2.858" /><testcase classname="backend.tests.test_phase1_insights_overhaul.TestControlScore" name="test_control_score_breakdown_4_pillars" time="2.842" /><testcase classname="backend.tests.test_phase1_insights_overhaul.TestControlScore" name="test_control_score_metrics" time="2.875" /><testcase classname="backend.tests.test_phase1_insights_overhaul.TestGamification100Badges" name="test_profile_returns_100_achievements" time="1.972" /><testcase classname="backend.tests.test_phase1_insights_overhaul.TestGamification100Badges" name="test_profile_achievements_have_tiers" time="1.950" /><testcase classname="backend.tests.test_phase1_insights_overhaul.TestGamification100Badges" name="test_profile_achievements_have_categories" time="1.895" /><testcase classname="backend.tests.test_phase1_insights_overhaul.TestGamification100Badges" name="test_profile_achievements_have_required_fields" time="1.877" /><testcase classname="backend.tests.test_phase1_insights_overhaul.TestGamification100Badges" name="test_profile_tier_distribution" time="1.901" /><testcase classname="backend.tests.test_phase1_insights_overhaul.TestProcessGamification" name="test_process_gamification_returns_expected_fields" time="12.576" /><testcase classname="backend.tests.test_phase1_insights_overhaul.TestProcessGamification" name="test_process_gamification_awards_badges" time="12.589" /><testcase classname="backend.tests.test_phase1_insights_overhaul.TestProcessGamification" name="test_process_gamification_xp_breakdown" time="12.599" /><testcase classname="backend.tests.test_phase1_insights_overhaul.TestAuthRequired" name="test_money_pattern_requires_auth" time="0.154" /><testcase classname="backend.tests.test_phase1_insights_overhaul.TestAuthRequired" name="test_survival_clock_requires_auth" time="0.137" /><testcase classname="backend.tests.test_phase1_insights_overhaul.TestAuthRequired" name="test_control_score_requires_auth" time="0.110" /><testcase classname="backend.tests.test_phase1_insights_overhaul.TestAuthRequired" name="test_gamification_profile_requires_auth" time="0.325" /><testcase classname="backend.tests.test_phase1_insights_overhaul.TestAuthRequired" name="test_gamification_process_requires_auth" time="0.177" /></testsuite></testsuites>