<?xml version="1.0" encoding="utf-8"?><testsuites name="pytest tests"><testsuite name="pytest" errors="0" failures="0" skipped="0" tests="26" time="84.220" timestamp="2026-02-24T21:23:20.995096+00:00" hostname="agent-env-a379ba36-b127-4296-ab59-9f2090ae9c70"><testcase classname="backend.tests.test_phase1_insights_overhaul.TestMoneyPatternRecognition" name="test_money_pattern_returns_all_expected_fields" time="3.408" /><testcase classname="backend.tests.test_phase1_insights_overhaul.TestMoneyPatternRecognition" name="test_money_pattern_spending_dna_structure" time="3.053" /><testcase classname="backend.tests.test_phase1_insights_overhaul.TestMoneyPatternRecognition" name="test_money_pattern_traits_strengths_blindspots" time="3.063" /><testcase classname="backend.tests.test_phase1_insights_overhaul.TestMoneyPatternRecognition" name="test_money_pattern_top_expense_categories" time="3.045" /><testcase classname="backend.tests.test_phase1_insights_overhaul.TestMoneyPatternRecognition" name="test_money_pattern_metrics" time="3.099" /><testcase classname="backend.tests.test_phase1_insights_overhaul.TestSurvivalClock20Stages" name="test_survival_clock_returns_20_stage_data" time="1.852" /><testcase classname="backend.tests.test_phase1_insights_overhaul.TestSurvivalClock20Stages" name="test_survival_clock_visible_stages" time="1.873" /><testcase classname="backend.tests.test_phase1_insights_overhaul.TestSurvivalClock20Stages" name="test_survival_clock_phases" time="1.999" /><testcase classname="backend.tests.test_phase1_insights_overhaul.TestSurvivalClock20Stages" name="test_survival_clock_3_bucket_fund_breakdown" time="1.921" /><testcase classname="backend.tests.test_phase1_insights_overhaul.TestSurvivalClock20Stages" name="test_survival_clock_fund_details" time="1.947" /><testcase classname="backend.tests.test_phase1_insights_overhaul.TestControlScore" name="test_control_score_returns_all_fields" time="2.800" /><testcase classname="backend.tests.test_phase1_insights_overhaul.TestControlScore" name="test_control_score_breakdown_4_pillars" time="2.898" /><testcase classname="backend.tests.test_phase1_insights_overhaul.TestControlScore" name="test_control_score_metrics" time="2.816" /><testcase classname="backend.tests.test_phase1_insights_overhaul.TestGamification100Badges" name="test_profile_returns_100_achievements" time="1.841" /><testcase classname="backend.tests.test_phase1_insights_overhaul.TestGamification100Badges" name="test_profile_achievements_have_tiers" time="2.195" /><testcase classname="backend.tests.test_phase1_insights_overhaul.TestGamification100Badges" name="test_profile_achievements_have_categories" time="3.514" /><testcase classname="backend.tests.test_phase1_insights_overhaul.TestGamification100Badges" name="test_profile_achievements_have_required_fields" time="1.846" /><testcase classname="backend.tests.test_phase1_insights_overhaul.TestGamification100Badges" name="test_profile_tier_distribution" time="1.990" /><testcase classname="backend.tests.test_phase1_insights_overhaul.TestProcessGamification" name="test_process_gamification_returns_expected_fields" time="12.734" /><testcase classname="backend.tests.test_phase1_insights_overhaul.TestProcessGamification" name="test_process_gamification_awards_badges" time="12.698" /><testcase classname="backend.tests.test_phase1_insights_overhaul.TestProcessGamification" name="test_process_gamification_xp_breakdown" time="12.677" /><testcase classname="backend.tests.test_phase1_insights_overhaul.TestAuthRequired" name="test_money_pattern_requires_auth" time="0.135" /><testcase classname="backend.tests.test_phase1_insights_overhaul.TestAuthRequired" name="test_survival_clock_requires_auth" time="0.126" /><testcase classname="backend.tests.test_phase1_insights_overhaul.TestAuthRequired" name="test_control_score_requires_auth" time="0.264" /><testcase classname="backend.tests.test_phase1_insights_overhaul.TestAuthRequired" name="test_gamification_profile_requires_auth" time="0.139" /><testcase classname="backend.tests.test_phase1_insights_overhaul.TestAuthRequired" name="test_gamification_process_requires_auth" time="0.211" /></testsuite></testsuites>