<?xml version="1.0" encoding="utf-8"?><testsuites name="pytest tests"><testsuite name="pytest" errors="0" failures="1" skipped="0" tests="26" time="129.905" timestamp="2026-02-24T20:47:59.252515+00:00" hostname="agent-env-9cc19411-c6bc-495f-8a25-50b505bc1984"><testcase classname="backend.tests.test_phase1_insights_overhaul.TestMoneyPatternRecognition" name="test_money_pattern_returns_all_expected_fields" time="11.009" /><testcase classname="backend.tests.test_phase1_insights_overhaul.TestMoneyPatternRecognition" name="test_money_pattern_spending_dna_structure" time="3.197" /><testcase classname="backend.tests.test_phase1_insights_overhaul.TestMoneyPatternRecognition" name="test_money_pattern_traits_strengths_blindspots" time="4.226" /><testcase classname="backend.tests.test_phase1_insights_overhaul.TestMoneyPatternRecognition" name="test_money_pattern_top_expense_categories" time="3.306" /><testcase classname="backend.tests.test_phase1_insights_overhaul.TestMoneyPatternRecognition" name="test_money_pattern_metrics" time="3.123" /><testcase classname="backend.tests.test_phase1_insights_overhaul.TestSurvivalClock20Stages" name="test_survival_clock_returns_20_stage_data" time="1.870" /><testcase classname="backend.tests.test_phase1_insights_overhaul.TestSurvivalClock20Stages" name="test_survival_clock_visible_stages" time="2.418" /><testcase classname="backend.tests.test_phase1_insights_overhaul.TestSurvivalClock20Stages" name="test_survival_clock_phases" time="1.962" /><testcase classname="backend.tests.test_phase1_insights_overhaul.TestSurvivalClock20Stages" name="test_survival_clock_3_bucket_fund_breakdown" time="1.948" /><testcase classname="backend.tests.test_phase1_insights_overhaul.TestSurvivalClock20Stages" name="test_survival_clock_fund_details" time="1.904" /><testcase classname="backend.tests.test_phase1_insights_overhaul.TestControlScore" name="test_control_score_returns_all_fields" time="2.981" /><testcase classname="backend.tests.test_phase1_insights_overhaul.TestControlScore" name="test_control_score_breakdown_4_pillars" time="2.881" /><testcase classname="backend.tests.test_phase1_insights_overhaul.TestControlScore" name="test_control_score_metrics" time="2.792" /><testcase classname="backend.tests.test_phase1_insights_overhaul.TestGamification100Badges" name="test_profile_returns_100_achievements" time="1.897" /><testcase classname="backend.tests.test_phase1_insights_overhaul.TestGamification100Badges" name="test_profile_achievements_have_tiers" time="1.939" /><testcase classname="backend.tests.test_phase1_insights_overhaul.TestGamification100Badges" name="test_profile_achievements_have_categories" time="1.907" /><testcase classname="backend.tests.test_phase1_insights_overhaul.TestGamification100Badges" name="test_profile_achievements_have_required_fields" time="1.905" /><testcase classname="backend.tests.test_phase1_insights_overhaul.TestGamification100Badges" name="test_profile_tier_distribution" time="1.974" /><testcase classname="backend.tests.test_phase1_insights_overhaul.TestProcessGamification" name="test_process_gamification_returns_expected_fields" time="49.730"><failure message="AssertionError: Process failed: Internal Server Error&#10;assert 500 == 200&#10; +  where 500 = &lt;Response [500]&gt;.status_code">backend/tests/test_phase1_insights_overhaul.py:389: in test_process_gamification_returns_expected_fields
    assert resp.status_code == 200, f"Process failed: {resp.text}"
E   AssertionError: Process failed: Internal Server Error
E   assert 500 == 200
E    +  where 500 = &lt;Response [500]&gt;.status_code</failure></testcase><testcase classname="backend.tests.test_phase1_insights_overhaul.TestProcessGamification" name="test_process_gamification_awards_badges" time="12.845" /><testcase classname="backend.tests.test_phase1_insights_overhaul.TestProcessGamification" name="test_process_gamification_xp_breakdown" time="13.039" /><testcase classname="backend.tests.test_phase1_insights_overhaul.TestAuthRequired" name="test_money_pattern_requires_auth" time="0.226" /><testcase classname="backend.tests.test_phase1_insights_overhaul.TestAuthRequired" name="test_survival_clock_requires_auth" time="0.138" /><testcase classname="backend.tests.test_phase1_insights_overhaul.TestAuthRequired" name="test_control_score_requires_auth" time="0.155" /><testcase classname="backend.tests.test_phase1_insights_overhaul.TestAuthRequired" name="test_gamification_profile_requires_auth" time="0.157" /><testcase classname="backend.tests.test_phase1_insights_overhaul.TestAuthRequired" name="test_gamification_process_requires_auth" time="0.222" /></testsuite></testsuites>