<?xml version="1.0" encoding="utf-8"?><testsuites name="pytest tests"><testsuite name="pytest" errors="0" failures="0" skipped="0" tests="11" time="50.940" timestamp="2026-03-01T12:53:19.152323+00:00" hostname="agent-env-0190dc1c-440a-4948-9c44-c8f1cc517993"><testcase classname="backend.tests.test_premium_mode_opportunities.TestPreferencesAPI" name="test_get_preferences_returns_premium_fields" time="12.020" /><testcase classname="backend.tests.test_premium_mode_opportunities.TestPreferencesAPI" name="test_set_premium_mode_true" time="2.247" /><testcase classname="backend.tests.test_premium_mode_opportunities.TestPreferencesAPI" name="test_set_premium_mode_false" time="2.255" /><testcase classname="backend.tests.test_premium_mode_opportunities.TestPreferencesAPI" name="test_set_partner_consent" time="3.459" /><testcase classname="backend.tests.test_premium_mode_opportunities.TestPremiumOpportunityFiltering" name="test_non_premium_user_does_not_see_premium_only_opportunities" time="5.897" /><testcase classname="backend.tests.test_premium_mode_opportunities.TestPremiumOpportunityFiltering" name="test_premium_user_sees_premium_only_opportunities" time="7.178" /><testcase classname="backend.tests.test_premium_mode_opportunities.TestAdminPremiumOnlyOpportunity" name="test_create_premium_only_opportunity" time="0.459" /><testcase classname="backend.tests.test_premium_mode_opportunities.TestAdminPremiumOnlyOpportunity" name="test_create_non_premium_opportunity" time="0.333" /><testcase classname="backend.tests.test_premium_mode_opportunities.TestAdminPremiumOnlyOpportunity" name="test_update_opportunity_premium_only_field" time="1.373" /><testcase classname="backend.tests.test_premium_mode_opportunities.TestAdminPremiumOnlyOpportunity" name="test_admin_list_shows_premium_only_field" time="2.220" /><testcase classname="backend.tests.test_premium_mode_opportunities.TestPremiumFilteringWithSeedData" name="test_seed_premium_opportunity_filtering" time="13.409" /></testsuite></testsuites>