<?xml version="1.0" encoding="utf-8"?><testsuites name="pytest tests"><testsuite name="pytest" errors="0" failures="0" skipped="0" tests="6" time="22.453" timestamp="2026-03-19T12:52:32.310647+00:00" hostname="agent-env-64937c65-0bcc-4ed6-980e-6b41b91a4178"><testcase classname="backend.tests.test_bug_fixes_iteration142.TestFinancialHealthAPI" name="test_api_health_check" time="15.458" /><testcase classname="backend.tests.test_bug_fixes_iteration142.TestFinancialHealthAPI" name="test_investment_allocation_not_100_percent_equity" time="2.257" /><testcase classname="backend.tests.test_bug_fixes_iteration142.TestFinancialHealthAPI" name="test_life_insurance_zero_coverage_score" time="2.105" /><testcase classname="backend.tests.test_bug_fixes_iteration142.TestIncomeAPIStartDate" name="test_income_api_has_start_date_field" time="0.820" /><testcase classname="backend.tests.test_bug_fixes_iteration142.TestIncomeAPIStartDate" name="test_income_update_with_start_date" time="0.907" /><testcase classname="backend.tests.test_bug_fixes_iteration142.TestAccountDetailAPI" name="test_account_list_returns_accounts" time="0.843" /></testsuite></testsuites>