<?xml version="1.0" encoding="utf-8"?><testsuites name="pytest tests"><testsuite name="pytest" errors="0" failures="0" skipped="0" tests="12" time="1.423" timestamp="2026-02-12T14:44:49.529099+00:00" hostname="agent-env-117baada-c5d0-44b9-b8bc-1247c173f42d"><testcase classname="tests.test_job_income_api.TestAPIHealth" name="test_api_root_endpoint" time="0.081" /><testcase classname="tests.test_job_income_api.TestJobIncomeCRUD" name="test_create_job_income_monthly" time="0.042" /><testcase classname="tests.test_job_income_api.TestJobIncomeCRUD" name="test_create_job_income_weekly" time="0.036" /><testcase classname="tests.test_job_income_api.TestJobIncomeCRUD" name="test_create_job_income_quarterly" time="0.033" /><testcase classname="tests.test_job_income_api.TestJobIncomeCRUD" name="test_get_all_income_sources" time="0.040" /><testcase classname="tests.test_job_income_api.TestJobIncomeCRUD" name="test_create_and_get_job_income" time="0.109" /><testcase classname="tests.test_job_income_api.TestJobIncomeCRUD" name="test_update_job_income" time="0.162" /><testcase classname="tests.test_job_income_api.TestJobIncomeCRUD" name="test_delete_job_income" time="0.106" /><testcase classname="tests.test_job_income_api.TestJobIncomeCRUD" name="test_get_nonexistent_job_returns_404" time="0.032" /><testcase classname="tests.test_job_income_api.TestJobIncomeCRUD" name="test_update_nonexistent_job_returns_404" time="0.034" /><testcase classname="tests.test_job_income_api.TestJobIncomeCRUD" name="test_delete_nonexistent_job_returns_404" time="0.035" /><testcase classname="tests.test_job_income_api.TestJobIncomeValidation" name="test_create_job_with_all_frequencies" time="0.598" /></testsuite></testsuites>