<?xml version="1.0" encoding="utf-8"?><testsuites name="pytest tests"><testsuite name="pytest" errors="0" failures="0" skipped="0" tests="23" time="2.676" timestamp="2026-02-22T06:55:23.783254+00:00" hostname="agent-env-f7be27a7-b8eb-4b3a-aac2-61d5f3fbfb4d"><testcase classname="backend.tests.test_registration.TestEmailAvailabilityCheck" name="test_check_new_email_available" time="0.105" /><testcase classname="backend.tests.test_registration.TestEmailAvailabilityCheck" name="test_check_existing_email_unavailable" time="0.106" /><testcase classname="backend.tests.test_registration.TestRegistrationValidation" name="test_first_name_required" time="0.101" /><testcase classname="backend.tests.test_registration.TestRegistrationValidation" name="test_first_name_letters_only" time="0.105" /><testcase classname="backend.tests.test_registration.TestRegistrationValidation" name="test_last_name_required" time="0.108" /><testcase classname="backend.tests.test_registration.TestRegistrationValidation" name="test_last_name_letters_only" time="0.110" /><testcase classname="backend.tests.test_registration.TestRegistrationValidation" name="test_middle_name_letters_only" time="0.110" /><testcase classname="backend.tests.test_registration.TestRegistrationValidation" name="test_email_required" time="0.123" /><testcase classname="backend.tests.test_registration.TestRegistrationValidation" name="test_email_already_registered" time="0.107" /><testcase classname="backend.tests.test_registration.TestRegistrationValidation" name="test_mobile_10_digits_only" time="0.109" /><testcase classname="backend.tests.test_registration.TestRegistrationValidation" name="test_mobile_optional" time="0.134" /><testcase classname="backend.tests.test_registration.TestRegistrationValidation" name="test_sex_required" time="0.111" /><testcase classname="backend.tests.test_registration.TestRegistrationValidation" name="test_sex_valid_values" time="0.108" /><testcase classname="backend.tests.test_registration.TestRegistrationValidation" name="test_dob_required" time="0.115" /><testcase classname="backend.tests.test_registration.TestRegistrationValidation" name="test_dob_no_future_dates" time="0.117" /><testcase classname="backend.tests.test_registration.TestPasswordStrengthValidation" name="test_password_min_8_chars" time="0.107" /><testcase classname="backend.tests.test_registration.TestPasswordStrengthValidation" name="test_password_uppercase_required" time="0.100" /><testcase classname="backend.tests.test_registration.TestPasswordStrengthValidation" name="test_password_number_required" time="0.102" /><testcase classname="backend.tests.test_registration.TestPasswordStrengthValidation" name="test_password_special_char_required" time="0.110" /><testcase classname="backend.tests.test_registration.TestSuccessfulRegistration" name="test_full_registration_success" time="0.110" /><testcase classname="backend.tests.test_registration.TestSuccessfulRegistration" name="test_registration_without_middle_name" time="0.106" /><testcase classname="backend.tests.test_registration.TestSuccessfulRegistration" name="test_registration_creates_basic_profile" time="0.211" /><testcase classname="backend.tests.test_registration.TestEmailCaseInsensitivity" name="test_email_normalized_to_lowercase" time="0.103" /></testsuite></testsuites>