<?xml version="1.0" encoding="utf-8"?><testsuites name="pytest tests"><testsuite name="pytest" errors="0" failures="0" skipped="0" tests="19" time="1.525" timestamp="2026-02-12T16:24:48.656506+00:00" hostname="agent-env-117baada-c5d0-44b9-b8bc-1247c173f42d"><testcase classname="tests.test_rental_income_api.TestRentalIncomeCRUD" name="test_create_rental_income_monthly" time="0.068" /><testcase classname="tests.test_rental_income_api.TestRentalIncomeCRUD" name="test_create_rental_income_without_tenant" time="0.042" /><testcase classname="tests.test_rental_income_api.TestRentalIncomeCRUD" name="test_create_rental_income_quarterly" time="0.047" /><testcase classname="tests.test_rental_income_api.TestRentalIncomeCRUD" name="test_create_rental_income_half_yearly" time="0.044" /><testcase classname="tests.test_rental_income_api.TestRentalIncomeCRUD" name="test_create_rental_income_yearly" time="0.045" /><testcase classname="tests.test_rental_income_api.TestRentalIncomeCRUD" name="test_create_rental_income_others" time="0.040" /><testcase classname="tests.test_rental_income_api.TestRentalIncomeRead" name="test_get_all_income_sources" time="0.072" /><testcase classname="tests.test_rental_income_api.TestRentalIncomeRead" name="test_get_single_rental_by_id" time="0.041" /><testcase classname="tests.test_rental_income_api.TestRentalIncomeRead" name="test_get_nonexistent_rental" time="0.075" /><testcase classname="tests.test_rental_income_api.TestRentalIncomeUpdate" name="test_update_rental_amount" time="0.106" /><testcase classname="tests.test_rental_income_api.TestRentalIncomeUpdate" name="test_update_tenant_name" time="0.072" /><testcase classname="tests.test_rental_income_api.TestRentalIncomeUpdate" name="test_update_frequency_to_quarterly" time="0.035" /><testcase classname="tests.test_rental_income_api.TestRentalIncomeUpdate" name="test_update_nonexistent_rental" time="0.072" /><testcase classname="tests.test_rental_income_api.TestRentalIncomeDelete" name="test_delete_rental_income" time="0.118" /><testcase classname="tests.test_rental_income_api.TestRentalIncomeDelete" name="test_delete_nonexistent_rental" time="0.051" /><testcase classname="tests.test_rental_income_api.TestRentalTenantNameField" name="test_tenant_name_with_value" time="0.032" /><testcase classname="tests.test_rental_income_api.TestRentalTenantNameField" name="test_tenant_name_null" time="0.036" /><testcase classname="tests.test_rental_income_api.TestRentalTenantNameField" name="test_tenant_name_empty_string" time="0.147" /><testcase classname="tests.test_rental_income_api.TestCleanup" name="test_cleanup_test_data" time="0.245" /></testsuite></testsuites>