<?xml version="1.0" encoding="utf-8"?><testsuites name="pytest tests"><testsuite name="pytest" errors="0" failures="0" skipped="0" tests="6" time="28.764" timestamp="2026-03-19T08:35:35.099965+00:00" hostname="agent-env-5695fb7e-23b2-4b70-bb5a-c2ee3ed9346c"><testcase classname="backend.tests.test_rolling_buttons_iter139.TestRollingButtonsBackend" name="test_01_register_new_user" time="15.114" /><testcase classname="backend.tests.test_rolling_buttons_iter139.TestRollingButtonsBackend" name="test_02_login_user" time="0.527" /><testcase classname="backend.tests.test_rolling_buttons_iter139.TestRollingButtonsBackend" name="test_03_profile_completion_endpoint" time="2.904" /><testcase classname="backend.tests.test_rolling_buttons_iter139.TestRollingButtonsBackend" name="test_04_onboarding_dismiss_endpoint" time="3.644" /><testcase classname="backend.tests.test_rolling_buttons_iter139.TestRollingButtonsBackend" name="test_05_rolling_buttons_routes_exist" time="6.516" /><testcase classname="backend.tests.test_rolling_buttons_iter139.TestRollingButtonsBackend" name="test_06_cleanup_note" time="0.000" /></testsuite></testsuites>