<?xml version="1.0" encoding="utf-8"?><testsuites name="pytest tests"><testsuite name="pytest" errors="0" failures="0" skipped="0" tests="19" time="41.183" timestamp="2026-03-21T07:19:53.969530+00:00" hostname="agent-env-89466074-fdb8-41dd-8620-86c508488fd8"><testcase classname="backend.tests.test_seed_data_verification_iter158.TestDashboardAPI" name="test_dashboard_combined_returns_200" time="17.298" /><testcase classname="backend.tests.test_seed_data_verification_iter158.TestDashboardAPI" name="test_dashboard_networth_values" time="2.043" /><testcase classname="backend.tests.test_seed_data_verification_iter158.TestIncomeAPI" name="test_income_list_summary_returns_10_sources" time="1.297" /><testcase classname="backend.tests.test_seed_data_verification_iter158.TestIncomeAPI" name="test_income_types_all_present" time="1.267" /><testcase classname="backend.tests.test_seed_data_verification_iter158.TestIncomeAPI" name="test_income_monthly_summary" time="1.265" /><testcase classname="backend.tests.test_seed_data_verification_iter158.TestExpensesAPI" name="test_expenses_returns_15_items" time="0.814" /><testcase classname="backend.tests.test_seed_data_verification_iter158.TestWealthAPI" name="test_wealth_combined_returns_200" time="1.726" /><testcase classname="backend.tests.test_seed_data_verification_iter158.TestWealthAPI" name="test_wealth_assets_count" time="1.717" /><testcase classname="backend.tests.test_seed_data_verification_iter158.TestWealthAPI" name="test_wealth_investments_count" time="1.758" /><testcase classname="backend.tests.test_seed_data_verification_iter158.TestWealthAPI" name="test_wealth_loans_count" time="1.744" /><testcase classname="backend.tests.test_seed_data_verification_iter158.TestWealthAPI" name="test_wealth_insurances_count" time="1.767" /><testcase classname="backend.tests.test_seed_data_verification_iter158.TestWealthAPI" name="test_wealth_accounts_count" time="1.762" /><testcase classname="backend.tests.test_seed_data_verification_iter158.TestWealthAPI" name="test_wealth_credit_cards_count" time="1.763" /><testcase classname="backend.tests.test_seed_data_verification_iter158.TestFamilyAPI" name="test_family_returns_200" time="0.813" /><testcase classname="backend.tests.test_seed_data_verification_iter158.TestFamilyAPI" name="test_family_name_is_sharma" time="0.804" /><testcase classname="backend.tests.test_seed_data_verification_iter158.TestFamilyAPI" name="test_family_has_4_members" time="0.804" /><testcase classname="backend.tests.test_seed_data_verification_iter158.TestFamilyAPI" name="test_family_members_names" time="0.801" /><testcase classname="backend.tests.test_seed_data_verification_iter158.TestBankAccountsAPI" name="test_accounts_returns_5" time="0.806" /><testcase classname="backend.tests.test_seed_data_verification_iter158.TestCreditCardsAPI" name="test_credit_cards_returns_3" time="0.812" /></testsuite></testsuites>