<?xml version="1.0" encoding="utf-8"?><testsuites name="pytest tests"><testsuite name="pytest" errors="0" failures="0" skipped="0" tests="13" time="21.664" timestamp="2026-03-21T20:10:11.926945+00:00" hostname="agent-env-34e0dc30-69a4-4e56-a4a7-98f2ff5dcb62"><testcase classname="tests.test_signup_otp_verification_iter182.TestSignupOTPVerification" name="test_send_signup_otp_new_email_success" time="13.189" /><testcase classname="tests.test_signup_otp_verification_iter182.TestSignupOTPVerification" name="test_send_signup_otp_existing_email_returns_400" time="0.351" /><testcase classname="tests.test_signup_otp_verification_iter182.TestSignupOTPVerification" name="test_send_signup_otp_rate_limit" time="1.581" /><testcase classname="tests.test_signup_otp_verification_iter182.TestSignupOTPVerification" name="test_verify_signup_otp_wrong_otp_returns_error" time="1.604" /><testcase classname="tests.test_signup_otp_verification_iter182.TestSignupOTPVerification" name="test_verify_signup_otp_empty_fields_returns_400" time="0.111" /><testcase classname="tests.test_signup_otp_verification_iter182.TestForgotPasswordOTP" name="test_send_otp_forgot_password_success" time="1.015" /><testcase classname="tests.test_signup_otp_verification_iter182.TestForgotPasswordOTP" name="test_verify_otp_wrong_otp_returns_error" time="1.149" /><testcase classname="tests.test_signup_otp_verification_iter182.TestForgotPasswordOTP" name="test_reset_password_otp_wrong_otp_returns_error" time="0.571" /><testcase classname="tests.test_signup_otp_verification_iter182.TestRegisterWithEmailVerification" name="test_register_without_email_verification_token_returns_400" time="0.340" /><testcase classname="tests.test_signup_otp_verification_iter182.TestRegisterWithEmailVerification" name="test_register_with_invalid_verification_token_returns_400" time="0.346" /><testcase classname="tests.test_signup_otp_verification_iter182.TestEmailAvailabilityCheck" name="test_check_availability_new_email" time="0.396" /><testcase classname="tests.test_signup_otp_verification_iter182.TestEmailAvailabilityCheck" name="test_check_availability_existing_email" time="0.332" /><testcase classname="tests.test_signup_otp_verification_iter182.TestLoginStillWorks" name="test_login_with_valid_credentials" time="0.609" /></testsuite></testsuites>