<?xml version="1.0" encoding="utf-8"?><testsuites name="pytest tests"><testsuite name="pytest" errors="0" failures="0" skipped="0" tests="11" time="6.045" timestamp="2026-02-15T09:52:17.357783+00:00" hostname="agent-env-e26d47f6-dd3e-47e9-86a8-205d2d90f5ba"><testcase classname="backend.tests.test_sip_projections.TestSIPProjections" name="test_create_investment_with_sip" time="0.339" /><testcase classname="backend.tests.test_sip_projections.TestSIPProjections" name="test_goal_with_sip_investment_shows_projections" time="0.501" /><testcase classname="backend.tests.test_sip_projections.TestSIPProjections" name="test_goal_returns_total_sip_fields" time="0.550" /><testcase classname="backend.tests.test_sip_projections.TestSIPProjections" name="test_additional_monthly_savings_needed" time="0.570" /><testcase classname="backend.tests.test_sip_projections.TestSIPProjections" name="test_linked_details_show_has_sip_flag" time="0.622" /><testcase classname="backend.tests.test_sip_projections.TestSIPProjections" name="test_multiple_sip_investments_aggregation" time="0.684" /><testcase classname="backend.tests.test_sip_projections.TestSIPProjections" name="test_weekly_sip_frequency_conversion" time="0.527" /><testcase classname="backend.tests.test_sip_projections.TestSIPProjections" name="test_quarterly_sip_frequency_conversion" time="0.595" /><testcase classname="backend.tests.test_sip_projections.TestSIPProjections" name="test_goal_without_sip_has_empty_projections" time="0.513" /><testcase classname="backend.tests.test_sip_projections.TestSIPProjections" name="test_compound_interest_formula_accuracy" time="0.512" /><testcase classname="backend.tests.test_sip_projections.TestGoalListWithSIPProjections" name="test_goals_list_includes_sip_fields" time="0.506" /></testsuite></testsuites>