<?xml version="1.0" encoding="utf-8"?><testsuites name="pytest tests"><testsuite name="pytest" errors="0" failures="0" skipped="0" tests="13" time="35.126" timestamp="2026-03-01T10:29:01.548674+00:00" hostname="agent-env-b4cc10fe-773f-4fe5-8a8b-6822c1fa4240"><testcase classname="tests.test_sip_auto_update.TestSIPAutoUpdate" name="test_trigger_sip_update_endpoint_exists" time="11.245" /><testcase classname="tests.test_sip_auto_update.TestSIPAutoUpdate" name="test_trigger_sip_update_returns_correct_date" time="1.627" /><testcase classname="tests.test_sip_auto_update.TestSIPAutoUpdate" name="test_sip_investments_count" time="1.600" /><testcase classname="tests.test_sip_auto_update.TestSIPAutoUpdate" name="test_monthly_sip_not_due_on_day_1" time="1.590" /><testcase classname="tests.test_sip_auto_update.TestSIPAutoUpdate" name="test_weekly_sip_not_due_on_sunday" time="1.590" /><testcase classname="tests.test_sip_auto_update.TestSIPAutoUpdate" name="test_yearly_sip_not_due_in_wrong_month" time="1.609" /><testcase classname="tests.test_sip_auto_update.TestSIPAutoUpdate" name="test_sip_response_structure" time="1.611" /><testcase classname="tests.test_sip_auto_update.TestBitcoinDailySIPUpdate" name="test_bitcoin_current_value_updated" time="1.613" /><testcase classname="tests.test_sip_auto_update.TestBitcoinDailySIPUpdate" name="test_bitcoin_has_last_sip_update_date" time="1.606" /><testcase classname="tests.test_sip_auto_update.TestBitcoinDailySIPUpdate" name="test_bitcoin_daily_sip_configuration" time="1.614" /><testcase classname="tests.test_sip_auto_update.TestInvestmentCRUD" name="test_get_investments" time="2.654" /><testcase classname="tests.test_sip_auto_update.TestInvestmentCRUD" name="test_create_and_delete_investment" time="4.324" /><testcase classname="tests.test_sip_auto_update.TestInvestmentCRUD" name="test_get_single_investment" time="2.375" /></testsuite></testsuites>