<?xml version="1.0" encoding="utf-8"?><testsuites name="pytest tests"><testsuite name="pytest" errors="0" failures="0" skipped="0" tests="15" time="79.896" timestamp="2026-03-20T11:20:54.598459+00:00" hostname="agent-env-22d53583-b46b-4737-8a90-41640cd44fa1"><testcase classname="tests.test_targeted_module_wizards_iter146.TestTargetedModuleWizards" name="test_profile_completion_endpoint" time="17.152" /><testcase classname="tests.test_targeted_module_wizards_iter146.TestTargetedModuleWizards" name="test_income_module_with_deep_fields" time="3.872" /><testcase classname="tests.test_targeted_module_wizards_iter146.TestTargetedModuleWizards" name="test_expenses_module_with_deep_fields" time="4.335" /><testcase classname="tests.test_targeted_module_wizards_iter146.TestTargetedModuleWizards" name="test_assets_module_with_deep_fields" time="4.572" /><testcase classname="tests.test_targeted_module_wizards_iter146.TestTargetedModuleWizards" name="test_liabilities_module_with_deep_fields" time="4.117" /><testcase classname="tests.test_targeted_module_wizards_iter146.TestTargetedModuleWizards" name="test_investments_module_with_deep_fields" time="4.046" /><testcase classname="tests.test_targeted_module_wizards_iter146.TestTargetedModuleWizards" name="test_skip_module_marks_completed" time="9.237" /><testcase classname="tests.test_targeted_module_wizards_iter146.TestTargetedModuleWizards" name="test_module_reentry_updates_data" time="9.357" /><testcase classname="tests.test_targeted_module_wizards_iter146.TestTargetedModuleWizards" name="test_expense_deep_fields_persisted_in_db" time="0.763" /><testcase classname="tests.test_targeted_module_wizards_iter146.TestTargetedModuleWizards" name="test_loan_deep_fields_persisted_in_db" time="0.792" /><testcase classname="tests.test_targeted_module_wizards_iter146.TestTargetedModuleWizards" name="test_asset_deep_fields_persisted_in_db" time="0.756" /><testcase classname="tests.test_targeted_module_wizards_iter146.TestTargetedModuleWizards" name="test_investment_deep_fields_persisted_in_db" time="0.768" /><testcase classname="tests.test_targeted_module_wizards_iter146.TestModuleWizardQueryParam" name="test_onboarding_progress_endpoint" time="4.856" /><testcase classname="tests.test_targeted_module_wizards_iter146.TestOnboardingComplete" name="test_complete_endpoint_updates_profile" time="10.006" /><testcase classname="tests.test_targeted_module_wizards_iter146.TestOnboardingComplete" name="test_dismiss_endpoint" time="5.182" /></testsuite></testsuites>