<?xml version="1.0" encoding="utf-8"?><testsuites name="pytest tests"><testsuite name="pytest" errors="0" failures="0" skipped="0" tests="9" time="28.882" timestamp="2026-02-28T18:49:37.629953+00:00" hostname="agent-env-f5d7aeab-15b4-47b9-8d64-6e8dce4c36b5"><testcase classname="tests.test_theme_persistence_seed.TestThemePersistence" name="test_get_preferences_default" time="10.057" /><testcase classname="tests.test_theme_persistence_seed.TestThemePersistence" name="test_save_theme_with_post" time="2.678" /><testcase classname="tests.test_theme_persistence_seed.TestThemePersistence" name="test_toggle_theme_to_light" time="2.664" /><testcase classname="tests.test_theme_persistence_seed.TestThemePersistence" name="test_put_method_not_allowed" time="1.242" /><testcase classname="tests.test_theme_persistence_seed.TestSeedDataForTestAccount" name="test_assets_endpoint_returns_data" time="1.896" /><testcase classname="tests.test_theme_persistence_seed.TestSeedDataForTestAccount" name="test_credit_cards_endpoint_returns_data" time="1.891" /><testcase classname="tests.test_theme_persistence_seed.TestSeedDataForTestAccount" name="test_insurance_endpoint_returns_data" time="1.895" /><testcase classname="tests.test_theme_persistence_seed.TestSeedDataForTestAccount" name="test_loans_endpoint_returns_data" time="1.900" /><testcase classname="tests.test_theme_persistence_seed.TestThemePersistenceFlow" name="test_theme_persists_after_logout_login" time="4.589" /></testsuite></testsuites>