<?xml version="1.0" encoding="utf-8"?><testsuites name="pytest tests"><testsuite name="pytest" errors="0" failures="4" skipped="0" tests="9" time="29.987" timestamp="2026-02-28T18:48:41.074172+00:00" hostname="agent-env-f5d7aeab-15b4-47b9-8d64-6e8dce4c36b5"><testcase classname="tests.test_theme_persistence_seed.TestThemePersistence" name="test_get_preferences_default" time="11.492" /><testcase classname="tests.test_theme_persistence_seed.TestThemePersistence" name="test_save_theme_with_post" time="2.735" /><testcase classname="tests.test_theme_persistence_seed.TestThemePersistence" name="test_toggle_theme_to_light" time="2.747" /><testcase classname="tests.test_theme_persistence_seed.TestThemePersistence" name="test_put_method_not_allowed" time="1.212" /><testcase classname="tests.test_theme_persistence_seed.TestSeedDataForTestAccount" name="test_assets_endpoint_returns_data" time="1.943"><failure message="AssertionError: Asset should have 'name' field&#10;assert 'name' in {'assetName': '2BHK Flat Pune', 'assetType': 'Residential Property', 'createdAt': '2026-02-27T08:28:42.903652Z', 'currentValue': 8200000.0, ...}">tests/test_theme_persistence_seed.py:145: in test_assets_endpoint_returns_data
    assert "name" in first_asset, "Asset should have 'name' field"
E   AssertionError: Asset should have 'name' field
E   assert 'name' in {'assetName': '2BHK Flat Pune', 'assetType': 'Residential Property', 'createdAt': '2026-02-27T08:28:42.903652Z', 'currentValue': 8200000.0, ...}</failure></testcase><testcase classname="tests.test_theme_persistence_seed.TestSeedDataForTestAccount" name="test_credit_cards_endpoint_returns_data" time="1.974"><failure message="AssertionError: Credit card should have 'name' field&#10;assert 'name' in {'bankName': 'HDFC Bank', 'billingDate': 15, 'cardName': 'HDFC Regalia', 'createdAt': '2026-02-27T08:28:51.528461Z', ...}">tests/test_theme_persistence_seed.py:163: in test_credit_cards_endpoint_returns_data
    assert "name" in first_cc, "Credit card should have 'name' field"
E   AssertionError: Credit card should have 'name' field
E   assert 'name' in {'bankName': 'HDFC Bank', 'billingDate': 15, 'cardName': 'HDFC Regalia', 'createdAt': '2026-02-27T08:28:51.528461Z', ...}</failure></testcase><testcase classname="tests.test_theme_persistence_seed.TestSeedDataForTestAccount" name="test_insurance_endpoint_returns_data" time="1.942"><failure message="AssertionError: Insurance should have 'name' field&#10;assert 'name' in {'autoCreateExpense': True, 'coverageAmount': 10000000.0, 'coveredPerson': 'Self', 'createdAt': '2026-02-27T08:27:43.902722Z', ...}">tests/test_theme_persistence_seed.py:180: in test_insurance_endpoint_returns_data
    assert "name" in first_ins, "Insurance should have 'name' field"
E   AssertionError: Insurance should have 'name' field
E   assert 'name' in {'autoCreateExpense': True, 'coverageAmount': 10000000.0, 'coveredPerson': 'Self', 'createdAt': '2026-02-27T08:27:43.902722Z', ...}</failure></testcase><testcase classname="tests.test_theme_persistence_seed.TestSeedDataForTestAccount" name="test_loans_endpoint_returns_data" time="1.176"><failure message="AssertionError: Get loans failed: {&quot;detail&quot;:&quot;Not Found&quot;}&#10;assert 404 == 200&#10; +  where 404 = &lt;Response [404]&gt;.status_code">tests/test_theme_persistence_seed.py:189: in test_loans_endpoint_returns_data
    assert response.status_code == 200, f"Get loans failed: {response.text}"
E   AssertionError: Get loans failed: {"detail":"Not Found"}
E   assert 404 == 200
E    +  where 404 = &lt;Response [404]&gt;.status_code</failure></testcase><testcase classname="tests.test_theme_persistence_seed.TestThemePersistenceFlow" name="test_theme_persists_after_logout_login" time="4.644" /></testsuite></testsuites>