<?xml version="1.0" encoding="utf-8"?><testsuites name="pytest tests"><testsuite name="pytest" errors="0" failures="0" skipped="0" tests="18" time="29.207" timestamp="2026-02-28T19:06:47.835218+00:00" hostname="agent-env-f5d7aeab-15b4-47b9-8d64-6e8dce4c36b5"><testcase classname="tests.test_timezone_spending_insights.TestTimezoneFixDashboard" name="test_networth_without_tz_offset" time="10.678" /><testcase classname="tests.test_timezone_spending_insights.TestTimezoneFixDashboard" name="test_networth_with_ist_tz_offset" time="2.247" /><testcase classname="tests.test_timezone_spending_insights.TestTimezoneFixDashboard" name="test_networth_with_utc_tz_offset" time="2.042" /><testcase classname="tests.test_timezone_spending_insights.TestTimezoneFixDashboard" name="test_networth_contains_cashflow_fields" time="0.909" /><testcase classname="tests.test_timezone_spending_insights.TestTimezoneFixMonthlySummary" name="test_monthly_summary_without_tz_offset" time="1.007" /><testcase classname="tests.test_timezone_spending_insights.TestTimezoneFixMonthlySummary" name="test_monthly_summary_with_ist_tz_offset" time="0.995" /><testcase classname="tests.test_timezone_spending_insights.TestTimezoneFixMonthlySummary" name="test_monthly_summary_with_utc_tz_offset" time="1.001" /><testcase classname="tests.test_timezone_spending_insights.TestSpendingInsightsEndpoint" name="test_spending_insights_endpoint_exists" time="1.010" /><testcase classname="tests.test_timezone_spending_insights.TestSpendingInsightsEndpoint" name="test_spending_insights_structure" time="1.006" /><testcase classname="tests.test_timezone_spending_insights.TestSpendingInsightsEndpoint" name="test_spending_insights_max_three" time="1.004" /><testcase classname="tests.test_timezone_spending_insights.TestSpendingInsightsEndpoint" name="test_spending_insights_without_auth" time="0.173" /><testcase classname="tests.test_timezone_spending_insights.TestSpendingInsightsRules" name="test_rule_b_subscription_concentration" time="0.998" /><testcase classname="tests.test_timezone_spending_insights.TestSpendingInsightsRules" name="test_rule_c_lifestyle_vs_wealth" time="1.006" /><testcase classname="tests.test_timezone_spending_insights.TestSpendingInsightsRules" name="test_rule_d_budget_breach" time="1.004" /><testcase classname="tests.test_timezone_spending_insights.TestSpendingInsightsRules" name="test_rule_e_drift_vs_average" time="1.003" /><testcase classname="tests.test_timezone_spending_insights.TestExpensesByMonthTimezone" name="test_expenses_by_month_with_tz_offset" time="1.016" /><testcase classname="tests.test_timezone_spending_insights.TestExpensesByMonthTimezone" name="test_expenses_by_specific_month_with_tz_offset" time="1.007" /><testcase classname="tests.test_timezone_spending_insights.TestBehaviorInsightsTimezone" name="test_behavior_insights_with_tz_offset" time="1.012" /></testsuite></testsuites>