<?xml version="1.0" encoding="utf-8"?><testsuites name="pytest tests"><testsuite name="pytest" errors="0" failures="0" skipped="0" tests="10" time="25.702" timestamp="2026-03-20T14:26:07.475890+00:00" hostname="agent-env-164f2523-d7a4-47f3-9444-fb9b7615d0d7"><testcase classname="backend.tests.test_weekly_calc_wizard_state_iter151.TestWeeklyIncomeCalculation" name="test_weekly_income_uses_calendar_weeks_not_433" time="3.402" /><testcase classname="backend.tests.test_weekly_calc_wizard_state_iter151.TestWeeklyIncomeCalculation" name="test_weekly_income_received_pending_calendar_based" time="3.370" /><testcase classname="backend.tests.test_weekly_calc_wizard_state_iter151.TestWeeklyIncomeCalculation" name="test_monthly_income_unaffected" time="3.448" /><testcase classname="backend.tests.test_weekly_calc_wizard_state_iter151.TestWeeklyIncomeCalculation" name="test_weekly_income_no_selected_day_uses_created_weekday" time="3.463" /><testcase classname="backend.tests.test_weekly_calc_wizard_state_iter151.TestWeeklyIncomeCalculation" name="test_monthly_summary_uses_calendar_weeks" time="3.403" /><testcase classname="backend.tests.test_weekly_calc_wizard_state_iter151.TestWeeklyIncomeCalculation" name="test_income_detail_uses_calendar_weeks" time="3.360" /><testcase classname="backend.tests.test_weekly_calc_wizard_state_iter151.TestWizardStateReset" name="test_profile_completion_endpoint_works" time="3.054" /><testcase classname="backend.tests.test_weekly_calc_wizard_state_iter151.TestWizardStateReset" name="test_save_step_creates_income_correctly" time="2.129" /><testcase classname="backend.tests.test_weekly_calc_wizard_state_iter151.TestNoMoreFourThirtyThreeMultiplier" name="test_no_433_in_income_py" time="0.000" /><testcase classname="backend.tests.test_weekly_calc_wizard_state_iter151.TestNoMoreFourThirtyThreeMultiplier" name="test_no_433_in_utils_py" time="0.000" /></testsuite></testsuites>