<?xml version="1.0" encoding="utf-8"?><testsuites name="pytest tests"><testsuite name="pytest" errors="0" failures="1" skipped="0" tests="13" time="3.806" timestamp="2026-02-15T13:06:55.993559+00:00" hostname="agent-env-b1a305ef-e177-43e6-bd73-c82a73f90f63"><testcase classname="backend.tests.test_workspace_api.TestWorkspaceAPI" name="test_login_with_test_credentials" time="0.327" /><testcase classname="backend.tests.test_workspace_api.TestWorkspaceAPI" name="test_get_workspaces_list" time="0.208" /><testcase classname="backend.tests.test_workspace_api.TestWorkspaceAPI" name="test_get_current_workspace" time="0.242" /><testcase classname="backend.tests.test_workspace_api.TestWorkspaceAPI" name="test_get_workspace_by_id" time="0.686" /><testcase classname="backend.tests.test_workspace_api.TestWorkspaceAPI" name="test_get_workspace_members" time="0.329" /><testcase classname="backend.tests.test_workspace_api.TestWorkspaceAPI" name="test_workspace_invite_code_exists" time="0.223" /><testcase classname="backend.tests.test_workspace_api.TestWorkspaceAPI" name="test_create_workspace" time="0.231"><failure message="assert 520 == 200&#10; +  where 520 = &lt;Response [520]&gt;.status_code">backend/tests/test_workspace_api.py:167: in test_create_workspace
    assert response.status_code == 200
E   assert 520 == 200
E    +  where 520 = &lt;Response [520]&gt;.status_code</failure></testcase><testcase classname="backend.tests.test_workspace_api.TestWorkspaceAPI" name="test_get_pending_invitations" time="0.194" /><testcase classname="backend.tests.test_workspace_api.TestWorkspaceAPI" name="test_unauthenticated_access_denied" time="0.313" /><testcase classname="backend.tests.test_workspace_api.TestWorkspaceAPI" name="test_auth_me_endpoint" time="0.208" /><testcase classname="backend.tests.test_workspace_api.TestWorkspaceAPI" name="test_auth_me_without_token" time="0.224" /><testcase classname="backend.tests.test_workspace_api.TestGoalDetailPage" name="test_get_goal_by_id" time="0.246" /><testcase classname="backend.tests.test_workspace_api.TestGoalDetailPage" name="test_get_all_goals" time="0.219" /></testsuite></testsuites>