<?xml version="1.0" encoding="utf-8"?><testsuites name="pytest tests"><testsuite name="pytest" errors="0" failures="0" skipped="0" tests="13" time="3.397" timestamp="2026-02-15T13:07:48.981060+00:00" hostname="agent-env-b1a305ef-e177-43e6-bd73-c82a73f90f63"><testcase classname="backend.tests.test_workspace_api.TestWorkspaceAPI" name="test_login_with_test_credentials" time="0.239" /><testcase classname="backend.tests.test_workspace_api.TestWorkspaceAPI" name="test_get_workspaces_list" time="0.224" /><testcase classname="backend.tests.test_workspace_api.TestWorkspaceAPI" name="test_get_current_workspace" time="0.217" /><testcase classname="backend.tests.test_workspace_api.TestWorkspaceAPI" name="test_get_workspace_by_id" time="0.345" /><testcase classname="backend.tests.test_workspace_api.TestWorkspaceAPI" name="test_get_workspace_members" time="0.313" /><testcase classname="backend.tests.test_workspace_api.TestWorkspaceAPI" name="test_workspace_invite_code_exists" time="0.210" /><testcase classname="backend.tests.test_workspace_api.TestWorkspaceAPI" name="test_create_workspace" time="0.499" /><testcase classname="backend.tests.test_workspace_api.TestWorkspaceAPI" name="test_get_pending_invitations" time="0.203" /><testcase classname="backend.tests.test_workspace_api.TestWorkspaceAPI" name="test_unauthenticated_access_denied" time="0.281" /><testcase classname="backend.tests.test_workspace_api.TestWorkspaceAPI" name="test_auth_me_endpoint" time="0.202" /><testcase classname="backend.tests.test_workspace_api.TestWorkspaceAPI" name="test_auth_me_without_token" time="0.198" /><testcase classname="backend.tests.test_workspace_api.TestGoalDetailPage" name="test_get_goal_by_id" time="0.194" /><testcase classname="backend.tests.test_workspace_api.TestGoalDetailPage" name="test_get_all_goals" time="0.212" /></testsuite></testsuites>